#
# There is insufficient memory for the Java Runtime Environment to continue.
# Native memory allocation (malloc) failed to allocate 1049296 bytes. Error detail: Chunk::new
# Possible reasons:
#   The system is out of physical RAM or swap space
#   This process is running with CompressedOops enabled, and the Java Heap may be blocking the growth of the native heap
# Possible solutions:
#   Reduce memory load on the system
#   Increase physical memory or swap space
#   Check if swap backing store is full
#   Decrease Java heap size (-Xmx/-Xms)
#   Decrease number of Java threads
#   Decrease Java thread stack sizes (-Xss)
#   Set larger code cache with -XX:ReservedCodeCacheSize=
#   JVM is running with Unscaled Compressed Oops mode in which the Java heap is
#     placed in the first 4GB address space. The Java Heap base address is the
#     maximum limit for the native heap growth. Please use -XX:HeapBaseMinAddress
#     to set the Java Heap base and to place the Java Heap above 4GB virtual address.
# This output file may be truncated or incomplete.
#
#  Out of Memory Error (arena.cpp:150), pid=11828, tid=6240
#
# JRE version: Java(TM) SE Runtime Environment (22.0.1+8) (build 22.0.1+8-16)
# Java VM: Java HotSpot(TM) 64-Bit Server VM (22.0.1+8-16, mixed mode, sharing, tiered, compressed oops, compressed class ptrs, g1 gc, windows-amd64)
# No core dump will be written. Minidumps are not enabled by default on client versions of Windows
#

---------------  S U M M A R Y ------------

Command Line: -Dclassworlds.conf=C:\Program Files\NetBeans-20\netbeans\java\maven\bin\m2.conf -Dmaven.home=C:\Program Files\NetBeans-20\netbeans\java\maven -Dlibrary.jansi.path=C:\Program Files\NetBeans-20\netbeans\java\maven\lib\jansi-native -Dmaven.multiModuleProjectDirectory=F:\NetBeans\Spring Boot\Financial Analytics Application org.codehaus.plexus.classworlds.launcher.Launcher -Dexec.vmArgs= -Dexec.args=${exec.vmArgs} -classpath %classpath ${exec.mainClass} ${exec.appArgs} -Dexec.executable=C:\Program Files\Java\jdk-22\bin\java.exe -Dexec.mainClass=com.example.finanalyzr.FinanalyzrApplication -Dexec.classpathScope=runtime -Dexec.appArgs= -Dmaven.ext.class.path=C:\Program Files\NetBeans-20\netbeans\java\maven-nblib\netbeans-eventspy.jar --no-transfer-progress process-classes org.codehaus.mojo:exec-maven-plugin:3.1.0:exec

Host: Intel(R) Core(TM) i7-6500U CPU @ 2.50GHz, 4 cores, 7G,  Windows 10 , 64 bit Build 19041 (10.0.19041.3636)
Time: Thu Jul  4 19:15:11 2024 Egypt Daylight Time elapsed time: 3.026946 seconds (0d 0h 0m 3s)

---------------  T H R E A D  ---------------

Current thread (0x0000017345e11470):  JavaThread "C2 CompilerThread1" daemon [_thread_in_native, id=6240, stack(0x000000669fb00000,0x000000669fc00000) (1024K)]


Current CompileTask:
C2:3027 2766   !   4       java.net.URL::<init> (543 bytes)

Stack: [0x000000669fb00000,0x000000669fc00000]
Native frames: (J=compiled Java code, j=interpreted, Vv=VM code, C=native code)
V  [jvm.dll+0x6e2279]  (no source info available)
V  [jvm.dll+0x874e33]  (no source info available)
V  [jvm.dll+0x87725e]  (no source info available)
V  [jvm.dll+0x877933]  (no source info available)
V  [jvm.dll+0x27fd76]  (no source info available)
V  [jvm.dll+0xc3d0f]  (no source info available)
V  [jvm.dll+0xc3f6b]  (no source info available)
V  [jvm.dll+0x3bb0d2]  (no source info available)
V  [jvm.dll+0x387b6b]  (no source info available)
V  [jvm.dll+0x386fda]  (no source info available)
V  [jvm.dll+0x247918]  (no source info available)
V  [jvm.dll+0x246fbf]  (no source info available)
V  [jvm.dll+0x1c4e90]  (no source info available)
V  [jvm.dll+0x2569fe]  (no source info available)
V  [jvm.dll+0x254cba]  (no source info available)
V  [jvm.dll+0x3f5336]  (no source info available)
V  [jvm.dll+0x81d44b]  (no source info available)
V  [jvm.dll+0x6e0915]  (no source info available)
C  [ucrtbase.dll+0x21bb2]  (no source info available)
C  [KERNEL32.DLL+0x17344]  (no source info available)
C  [ntdll.dll+0x526b1]  (no source info available)


---------------  P R O C E S S  ---------------

Threads class SMR info:
_java_thread_list=0x0000017345598ed0, length=12, elements={
0x00000173550cb9b0, 0x000001737311f950, 0x0000017373124e90, 0x000001737312afa0,
0x000001737312ba00, 0x000001737312c7c0, 0x0000017373130260, 0x0000017373151210,
0x0000017373163b70, 0x0000017345227660, 0x0000017345226fd0, 0x0000017345e11470
}

Java Threads: ( => current thread )
  0x00000173550cb9b0 JavaThread "main"                              [_thread_in_vm, id=16292, stack(0x000000669e900000,0x000000669ea00000) (1024K)]
  0x000001737311f950 JavaThread "Reference Handler"          daemon [_thread_blocked, id=12216, stack(0x000000669f100000,0x000000669f200000) (1024K)]
  0x0000017373124e90 JavaThread "Finalizer"                  daemon [_thread_blocked, id=13632, stack(0x000000669f200000,0x000000669f300000) (1024K)]
  0x000001737312afa0 JavaThread "Signal Dispatcher"          daemon [_thread_blocked, id=1344, stack(0x000000669f300000,0x000000669f400000) (1024K)]
  0x000001737312ba00 JavaThread "Attach Listener"            daemon [_thread_blocked, id=11936, stack(0x000000669f400000,0x000000669f500000) (1024K)]
  0x000001737312c7c0 JavaThread "Service Thread"             daemon [_thread_blocked, id=13984, stack(0x000000669f500000,0x000000669f600000) (1024K)]
  0x0000017373130260 JavaThread "Monitor Deflation Thread"   daemon [_thread_blocked, id=12784, stack(0x000000669f600000,0x000000669f700000) (1024K)]
  0x0000017373151210 JavaThread "C2 CompilerThread0"         daemon [_thread_in_native, id=11236, stack(0x000000669f700000,0x000000669f800000) (1024K)]
  0x0000017373163b70 JavaThread "C1 CompilerThread0"         daemon [_thread_blocked, id=11484, stack(0x000000669f800000,0x000000669f900000) (1024K)]
  0x0000017345227660 JavaThread "Notification Thread"        daemon [_thread_blocked, id=384, stack(0x000000669f900000,0x000000669fa00000) (1024K)]
  0x0000017345226fd0 JavaThread "Common-Cleaner"             daemon [_thread_blocked, id=5696, stack(0x000000669fa00000,0x000000669fb00000) (1024K)]
=>0x0000017345e11470 JavaThread "C2 CompilerThread1"         daemon [_thread_in_native, id=6240, stack(0x000000669fb00000,0x000000669fc00000) (1024K)]
Total: 12

Other Threads:
  0x00000173731054f0 VMThread "VM Thread"                           [id=12588, stack(0x000000669f000000,0x000000669f100000) (1024K)]
  0x00000173730ee1e0 WatcherThread "VM Periodic Task Thread"        [id=15348, stack(0x000000669ef00000,0x000000669f000000) (1024K)]
  0x00000173571c35c0 WorkerThread "GC Thread#0"                     [id=14244, stack(0x000000669ea00000,0x000000669eb00000) (1024K)]
  0x0000017345daa950 WorkerThread "GC Thread#1"                     [id=15996, stack(0x000000669fc00000,0x000000669fd00000) (1024K)]
  0x0000017345daad00 WorkerThread "GC Thread#2"                     [id=11508, stack(0x000000669fd00000,0x000000669fe00000) (1024K)]
  0x00000173456a7dd0 WorkerThread "GC Thread#3"                     [id=7948, stack(0x000000669fe00000,0x000000669ff00000) (1024K)]
  0x00000173571d4370 ConcurrentGCThread "G1 Main Marker"            [id=1608, stack(0x000000669eb00000,0x000000669ec00000) (1024K)]
  0x00000173571d5530 WorkerThread "G1 Conc#0"                       [id=4732, stack(0x000000669ec00000,0x000000669ed00000) (1024K)]
  0x0000017372fb24c0 ConcurrentGCThread "G1 Refine#0"               [id=14860, stack(0x000000669ed00000,0x000000669ee00000) (1024K)]
  0x000001735723e320 ConcurrentGCThread "G1 Service"                [id=10184, stack(0x000000669ee00000,0x000000669ef00000) (1024K)]
Total: 10

Threads with active compile tasks:
C2 CompilerThread0  3153 2823       4       org.codehaus.plexus.util.xml.pull.MXParser::parseEndTag (429 bytes)
C2 CompilerThread1  3153 2766   !   4       java.net.URL::<init> (543 bytes)
Total: 2

VM state: not at safepoint (normal execution)

VM Mutex/Monitor currently owned by a thread: None

Heap address: 0x0000000081800000, size: 2024 MB, Compressed Oops mode: 32-bit

CDS archive(s) mapped at: [0x0000017300000000-0x0000017300c60000-0x0000017300c60000), size 12976128, SharedBaseAddress: 0x0000017300000000, ArchiveRelocationMode: 1.
Compressed class space mapped at: 0x0000017301000000-0x0000017341000000, reserved size: 1073741824
Narrow klass base: 0x0000017300000000, Narrow klass shift: 0, Narrow klass range: 0x41000000

GC Precious Log:
 CardTable entry size: 512
 Card Set container configuration: InlinePtr #cards 5 size 8 Array Of Cards #cards 12 size 40 Howl #buckets 4 coarsen threshold 1843 Howl Bitmap #cards 512 size 80 coarsen threshold 460 Card regions per heap region 1 cards per card region 2048
 CPUs: 4 total, 4 available
 Memory: 8088M
 Large Page Support: Disabled
 NUMA Support: Disabled
 Compressed Oops: Enabled (32-bit)
 Heap Region Size: 1M
 Heap Min Capacity: 8M
 Heap Initial Capacity: 128M
 Heap Max Capacity: 2024M
 Pre-touch: Disabled
 Parallel Workers: 4
 Concurrent Workers: 1
 Concurrent Refinement Workers: 4
 Periodic GC: Disabled

Heap:
 garbage-first heap   total reserved 2072576K, committed 131072K, used 48634K [0x0000000081800000, 0x0000000100000000)
  region size 1024K, 45 young (46080K), 1 survivors (1024K)
 Metaspace       used 14623K, committed 14848K, reserved 1114112K
  class space    used 1775K, committed 1856K, reserved 1048576K

Heap Regions: E=young(eden), S=young(survivor), O=old, HS=humongous(starts), HC=humongous(continues), CS=collection set, F=free, TAMS=top-at-mark-start, PB=parsable bottom
|   0|0x0000000081800000, 0x0000000081900000, 0x0000000081900000|100%| O|  |TAMS 0x0000000081800000| PB 0x0000000081800000| Untracked |  0
|   1|0x0000000081900000, 0x0000000081a00000, 0x0000000081a00000|100%| O|  |TAMS 0x0000000081900000| PB 0x0000000081900000| Untracked |  0
|   2|0x0000000081a00000, 0x0000000081b00000, 0x0000000081b00000|100%| O|  |TAMS 0x0000000081a00000| PB 0x0000000081a00000| Untracked |  0
|   3|0x0000000081b00000, 0x0000000081b7ea50, 0x0000000081c00000| 49%| O|  |TAMS 0x0000000081b00000| PB 0x0000000081b00000| Untracked |  0
|   4|0x0000000081c00000, 0x0000000081c00000, 0x0000000081d00000|  0%| F|  |TAMS 0x0000000081c00000| PB 0x0000000081c00000| Untracked |  0
|   5|0x0000000081d00000, 0x0000000081d00000, 0x0000000081e00000|  0%| F|  |TAMS 0x0000000081d00000| PB 0x0000000081d00000| Untracked |  0
|   6|0x0000000081e00000, 0x0000000081e00000, 0x0000000081f00000|  0%| F|  |TAMS 0x0000000081e00000| PB 0x0000000081e00000| Untracked |  0
|   7|0x0000000081f00000, 0x0000000081f00000, 0x0000000082000000|  0%| F|  |TAMS 0x0000000081f00000| PB 0x0000000081f00000| Untracked |  0
|   8|0x0000000082000000, 0x0000000082000000, 0x0000000082100000|  0%| F|  |TAMS 0x0000000082000000| PB 0x0000000082000000| Untracked |  0
|   9|0x0000000082100000, 0x0000000082100000, 0x0000000082200000|  0%| F|  |TAMS 0x0000000082100000| PB 0x0000000082100000| Untracked |  0
|  10|0x0000000082200000, 0x0000000082200000, 0x0000000082300000|  0%| F|  |TAMS 0x0000000082200000| PB 0x0000000082200000| Untracked |  0
|  11|0x0000000082300000, 0x0000000082300000, 0x0000000082400000|  0%| F|  |TAMS 0x0000000082300000| PB 0x0000000082300000| Untracked |  0
|  12|0x0000000082400000, 0x0000000082400000, 0x0000000082500000|  0%| F|  |TAMS 0x0000000082400000| PB 0x0000000082400000| Untracked |  0
|  13|0x0000000082500000, 0x0000000082500000, 0x0000000082600000|  0%| F|  |TAMS 0x0000000082500000| PB 0x0000000082500000| Untracked |  0
|  14|0x0000000082600000, 0x0000000082600000, 0x0000000082700000|  0%| F|  |TAMS 0x0000000082600000| PB 0x0000000082600000| Untracked |  0
|  15|0x0000000082700000, 0x0000000082700000, 0x0000000082800000|  0%| F|  |TAMS 0x0000000082700000| PB 0x0000000082700000| Untracked |  0
|  16|0x0000000082800000, 0x0000000082800000, 0x0000000082900000|  0%| F|  |TAMS 0x0000000082800000| PB 0x0000000082800000| Untracked |  0
|  17|0x0000000082900000, 0x0000000082900000, 0x0000000082a00000|  0%| F|  |TAMS 0x0000000082900000| PB 0x0000000082900000| Untracked |  0
|  18|0x0000000082a00000, 0x0000000082a00000, 0x0000000082b00000|  0%| F|  |TAMS 0x0000000082a00000| PB 0x0000000082a00000| Untracked |  0
|  19|0x0000000082b00000, 0x0000000082b00000, 0x0000000082c00000|  0%| F|  |TAMS 0x0000000082b00000| PB 0x0000000082b00000| Untracked |  0
|  20|0x0000000082c00000, 0x0000000082c00000, 0x0000000082d00000|  0%| F|  |TAMS 0x0000000082c00000| PB 0x0000000082c00000| Untracked |  0
|  21|0x0000000082d00000, 0x0000000082d00000, 0x0000000082e00000|  0%| F|  |TAMS 0x0000000082d00000| PB 0x0000000082d00000| Untracked |  0
|  22|0x0000000082e00000, 0x0000000082e00000, 0x0000000082f00000|  0%| F|  |TAMS 0x0000000082e00000| PB 0x0000000082e00000| Untracked |  0
|  23|0x0000000082f00000, 0x0000000082f00000, 0x0000000083000000|  0%| F|  |TAMS 0x0000000082f00000| PB 0x0000000082f00000| Untracked |  0
|  24|0x0000000083000000, 0x0000000083000000, 0x0000000083100000|  0%| F|  |TAMS 0x0000000083000000| PB 0x0000000083000000| Untracked |  0
|  25|0x0000000083100000, 0x0000000083100000, 0x0000000083200000|  0%| F|  |TAMS 0x0000000083100000| PB 0x0000000083100000| Untracked |  0
|  26|0x0000000083200000, 0x0000000083200000, 0x0000000083300000|  0%| F|  |TAMS 0x0000000083200000| PB 0x0000000083200000| Untracked |  0
|  27|0x0000000083300000, 0x0000000083300000, 0x0000000083400000|  0%| F|  |TAMS 0x0000000083300000| PB 0x0000000083300000| Untracked |  0
|  28|0x0000000083400000, 0x0000000083400000, 0x0000000083500000|  0%| F|  |TAMS 0x0000000083400000| PB 0x0000000083400000| Untracked |  0
|  29|0x0000000083500000, 0x0000000083500000, 0x0000000083600000|  0%| F|  |TAMS 0x0000000083500000| PB 0x0000000083500000| Untracked |  0
|  30|0x0000000083600000, 0x0000000083600000, 0x0000000083700000|  0%| F|  |TAMS 0x0000000083600000| PB 0x0000000083600000| Untracked |  0
|  31|0x0000000083700000, 0x0000000083700000, 0x0000000083800000|  0%| F|  |TAMS 0x0000000083700000| PB 0x0000000083700000| Untracked |  0
|  32|0x0000000083800000, 0x0000000083800000, 0x0000000083900000|  0%| F|  |TAMS 0x0000000083800000| PB 0x0000000083800000| Untracked |  0
|  33|0x0000000083900000, 0x0000000083900000, 0x0000000083a00000|  0%| F|  |TAMS 0x0000000083900000| PB 0x0000000083900000| Untracked |  0
|  34|0x0000000083a00000, 0x0000000083a00000, 0x0000000083b00000|  0%| F|  |TAMS 0x0000000083a00000| PB 0x0000000083a00000| Untracked |  0
|  35|0x0000000083b00000, 0x0000000083b00000, 0x0000000083c00000|  0%| F|  |TAMS 0x0000000083b00000| PB 0x0000000083b00000| Untracked |  0
|  36|0x0000000083c00000, 0x0000000083c00000, 0x0000000083d00000|  0%| F|  |TAMS 0x0000000083c00000| PB 0x0000000083c00000| Untracked |  0
|  37|0x0000000083d00000, 0x0000000083d00000, 0x0000000083e00000|  0%| F|  |TAMS 0x0000000083d00000| PB 0x0000000083d00000| Untracked |  0
|  38|0x0000000083e00000, 0x0000000083e00000, 0x0000000083f00000|  0%| F|  |TAMS 0x0000000083e00000| PB 0x0000000083e00000| Untracked |  0
|  39|0x0000000083f00000, 0x0000000083f00000, 0x0000000084000000|  0%| F|  |TAMS 0x0000000083f00000| PB 0x0000000083f00000| Untracked |  0
|  40|0x0000000084000000, 0x0000000084000000, 0x0000000084100000|  0%| F|  |TAMS 0x0000000084000000| PB 0x0000000084000000| Untracked |  0
|  41|0x0000000084100000, 0x0000000084100000, 0x0000000084200000|  0%| F|  |TAMS 0x0000000084100000| PB 0x0000000084100000| Untracked |  0
|  42|0x0000000084200000, 0x0000000084200000, 0x0000000084300000|  0%| F|  |TAMS 0x0000000084200000| PB 0x0000000084200000| Untracked |  0
|  43|0x0000000084300000, 0x0000000084300000, 0x0000000084400000|  0%| F|  |TAMS 0x0000000084300000| PB 0x0000000084300000| Untracked |  0
|  44|0x0000000084400000, 0x0000000084400000, 0x0000000084500000|  0%| F|  |TAMS 0x0000000084400000| PB 0x0000000084400000| Untracked |  0
|  45|0x0000000084500000, 0x0000000084500000, 0x0000000084600000|  0%| F|  |TAMS 0x0000000084500000| PB 0x0000000084500000| Untracked |  0
|  46|0x0000000084600000, 0x0000000084600000, 0x0000000084700000|  0%| F|  |TAMS 0x0000000084600000| PB 0x0000000084600000| Untracked |  0
|  47|0x0000000084700000, 0x0000000084700000, 0x0000000084800000|  0%| F|  |TAMS 0x0000000084700000| PB 0x0000000084700000| Untracked |  0
|  48|0x0000000084800000, 0x0000000084800000, 0x0000000084900000|  0%| F|  |TAMS 0x0000000084800000| PB 0x0000000084800000| Untracked |  0
|  49|0x0000000084900000, 0x0000000084900000, 0x0000000084a00000|  0%| F|  |TAMS 0x0000000084900000| PB 0x0000000084900000| Untracked |  0
|  50|0x0000000084a00000, 0x0000000084a00000, 0x0000000084b00000|  0%| F|  |TAMS 0x0000000084a00000| PB 0x0000000084a00000| Untracked |  0
|  51|0x0000000084b00000, 0x0000000084b00000, 0x0000000084c00000|  0%| F|  |TAMS 0x0000000084b00000| PB 0x0000000084b00000| Untracked |  0
|  52|0x0000000084c00000, 0x0000000084c00000, 0x0000000084d00000|  0%| F|  |TAMS 0x0000000084c00000| PB 0x0000000084c00000| Untracked |  0
|  53|0x0000000084d00000, 0x0000000084d00000, 0x0000000084e00000|  0%| F|  |TAMS 0x0000000084d00000| PB 0x0000000084d00000| Untracked |  0
|  54|0x0000000084e00000, 0x0000000084e00000, 0x0000000084f00000|  0%| F|  |TAMS 0x0000000084e00000| PB 0x0000000084e00000| Untracked |  0
|  55|0x0000000084f00000, 0x0000000084f00000, 0x0000000085000000|  0%| F|  |TAMS 0x0000000084f00000| PB 0x0000000084f00000| Untracked |  0
|  56|0x0000000085000000, 0x0000000085000000, 0x0000000085100000|  0%| F|  |TAMS 0x0000000085000000| PB 0x0000000085000000| Untracked |  0
|  57|0x0000000085100000, 0x0000000085100000, 0x0000000085200000|  0%| F|  |TAMS 0x0000000085100000| PB 0x0000000085100000| Untracked |  0
|  58|0x0000000085200000, 0x0000000085200000, 0x0000000085300000|  0%| F|  |TAMS 0x0000000085200000| PB 0x0000000085200000| Untracked |  0
|  59|0x0000000085300000, 0x0000000085300000, 0x0000000085400000|  0%| F|  |TAMS 0x0000000085300000| PB 0x0000000085300000| Untracked |  0
|  60|0x0000000085400000, 0x0000000085400000, 0x0000000085500000|  0%| F|  |TAMS 0x0000000085400000| PB 0x0000000085400000| Untracked |  0
|  61|0x0000000085500000, 0x0000000085500000, 0x0000000085600000|  0%| F|  |TAMS 0x0000000085500000| PB 0x0000000085500000| Untracked |  0
|  62|0x0000000085600000, 0x0000000085600000, 0x0000000085700000|  0%| F|  |TAMS 0x0000000085600000| PB 0x0000000085600000| Untracked |  0
|  63|0x0000000085700000, 0x0000000085700000, 0x0000000085800000|  0%| F|  |TAMS 0x0000000085700000| PB 0x0000000085700000| Untracked |  0
|  64|0x0000000085800000, 0x0000000085800000, 0x0000000085900000|  0%| F|  |TAMS 0x0000000085800000| PB 0x0000000085800000| Untracked |  0
|  65|0x0000000085900000, 0x0000000085900000, 0x0000000085a00000|  0%| F|  |TAMS 0x0000000085900000| PB 0x0000000085900000| Untracked |  0
|  66|0x0000000085a00000, 0x0000000085a00000, 0x0000000085b00000|  0%| F|  |TAMS 0x0000000085a00000| PB 0x0000000085a00000| Untracked |  0
|  67|0x0000000085b00000, 0x0000000085b00000, 0x0000000085c00000|  0%| F|  |TAMS 0x0000000085b00000| PB 0x0000000085b00000| Untracked |  0
|  68|0x0000000085c00000, 0x0000000085c00000, 0x0000000085d00000|  0%| F|  |TAMS 0x0000000085c00000| PB 0x0000000085c00000| Untracked |  0
|  69|0x0000000085d00000, 0x0000000085d00000, 0x0000000085e00000|  0%| F|  |TAMS 0x0000000085d00000| PB 0x0000000085d00000| Untracked |  0
|  70|0x0000000085e00000, 0x0000000085e00000, 0x0000000085f00000|  0%| F|  |TAMS 0x0000000085e00000| PB 0x0000000085e00000| Untracked |  0
|  71|0x0000000085f00000, 0x0000000085f00000, 0x0000000086000000|  0%| F|  |TAMS 0x0000000085f00000| PB 0x0000000085f00000| Untracked |  0
|  72|0x0000000086000000, 0x0000000086000000, 0x0000000086100000|  0%| F|  |TAMS 0x0000000086000000| PB 0x0000000086000000| Untracked |  0
|  73|0x0000000086100000, 0x0000000086100000, 0x0000000086200000|  0%| F|  |TAMS 0x0000000086100000| PB 0x0000000086100000| Untracked |  0
|  74|0x0000000086200000, 0x0000000086200000, 0x0000000086300000|  0%| F|  |TAMS 0x0000000086200000| PB 0x0000000086200000| Untracked |  0
|  75|0x0000000086300000, 0x0000000086300000, 0x0000000086400000|  0%| F|  |TAMS 0x0000000086300000| PB 0x0000000086300000| Untracked |  0
|  76|0x0000000086400000, 0x0000000086400000, 0x0000000086500000|  0%| F|  |TAMS 0x0000000086400000| PB 0x0000000086400000| Untracked |  0
|  77|0x0000000086500000, 0x0000000086500000, 0x0000000086600000|  0%| F|  |TAMS 0x0000000086500000| PB 0x0000000086500000| Untracked |  0
|  78|0x0000000086600000, 0x0000000086600000, 0x0000000086700000|  0%| F|  |TAMS 0x0000000086600000| PB 0x0000000086600000| Untracked |  0
|  79|0x0000000086700000, 0x0000000086700000, 0x0000000086800000|  0%| F|  |TAMS 0x0000000086700000| PB 0x0000000086700000| Untracked |  0
|  80|0x0000000086800000, 0x0000000086800000, 0x0000000086900000|  0%| F|  |TAMS 0x0000000086800000| PB 0x0000000086800000| Untracked |  0
|  81|0x0000000086900000, 0x0000000086900000, 0x0000000086a00000|  0%| F|  |TAMS 0x0000000086900000| PB 0x0000000086900000| Untracked |  0
|  82|0x0000000086a00000, 0x0000000086a00000, 0x0000000086b00000|  0%| F|  |TAMS 0x0000000086a00000| PB 0x0000000086a00000| Untracked |  0
|  83|0x0000000086b00000, 0x0000000086b5e4e8, 0x0000000086c00000| 36%| E|  |TAMS 0x0000000086b00000| PB 0x0000000086b00000| Complete |  0
|  84|0x0000000086c00000, 0x0000000086d00000, 0x0000000086d00000|100%| E|CS|TAMS 0x0000000086c00000| PB 0x0000000086c00000| Complete |  0
|  85|0x0000000086d00000, 0x0000000086e00000, 0x0000000086e00000|100%| E|CS|TAMS 0x0000000086d00000| PB 0x0000000086d00000| Complete |  0
|  86|0x0000000086e00000, 0x0000000086f00000, 0x0000000086f00000|100%| E|CS|TAMS 0x0000000086e00000| PB 0x0000000086e00000| Complete |  0
|  87|0x0000000086f00000, 0x0000000087000000, 0x0000000087000000|100%| E|CS|TAMS 0x0000000086f00000| PB 0x0000000086f00000| Complete |  0
|  88|0x0000000087000000, 0x0000000087100000, 0x0000000087100000|100%| E|CS|TAMS 0x0000000087000000| PB 0x0000000087000000| Complete |  0
|  89|0x0000000087100000, 0x0000000087200000, 0x0000000087200000|100%| E|CS|TAMS 0x0000000087100000| PB 0x0000000087100000| Complete |  0
|  90|0x0000000087200000, 0x0000000087300000, 0x0000000087300000|100%| E|CS|TAMS 0x0000000087200000| PB 0x0000000087200000| Complete |  0
|  91|0x0000000087300000, 0x0000000087400000, 0x0000000087400000|100%| E|CS|TAMS 0x0000000087300000| PB 0x0000000087300000| Complete |  0
|  92|0x0000000087400000, 0x0000000087500000, 0x0000000087500000|100%| E|CS|TAMS 0x0000000087400000| PB 0x0000000087400000| Complete |  0
|  93|0x0000000087500000, 0x0000000087600000, 0x0000000087600000|100%| E|CS|TAMS 0x0000000087500000| PB 0x0000000087500000| Complete |  0
|  94|0x0000000087600000, 0x0000000087700000, 0x0000000087700000|100%| E|CS|TAMS 0x0000000087600000| PB 0x0000000087600000| Complete |  0
|  95|0x0000000087700000, 0x0000000087800000, 0x0000000087800000|100%| E|CS|TAMS 0x0000000087700000| PB 0x0000000087700000| Complete |  0
|  96|0x0000000087800000, 0x0000000087900000, 0x0000000087900000|100%| E|CS|TAMS 0x0000000087800000| PB 0x0000000087800000| Complete |  0
|  97|0x0000000087900000, 0x0000000087a00000, 0x0000000087a00000|100%| E|CS|TAMS 0x0000000087900000| PB 0x0000000087900000| Complete |  0
|  98|0x0000000087a00000, 0x0000000087b00000, 0x0000000087b00000|100%| E|CS|TAMS 0x0000000087a00000| PB 0x0000000087a00000| Complete |  0
|  99|0x0000000087b00000, 0x0000000087c00000, 0x0000000087c00000|100%| E|CS|TAMS 0x0000000087b00000| PB 0x0000000087b00000| Complete |  0
| 100|0x0000000087c00000, 0x0000000087d00000, 0x0000000087d00000|100%| E|CS|TAMS 0x0000000087c00000| PB 0x0000000087c00000| Complete |  0
| 101|0x0000000087d00000, 0x0000000087e00000, 0x0000000087e00000|100%| E|CS|TAMS 0x0000000087d00000| PB 0x0000000087d00000| Complete |  0
| 102|0x0000000087e00000, 0x0000000087f00000, 0x0000000087f00000|100%| E|CS|TAMS 0x0000000087e00000| PB 0x0000000087e00000| Complete |  0
| 103|0x0000000087f00000, 0x0000000088000000, 0x0000000088000000|100%| E|CS|TAMS 0x0000000087f00000| PB 0x0000000087f00000| Complete |  0
| 104|0x0000000088000000, 0x0000000088100000, 0x0000000088100000|100%| E|CS|TAMS 0x0000000088000000| PB 0x0000000088000000| Complete |  0
| 105|0x0000000088100000, 0x0000000088200000, 0x0000000088200000|100%| E|CS|TAMS 0x0000000088100000| PB 0x0000000088100000| Complete |  0
| 106|0x0000000088200000, 0x0000000088300000, 0x0000000088300000|100%| E|CS|TAMS 0x0000000088200000| PB 0x0000000088200000| Complete |  0
| 107|0x0000000088300000, 0x0000000088400000, 0x0000000088400000|100%| S|CS|TAMS 0x0000000088300000| PB 0x0000000088300000| Complete |  0
| 108|0x0000000088400000, 0x0000000088500000, 0x0000000088500000|100%| E|CS|TAMS 0x0000000088400000| PB 0x0000000088400000| Complete |  0
| 109|0x0000000088500000, 0x0000000088600000, 0x0000000088600000|100%| E|CS|TAMS 0x0000000088500000| PB 0x0000000088500000| Complete |  0
| 110|0x0000000088600000, 0x0000000088700000, 0x0000000088700000|100%| E|CS|TAMS 0x0000000088600000| PB 0x0000000088600000| Complete |  0
| 111|0x0000000088700000, 0x0000000088800000, 0x0000000088800000|100%| E|CS|TAMS 0x0000000088700000| PB 0x0000000088700000| Complete |  0
| 112|0x0000000088800000, 0x0000000088900000, 0x0000000088900000|100%| E|CS|TAMS 0x0000000088800000| PB 0x0000000088800000| Complete |  0
| 113|0x0000000088900000, 0x0000000088a00000, 0x0000000088a00000|100%| E|CS|TAMS 0x0000000088900000| PB 0x0000000088900000| Complete |  0
| 114|0x0000000088a00000, 0x0000000088b00000, 0x0000000088b00000|100%| E|CS|TAMS 0x0000000088a00000| PB 0x0000000088a00000| Complete |  0
| 115|0x0000000088b00000, 0x0000000088c00000, 0x0000000088c00000|100%| E|CS|TAMS 0x0000000088b00000| PB 0x0000000088b00000| Complete |  0
| 116|0x0000000088c00000, 0x0000000088d00000, 0x0000000088d00000|100%| E|CS|TAMS 0x0000000088c00000| PB 0x0000000088c00000| Complete |  0
| 117|0x0000000088d00000, 0x0000000088e00000, 0x0000000088e00000|100%| E|CS|TAMS 0x0000000088d00000| PB 0x0000000088d00000| Complete |  0
| 118|0x0000000088e00000, 0x0000000088f00000, 0x0000000088f00000|100%| E|CS|TAMS 0x0000000088e00000| PB 0x0000000088e00000| Complete |  0
| 119|0x0000000088f00000, 0x0000000089000000, 0x0000000089000000|100%| E|CS|TAMS 0x0000000088f00000| PB 0x0000000088f00000| Complete |  0
| 120|0x0000000089000000, 0x0000000089100000, 0x0000000089100000|100%| E|CS|TAMS 0x0000000089000000| PB 0x0000000089000000| Complete |  0
| 121|0x0000000089100000, 0x0000000089200000, 0x0000000089200000|100%| E|CS|TAMS 0x0000000089100000| PB 0x0000000089100000| Complete |  0
| 122|0x0000000089200000, 0x0000000089300000, 0x0000000089300000|100%| E|CS|TAMS 0x0000000089200000| PB 0x0000000089200000| Complete |  0
| 123|0x0000000089300000, 0x0000000089400000, 0x0000000089400000|100%| E|CS|TAMS 0x0000000089300000| PB 0x0000000089300000| Complete |  0
| 124|0x0000000089400000, 0x0000000089500000, 0x0000000089500000|100%| E|CS|TAMS 0x0000000089400000| PB 0x0000000089400000| Complete |  0
| 125|0x0000000089500000, 0x0000000089600000, 0x0000000089600000|100%| E|CS|TAMS 0x0000000089500000| PB 0x0000000089500000| Complete |  0
| 126|0x0000000089600000, 0x0000000089700000, 0x0000000089700000|100%| E|CS|TAMS 0x0000000089600000| PB 0x0000000089600000| Complete |  0
| 127|0x0000000089700000, 0x0000000089800000, 0x0000000089800000|100%| E|CS|TAMS 0x0000000089700000| PB 0x0000000089700000| Complete |  0

Card table byte_map: [0x000001736e8c0000,0x000001736ecc0000] _byte_map_base: 0x000001736e4b4000

Marking Bits: (CMBitMap*) 0x00000173571c3be0
 Bits: [0x000001736ecc0000, 0x0000017370c60000)

Polling page: 0x0000017355030000

Metaspace:

Usage:
  Non-class:     12.56 MB used.
      Class:      1.74 MB used.
       Both:     14.30 MB used.

Virtual space:
  Non-class space:       64.00 MB reserved,      12.69 MB ( 20%) committed,  1 nodes.
      Class space:        1.00 GB reserved,       1.81 MB ( <1%) committed,  1 nodes.
             Both:        1.06 GB reserved,      14.50 MB (  1%) committed. 

Chunk freelists:
   Non-Class:  2.75 MB
       Class:  14.01 MB
        Both:  16.76 MB

MaxMetaspaceSize: unlimited
CompressedClassSpaceSize: 1.00 GB
Initial GC threshold: 21.00 MB
Current GC threshold: 21.00 MB
CDS: on
 - commit_granule_bytes: 65536.
 - commit_granule_words: 8192.
 - virtual_space_node_default_size: 8388608.
 - enlarge_chunks_in_place: 1.
 - use_allocation_guard: 0.


Internal statistics:

num_allocs_failed_limit: 0.
num_arena_births: 150.
num_arena_deaths: 0.
num_vsnodes_births: 2.
num_vsnodes_deaths: 0.
num_space_committed: 232.
num_space_uncommitted: 0.
num_chunks_returned_to_freelist: 0.
num_chunks_taken_from_freelist: 627.
num_chunk_merges: 0.
num_chunk_splits: 443.
num_chunks_enlarged: 368.
num_inconsistent_stats: 0.

CodeHeap 'non-profiled nmethods': size=120000Kb used=1018Kb max_used=1018Kb free=118982Kb
 bounds [0x0000017366f90000, 0x0000017367200000, 0x000001736e4c0000]
CodeHeap 'profiled nmethods': size=120000Kb used=5663Kb max_used=5663Kb free=114336Kb
 bounds [0x000001735f4c0000, 0x000001735fa50000, 0x00000173669f0000]
CodeHeap 'non-nmethods': size=5760Kb used=1406Kb max_used=1426Kb free=4353Kb
 bounds [0x00000173669f0000, 0x0000017366c60000, 0x0000017366f90000]
 total_blobs=3413 nmethods=2917 adapters=400
 compilation: enabled
              stopped_count=0, restarted_count=0
 full_count=0

Compilation events (20 events):
Event: 3.002 Thread 0x0000017373163b70 2799       3       java.lang.StringBuilder::append (8 bytes)
Event: 3.002 Thread 0x0000017373163b70 nmethod 2799 0x000001735fa0c110 code [0x000001735fa0c2c0, 0x000001735fa0c410]
Event: 3.002 Thread 0x0000017373151210 2800       4       java.util.LinkedHashMap::newNode (23 bytes)
Event: 3.007 Thread 0x0000017373163b70 2801       3       java.util.regex.Pattern::next (33 bytes)
Event: 3.007 Thread 0x0000017373163b70 nmethod 2801 0x000001735fa0c490 code [0x000001735fa0c640, 0x000001735fa0c898]
Event: 3.010 Thread 0x0000017373151210 nmethod 2800 0x0000017367085010 code [0x00000173670851a0, 0x00000173670856b0]
Event: 3.010 Thread 0x0000017373163b70 2802       3       java.util.regex.Pattern$Node::<init> (12 bytes)
Event: 3.010 Thread 0x0000017373163b70 nmethod 2802 0x000001735fa0c990 code [0x000001735fa0cb40, 0x000001735fa0cd10]
Event: 3.017 Thread 0x0000017373163b70 2803       3       java.lang.invoke.MethodHandleNatives::isCallerSensitive (29 bytes)
Event: 3.017 Thread 0x0000017373163b70 nmethod 2803 0x000001735fa0ce10 code [0x000001735fa0cfe0, 0x000001735fa0d408]
Event: 3.017 Thread 0x0000017373163b70 2804       3       java.lang.invoke.MethodHandleNatives::canBeCalledVirtual (49 bytes)
Event: 3.018 Thread 0x0000017373163b70 nmethod 2804 0x000001735fa0d590 code [0x000001735fa0d780, 0x000001735fa0dc10]
Event: 3.018 Thread 0x0000017373163b70 2806       3       jdk.internal.org.objectweb.asm.ClassWriter::visitField (53 bytes)
Event: 3.018 Thread 0x0000017373163b70 nmethod 2806 0x000001735fa0dd90 code [0x000001735fa0df40, 0x000001735fa0e290]
Event: 3.018 Thread 0x0000017373163b70 2805       1       java.lang.invoke.MethodHandleNatives::isPullModeBSM (2 bytes)
Event: 3.018 Thread 0x0000017373163b70 nmethod 2805 0x0000017367085790 code [0x0000017367085920, 0x00000173670859c8]
Event: 3.020 Thread 0x0000017373163b70 2807       1       com.google.inject.internal.InternalContext::getDependency (5 bytes)
Event: 3.020 Thread 0x0000017373163b70 nmethod 2807 0x0000017367085a90 code [0x0000017367085c20, 0x0000017367085ce8]
Event: 3.023 Thread 0x0000017373163b70 2808       3       org.slf4j.impl.SimpleLoggerConfiguration::getStringProperty (16 bytes)
Event: 3.023 Thread 0x0000017373163b70 nmethod 2808 0x000001735fa0e410 code [0x000001735fa0e620, 0x000001735fa0ebb0]

GC Heap History (4 events):
Event: 0.975 GC heap before
{Heap before GC invocations=0 (full 0):
 garbage-first heap   total reserved 2072576K, committed 131072K, used 14336K [0x0000000081800000, 0x0000000100000000)
  region size 1024K, 14 young (14336K), 0 survivors (0K)
 Metaspace       used 4137K, committed 4288K, reserved 1114112K
  class space    used 429K, committed 512K, reserved 1048576K
}
Event: 0.981 GC heap after
{Heap after GC invocations=1 (full 0):
 garbage-first heap   total reserved 2072576K, committed 131072K, used 3455K [0x0000000081800000, 0x0000000100000000)
  region size 1024K, 2 young (2048K), 2 survivors (2048K)
 Metaspace       used 4137K, committed 4288K, reserved 1114112K
  class space    used 429K, committed 512K, reserved 1048576K
}
Event: 1.540 GC heap before
{Heap before GC invocations=1 (full 0):
 garbage-first heap   total reserved 2072576K, committed 131072K, used 20863K [0x0000000081800000, 0x0000000100000000)
  region size 1024K, 20 young (20480K), 2 survivors (2048K)
 Metaspace       used 6612K, committed 6848K, reserved 1114112K
  class space    used 774K, committed 896K, reserved 1048576K
}
Event: 1.545 GC heap after
{Heap after GC invocations=2 (full 0):
 garbage-first heap   total reserved 2072576K, committed 131072K, used 4602K [0x0000000081800000, 0x0000000100000000)
  region size 1024K, 1 young (1024K), 1 survivors (1024K)
 Metaspace       used 6612K, committed 6848K, reserved 1114112K
  class space    used 774K, committed 896K, reserved 1048576K
}

Dll operation events (8 events):
Event: 0.010 Loaded shared library C:\Program Files\Java\jdk-22\bin\java.dll
Event: 0.052 Loaded shared library C:\Program Files\Java\jdk-22\bin\jsvml.dll
Event: 0.093 Loaded shared library C:\Program Files\Java\jdk-22\bin\net.dll
Event: 0.094 Loaded shared library C:\Program Files\Java\jdk-22\bin\nio.dll
Event: 0.097 Loaded shared library C:\Program Files\Java\jdk-22\bin\zip.dll
Event: 0.394 Loaded shared library C:\Program Files\Java\jdk-22\bin\jimage.dll
Event: 0.456 Loaded shared library C:\Program Files\NetBeans-20\netbeans\java\maven\lib\jansi-native\Windows\x86_64\jansi.dll
Event: 0.471 Loaded shared library C:\Program Files\Java\jdk-22\bin\verify.dll

Deoptimization events (20 events):
Event: 2.892 Thread 0x00000173550cb9b0 DEOPT PACKING pc=0x0000017366feb76c sp=0x000000669e9fe570
Event: 2.892 Thread 0x00000173550cb9b0 DEOPT UNPACKING pc=0x0000017366a446a2 sp=0x000000669e9fe4e8 mode 2
Event: 2.892 Thread 0x00000173550cb9b0 Uncommon trap: trap_request=0x000000e1 fr.pc=0x0000017366fe9090 relative=0x00000000000000f0
Event: 2.892 Thread 0x00000173550cb9b0 Uncommon trap: reason=unloaded action=reinterpret pc=0x0000017366fe9090 method=org.codehaus.plexus.util.xml.pull.MXParser.more()C @ 22 c2
Event: 2.892 Thread 0x00000173550cb9b0 DEOPT PACKING pc=0x0000017366fe9090 sp=0x000000669e9fe7d0
Event: 2.892 Thread 0x00000173550cb9b0 DEOPT UNPACKING pc=0x0000017366a446a2 sp=0x000000669e9fe770 mode 2
Event: 2.907 Thread 0x00000173550cb9b0 Uncommon trap: trap_request=0xffffff45 fr.pc=0x0000017366ff5a10 relative=0x0000000000000970
Event: 2.907 Thread 0x00000173550cb9b0 Uncommon trap: reason=unstable_if action=reinterpret pc=0x0000017366ff5a10 method=sun.nio.cs.StreamDecoder.implRead([CII)I @ 36 c2
Event: 2.907 Thread 0x00000173550cb9b0 DEOPT PACKING pc=0x0000017366ff5a10 sp=0x000000669e9fe550
Event: 2.907 Thread 0x00000173550cb9b0 DEOPT UNPACKING pc=0x0000017366a446a2 sp=0x000000669e9fe530 mode 2
Event: 2.950 Thread 0x00000173550cb9b0 DEOPT PACKING pc=0x000001735f7467b4 sp=0x000000669e9fe660
Event: 2.950 Thread 0x00000173550cb9b0 DEOPT UNPACKING pc=0x0000017366a44e42 sp=0x000000669e9fdb28 mode 0
Event: 2.995 Thread 0x00000173550cb9b0 Uncommon trap: trap_request=0xffffff45 fr.pc=0x0000017367001b48 relative=0x00000000000006e8
Event: 2.995 Thread 0x00000173550cb9b0 Uncommon trap: reason=unstable_if action=reinterpret pc=0x0000017367001b48 method=java.lang.AbstractStringBuilder.append(Ljava/lang/String;)Ljava/lang/AbstractStringBuilder; @ 1 c2
Event: 2.995 Thread 0x00000173550cb9b0 DEOPT PACKING pc=0x0000017367001b48 sp=0x000000669e9fe310
Event: 2.995 Thread 0x00000173550cb9b0 DEOPT UNPACKING pc=0x0000017366a446a2 sp=0x000000669e9fe2a0 mode 2
Event: 2.995 Thread 0x00000173550cb9b0 Uncommon trap: trap_request=0xffffff45 fr.pc=0x0000017366fd322c relative=0x00000000000006cc
Event: 2.995 Thread 0x00000173550cb9b0 Uncommon trap: reason=unstable_if action=reinterpret pc=0x0000017366fd322c method=java.lang.AbstractStringBuilder.append(Ljava/lang/String;)Ljava/lang/AbstractStringBuilder; @ 1 c2
Event: 2.995 Thread 0x00000173550cb9b0 DEOPT PACKING pc=0x0000017366fd322c sp=0x000000669e9fe2c0
Event: 2.995 Thread 0x00000173550cb9b0 DEOPT UNPACKING pc=0x0000017366a446a2 sp=0x000000669e9fe2a8 mode 2

Classes loaded (20 events):
Event: 2.948 Loading class jdk/internal/misc/ThreadTracker
Event: 2.948 Loading class jdk/internal/misc/ThreadTracker done
Event: 2.948 Loading class jdk/internal/misc/ThreadTracker$ThreadRef
Event: 2.948 Loading class jdk/internal/misc/ThreadTracker$ThreadRef done
Event: 2.949 Loading class java/net/URL$2
Event: 2.949 Loading class java/net/URL$2 done
Event: 2.949 Loading class java/net/URL$1
Event: 2.949 Loading class java/net/URL$1 done
Event: 2.949 Loading class java/net/spi/URLStreamHandlerProvider
Event: 2.949 Loading class java/net/spi/URLStreamHandlerProvider done
Event: 2.950 Loading class sun/net/www/protocol/https/Handler
Event: 2.950 Loading class sun/net/www/protocol/http/Handler
Event: 2.951 Loading class sun/net/www/protocol/http/Handler done
Event: 2.951 Loading class sun/net/www/protocol/https/Handler done
Event: 2.953 Loading class java/util/regex/Pattern$Pos
Event: 2.954 Loading class java/util/regex/Pattern$Pos done
Event: 2.958 Loading class java/util/ArrayList$SubList$1
Event: 2.959 Loading class java/util/ArrayList$SubList$1 done
Event: 3.007 Loading class java/util/Formatter$FixedString
Event: 3.007 Loading class java/util/Formatter$FixedString done

Classes unloaded (0 events):
No events

Classes redefined (0 events):
No events

Internal exceptions (20 events):
Event: 1.019 Thread 0x00000173550cb9b0 Exception <a 'java/lang/NoSuchMethodError'{0x0000000089613530}: 'int java.lang.invoke.DirectMethodHandle$Holder.invokeSpecialIFC(java.lang.Object, java.lang.Object, java.lang.Object, java.lang.Object, java.lang.Object)'> (0x0000000089613530) 
thrown [s\open\src\hotspot\share\interpreter\linkResolver.cpp, line 774]
Event: 1.082 Thread 0x00000173550cb9b0 Exception <a 'java/lang/NoSuchMethodError'{0x000000008958e270}: 'java.lang.Object java.lang.invoke.DirectMethodHandle$Holder.newInvokeSpecial(java.lang.Object, java.lang.Object, java.lang.Object, java.lang.Object, java.lang.Object)'> (0x000000008958e270) 
thrown [s\open\src\hotspot\share\interpreter\linkResolver.cpp, line 774]
Event: 1.126 Thread 0x00000173550cb9b0 Exception <a 'java/lang/NoSuchMethodError'{0x0000000089484a08}: 'int java.lang.invoke.DirectMethodHandle$Holder.invokeStaticInit(java.lang.Object, java.lang.Object)'> (0x0000000089484a08) 
thrown [s\open\src\hotspot\share\interpreter\linkResolver.cpp, line 774]
Event: 1.136 Thread 0x00000173550cb9b0 Exception <a 'java/lang/NoClassDefFoundError'{0x00000000894b87d0}: javax/enterprise/inject/Typed> (0x00000000894b87d0) 
thrown [s\open\src\hotspot\share\classfile\systemDictionary.cpp, line 302]
Event: 2.177 Thread 0x00000173550cb9b0 Exception <a 'java/lang/NoSuchMethodError'{0x00000000881c5f28}: 'void java.lang.invoke.DirectMethodHandle$Holder.invokeStaticInit(java.lang.Object, java.lang.Object, java.lang.Object)'> (0x00000000881c5f28) 
thrown [s\open\src\hotspot\share\interpreter\linkResolver.cpp, line 774]
Event: 2.185 Thread 0x00000173550cb9b0 Exception <a 'java/lang/ExceptionInInitializerError'{0x00000000881ee298}> (0x00000000881ee298) 
thrown [s\open\src\hotspot\share\oops\instanceKlass.cpp, line 1247]
Event: 2.226 Thread 0x00000173550cb9b0 Exception <a 'java/lang/NoSuchMethodError'{0x00000000880f74f0}: 'long java.lang.invoke.DirectMethodHandle$Holder.invokeStatic(java.lang.Object, java.lang.Object, int)'> (0x00000000880f74f0) 
thrown [s\open\src\hotspot\share\interpreter\linkResolver.cpp, line 774]
Event: 2.228 Thread 0x00000173550cb9b0 Exception <a 'java/lang/NoSuchMethodError'{0x0000000087f0ac50}: 'java.lang.Object java.lang.invoke.DirectMethodHandle$Holder.invokeStatic(java.lang.Object, java.lang.Object, java.lang.Object, java.lang.Object, int)'> (0x0000000087f0ac50) 
thrown [s\open\src\hotspot\share\interpreter\linkResolver.cpp, line 774]
Event: 2.229 Thread 0x00000173550cb9b0 Exception <a 'java/lang/NoSuchMethodError'{0x0000000087f12e08}: 'java.lang.Object java.lang.invoke.DirectMethodHandle$Holder.invokeSpecial(java.lang.Object, java.lang.Object, java.lang.Object, java.lang.Object, long)'> (0x0000000087f12e08) 
thrown [s\open\src\hotspot\share\interpreter\linkResolver.cpp, line 774]
Event: 2.231 Thread 0x00000173550cb9b0 Exception <a 'java/lang/NoSuchMethodError'{0x0000000087f1e950}: 'java.lang.Object java.lang.invoke.DirectMethodHandle$Holder.invokeSpecial(java.lang.Object, java.lang.Object, java.lang.Object, int, java.lang.Object)'> (0x0000000087f1e950) 
thrown [s\open\src\hotspot\share\interpreter\linkResolver.cpp, line 774]
Event: 2.234 Thread 0x00000173550cb9b0 Exception <a 'java/lang/NoSuchMethodError'{0x0000000087f26c80}: 'int java.lang.invoke.DirectMethodHandle$Holder.invokeSpecial(java.lang.Object, java.lang.Object, java.lang.Object, int)'> (0x0000000087f26c80) 
thrown [s\open\src\hotspot\share\interpreter\linkResolver.cpp, line 774]
Event: 2.239 Thread 0x00000173550cb9b0 Implicit null exception at 0x0000017367000e3a to 0x0000017367001038
Event: 2.241 Thread 0x00000173550cb9b0 Exception <a 'java/lang/NoSuchMethodError'{0x0000000087f4b330}: 'java.lang.Object java.lang.invoke.Invokers$Holder.invokeExact_MT(java.lang.Object, int, java.lang.Object)'> (0x0000000087f4b330) 
thrown [s\open\src\hotspot\share\interpreter\linkResolver.cpp, line 774]
Event: 2.255 Thread 0x00000173550cb9b0 Exception <a 'java/lang/NoSuchMethodError'{0x0000000087fa3c18}: 'void java.lang.invoke.DirectMethodHandle$Holder.invokeStatic(java.lang.Object, java.lang.Object)'> (0x0000000087fa3c18) 
thrown [s\open\src\hotspot\share\interpreter\linkResolver.cpp, line 774]
Event: 2.601 Thread 0x00000173550cb9b0 Exception <a 'java/lang/NoSuchMethodError'{0x0000000087724b10}: 'void java.lang.invoke.Invokers$Holder.invokeExact_MT(java.lang.Object, java.lang.Object, java.lang.Object, java.lang.Object)'> (0x0000000087724b10) 
thrown [s\open\src\hotspot\share\interpreter\linkResolver.cpp, line 774]
Event: 2.634 Thread 0x00000173550cb9b0 Exception <a 'java/lang/NoClassDefFoundError'{0x00000000877b2a00}: com/google/inject/servlet/ServletModuleTargetVisitor> (0x00000000877b2a00) 
thrown [s\open\src\hotspot\share\classfile\systemDictionary.cpp, line 302]
Event: 2.754 Thread 0x00000173550cb9b0 Exception <a 'java/lang/NoSuchMethodError'{0x00000000874676d8}: 'void java.lang.invoke.DirectMethodHandle$Holder.invokeVirtual(java.lang.Object, java.lang.Object)'> (0x00000000874676d8) 
thrown [s\open\src\hotspot\share\interpreter\linkResolver.cpp, line 774]
Event: 2.821 Thread 0x00000173550cb9b0 Exception <a 'java/lang/NoSuchMethodError'{0x00000000874f6fa8}: 'java.lang.Object java.lang.invoke.DirectMethodHandle$Holder.invokeStaticInit(java.lang.Object, int, int, int, int)'> (0x00000000874f6fa8) 
thrown [s\open\src\hotspot\share\interpreter\linkResolver.cpp, line 774]
Event: 2.995 Thread 0x00000173550cb9b0 Implicit null exception at 0x00000173670014a4 to 0x0000017367001b30
Event: 2.995 Thread 0x00000173550cb9b0 Implicit null exception at 0x0000017366fd2ba0 to 0x0000017366fd3214

ZGC Phase Switch (0 events):
No events

VM Operations (20 events):
Event: 2.292 Executing VM operation: HandshakeAllThreads (Deoptimize)
Event: 2.293 Executing VM operation: HandshakeAllThreads (Deoptimize) done
Event: 2.382 Executing VM operation: HandshakeAllThreads (Deoptimize)
Event: 2.382 Executing VM operation: HandshakeAllThreads (Deoptimize) done
Event: 2.563 Executing VM operation: ICBufferFull
Event: 2.563 Executing VM operation: ICBufferFull done
Event: 2.591 Executing VM operation: HandshakeAllThreads (Deoptimize)
Event: 2.591 Executing VM operation: HandshakeAllThreads (Deoptimize) done
Event: 2.778 Executing VM operation: HandshakeAllThreads (Deoptimize)
Event: 2.778 Executing VM operation: HandshakeAllThreads (Deoptimize) done
Event: 2.843 Executing VM operation: HandshakeAllThreads (Deoptimize)
Event: 2.843 Executing VM operation: HandshakeAllThreads (Deoptimize) done
Event: 2.892 Executing VM operation: HandshakeAllThreads (Deoptimize)
Event: 2.892 Executing VM operation: HandshakeAllThreads (Deoptimize) done
Event: 2.949 Executing VM operation: HandshakeAllThreads (Deoptimize)
Event: 2.949 Executing VM operation: HandshakeAllThreads (Deoptimize) done
Event: 2.951 Executing VM operation: HandshakeAllThreads (Deoptimize)
Event: 2.951 Executing VM operation: HandshakeAllThreads (Deoptimize) done
Event: 3.004 Executing VM operation: ICBufferFull
Event: 3.004 Executing VM operation: ICBufferFull done

Events (14 events):
Event: 0.030 Thread 0x00000173550cb9b0 Thread added: 0x00000173550cb9b0
Event: 0.048 Thread 0x000001737311f950 Thread added: 0x000001737311f950
Event: 0.048 Thread 0x0000017373124e90 Thread added: 0x0000017373124e90
Event: 0.049 Thread 0x000001737312afa0 Thread added: 0x000001737312afa0
Event: 0.049 Thread 0x000001737312ba00 Thread added: 0x000001737312ba00
Event: 0.049 Thread 0x000001737312c7c0 Thread added: 0x000001737312c7c0
Event: 0.049 Thread 0x0000017373130260 Thread added: 0x0000017373130260
Event: 0.049 Thread 0x0000017373151210 Thread added: 0x0000017373151210
Event: 0.049 Thread 0x0000017373163b70 Thread added: 0x0000017373163b70
Event: 0.085 Thread 0x0000017345227660 Thread added: 0x0000017345227660
Event: 0.090 Thread 0x0000017345226fd0 Thread added: 0x0000017345226fd0
Event: 0.274 Thread 0x000001734534a7f0 Thread added: 0x000001734534a7f0
Event: 1.058 Thread 0x000001734534a7f0 Thread exited: 0x000001734534a7f0
Event: 1.162 Thread 0x0000017345e11470 Thread added: 0x0000017345e11470


Dynamic libraries:
0x00007ff7cdf80000 - 0x00007ff7cdf90000 	C:\Program Files\Java\jdk-22\bin\java.exe
0x00007ffb69350000 - 0x00007ffb69548000 	C:\Windows\SYSTEM32\ntdll.dll
0x00007ffb68af0000 - 0x00007ffb68bad000 	C:\Windows\System32\KERNEL32.DLL
0x00007ffb66cc0000 - 0x00007ffb66fb6000 	C:\Windows\System32\KERNELBASE.dll
0x00007ffb66b50000 - 0x00007ffb66c50000 	C:\Windows\System32\ucrtbase.dll
0x00007ffb5d140000 - 0x00007ffb5d15b000 	C:\Program Files\Java\jdk-22\bin\VCRUNTIME140.dll
0x00007ffb1b480000 - 0x00007ffb1b497000 	C:\Program Files\Java\jdk-22\bin\jli.dll
0x00007ffb677b0000 - 0x00007ffb6785f000 	C:\Windows\System32\ADVAPI32.dll
0x00007ffb69270000 - 0x00007ffb6930e000 	C:\Windows\System32\msvcrt.dll
0x00007ffb67ef0000 - 0x00007ffb67f8c000 	C:\Windows\System32\sechost.dll
0x00007ffb68f20000 - 0x00007ffb69046000 	C:\Windows\System32\RPCRT4.dll
0x00007ffb68bb0000 - 0x00007ffb68d4e000 	C:\Windows\System32\USER32.dll
0x00007ffb672f0000 - 0x00007ffb67312000 	C:\Windows\System32\win32u.dll
0x00007ffb67860000 - 0x00007ffb6788c000 	C:\Windows\System32\GDI32.dll
0x00007ffb4a700000 - 0x00007ffb4a99a000 	C:\Windows\WinSxS\amd64_microsoft.windows.common-controls_6595b64144ccf1df_6.0.19041.3636_none_60b6a03d71f818d5\COMCTL32.dll
0x00007ffb66a30000 - 0x00007ffb66b4a000 	C:\Windows\System32\gdi32full.dll
0x00007ffb67200000 - 0x00007ffb6729d000 	C:\Windows\System32\msvcp_win.dll
0x00007ffb5a480000 - 0x00007ffb5a48a000 	C:\Windows\SYSTEM32\VERSION.dll
0x00007ffb67780000 - 0x00007ffb677b0000 	C:\Windows\System32\IMM32.DLL
0x00007ffb5ef10000 - 0x00007ffb5ef1c000 	C:\Program Files\Java\jdk-22\bin\vcruntime140_1.dll
0x00007ffb2f150000 - 0x00007ffb2f1de000 	C:\Program Files\Java\jdk-22\bin\msvcp140.dll
0x00007ffb108c0000 - 0x00007ffb11607000 	C:\Program Files\Java\jdk-22\bin\server\jvm.dll
0x00007ffb69130000 - 0x00007ffb6919b000 	C:\Windows\System32\WS2_32.dll
0x00007ffb65f90000 - 0x00007ffb65fdb000 	C:\Windows\SYSTEM32\POWRPROF.dll
0x00007ffb40b80000 - 0x00007ffb40ba7000 	C:\Windows\SYSTEM32\WINMM.dll
0x00007ffb65e50000 - 0x00007ffb65e62000 	C:\Windows\SYSTEM32\UMPDC.dll
0x00007ffb652b0000 - 0x00007ffb652c2000 	C:\Windows\SYSTEM32\kernel.appcore.dll
0x00007ffb5ec00000 - 0x00007ffb5ec0a000 	C:\Program Files\Java\jdk-22\bin\jimage.dll
0x00007ffb60b30000 - 0x00007ffb60d14000 	C:\Windows\SYSTEM32\DBGHELP.DLL
0x00007ffb44e50000 - 0x00007ffb44e84000 	C:\Windows\SYSTEM32\dbgcore.DLL
0x00007ffb67320000 - 0x00007ffb673a2000 	C:\Windows\System32\bcryptPrimitives.dll
0x00007ffb5cfb0000 - 0x00007ffb5cfce000 	C:\Program Files\Java\jdk-22\bin\java.dll
0x00007ffb67f90000 - 0x00007ffb686d5000 	C:\Windows\System32\SHELL32.dll
0x00007ffb67930000 - 0x00007ffb67a5b000 	C:\Windows\System32\ole32.dll
0x00007ffb68790000 - 0x00007ffb68ae4000 	C:\Windows\System32\combase.dll
0x00007ffb64540000 - 0x00007ffb64cdb000 	C:\Windows\SYSTEM32\windows.storage.dll
0x00007ffb66470000 - 0x00007ffb6649d000 	C:\Windows\SYSTEM32\Wldp.dll
0x00007ffb68d50000 - 0x00007ffb68dfd000 	C:\Windows\System32\SHCORE.dll
0x00007ffb675e0000 - 0x00007ffb67635000 	C:\Windows\System32\shlwapi.dll
0x00007ffb66960000 - 0x00007ffb66985000 	C:\Windows\SYSTEM32\profapi.dll
0x00007ffb2f1e0000 - 0x00007ffb2f2b7000 	C:\Program Files\Java\jdk-22\bin\jsvml.dll
0x00007ffb5ebc0000 - 0x00007ffb5ebd0000 	C:\Program Files\Java\jdk-22\bin\net.dll
0x00007ffb661d0000 - 0x00007ffb6623a000 	C:\Windows\system32\mswsock.dll
0x00007ffb5cf90000 - 0x00007ffb5cfa6000 	C:\Program Files\Java\jdk-22\bin\nio.dll
0x00007ffb5cf70000 - 0x00007ffb5cf87000 	C:\Program Files\Java\jdk-22\bin\zip.dll
0x0000000069ac0000 - 0x0000000069ae4000 	C:\Program Files\NetBeans-20\netbeans\java\maven\lib\jansi-native\Windows\x86_64\jansi.dll
0x00007ffb5cf60000 - 0x00007ffb5cf70000 	C:\Program Files\Java\jdk-22\bin\verify.dll

dbghelp: loaded successfully - version: 4.0.5 - missing functions: none
symbol engine: initialized successfully - sym options: 0x614 - pdb path: .;C:\Program Files\Java\jdk-22\bin;C:\Windows\SYSTEM32;C:\Windows\WinSxS\amd64_microsoft.windows.common-controls_6595b64144ccf1df_6.0.19041.3636_none_60b6a03d71f818d5;C:\Program Files\Java\jdk-22\bin\server;C:\Program Files\NetBeans-20\netbeans\java\maven\lib\jansi-native\Windows\x86_64

VM Arguments:
jvm_args: -Dclassworlds.conf=C:\Program Files\NetBeans-20\netbeans\java\maven\bin\m2.conf -Dmaven.home=C:\Program Files\NetBeans-20\netbeans\java\maven -Dlibrary.jansi.path=C:\Program Files\NetBeans-20\netbeans\java\maven\lib\jansi-native -Dmaven.multiModuleProjectDirectory=F:\NetBeans\Spring Boot\Financial Analytics Application 
java_command: org.codehaus.plexus.classworlds.launcher.Launcher -Dexec.vmArgs= -Dexec.args=${exec.vmArgs} -classpath %classpath ${exec.mainClass} ${exec.appArgs} -Dexec.executable=C:\Program Files\Java\jdk-22\bin\java.exe -Dexec.mainClass=com.example.finanalyzr.FinanalyzrApplication -Dexec.classpathScope=runtime -Dexec.appArgs= -Dmaven.ext.class.path=C:\Program Files\NetBeans-20\netbeans\java\maven-nblib\netbeans-eventspy.jar --no-transfer-progress process-classes org.codehaus.mojo:exec-maven-plugin:3.1.0:exec
java_class_path (initial): C:\Program Files\NetBeans-20\netbeans\java\maven\boot\plexus-classworlds-2.7.0.jar
Launcher Type: SUN_STANDARD

[Global flags]
     intx CICompilerCount                          = 3                                         {product} {ergonomic}
     uint ConcGCThreads                            = 1                                         {product} {ergonomic}
     uint G1ConcRefinementThreads                  = 4                                         {product} {ergonomic}
   size_t G1HeapRegionSize                         = 1048576                                   {product} {ergonomic}
   size_t InitialHeapSize                          = 134217728                                 {product} {ergonomic}
   size_t MarkStackSize                            = 4194304                                   {product} {ergonomic}
   size_t MaxHeapSize                              = 2122317824                                {product} {ergonomic}
   size_t MaxNewSize                               = 1272971264                                {product} {ergonomic}
   size_t MinHeapDeltaBytes                        = 1048576                                   {product} {ergonomic}
   size_t MinHeapSize                              = 8388608                                   {product} {ergonomic}
    uintx NonNMethodCodeHeapSize                   = 5832780                                {pd product} {ergonomic}
    uintx NonProfiledCodeHeapSize                  = 122912730                              {pd product} {ergonomic}
    uintx ProfiledCodeHeapSize                     = 122912730                              {pd product} {ergonomic}
    uintx ReservedCodeCacheSize                    = 251658240                              {pd product} {ergonomic}
     bool SegmentedCodeCache                       = true                                      {product} {ergonomic}
   size_t SoftMaxHeapSize                          = 2122317824                             {manageable} {ergonomic}
     bool UseCompressedOops                        = true                           {product lp64_product} {ergonomic}
     bool UseG1GC                                  = true                                      {product} {ergonomic}
     bool UseLargePagesIndividualAllocation        = false                                  {pd product} {ergonomic}

Logging:
Log output configuration:
 #0: stdout all=warning uptime,level,tags foldmultilines=false
 #1: stderr all=off uptime,level,tags foldmultilines=false

Environment Variables:
JAVA_HOME=C:\Program Files\Java\jdk-22
PATH=F:\NetBeans\jenkins\\bin;C:\Program Files\Common Files\Oracle\Java\javapath;C:\Windows\system32;C:\Windows;C:\Windows\System32\Wbem;C:\Windows\System32\WindowsPowerShell\v1.0\;C:\Windows\System32\OpenSSH\;C:\Program Files\Java\jdk-22\bin;C:\Program Files\Git\cmd;F:\NetBeans\PostgreSQL\bin;C:\Program Files\nodejs\;C:\Users\Mohamed Diab\AppData\Local\Microsoft\WindowsApps\python.exe;C:\Users\Mohamed Diab\venv\Scripts\python.exe;C:\Users\Mohamed Diab\AppData\Local\Programs\Python\Launcher\;C:\Users\Mohamed Diab\AppData\Local\Microsoft\WindowsApps;C:\Program Files\JetBrains\PyCharm Community Edition 2022.1.1\bin;;F:\NetBeans\Visual studio Code\Microsoft VS Code\bin;C:\Users\Mohamed Diab\AppData\Roaming\npm;C:\Users\Mohamed Diab\AppData\Roaming\npm\node_modules\@angular\cli\node_modules
USERNAME=Mohamed Diab
OS=Windows_NT
PROCESSOR_IDENTIFIER=Intel64 Family 6 Model 78 Stepping 3, GenuineIntel
TMP=C:\Users\MOHAME~1\AppData\Local\Temp
TEMP=C:\Users\MOHAME~1\AppData\Local\Temp




Periodic native trim disabled

---------------  S Y S T E M  ---------------

OS:
 Windows 10 , 64 bit Build 19041 (10.0.19041.3636)
OS uptime: 0 days 22:40 hours

CPU: total 4 (initial active 4) (2 cores per cpu, 2 threads per core) family 6 model 78 stepping 3 microcode 0xcc, cx8, cmov, fxsr, ht, mmx, 3dnowpref, sse, sse2, sse3, ssse3, sse4.1, sse4.2, popcnt, lzcnt, tsc, tscinvbit, avx, avx2, aes, erms, clmul, bmi1, bmi2, adx, fma, vzeroupper, clflush, clflushopt, rdtscp, f16c
Processor Information for all 4 processors :
  Max Mhz: 2592, Current Mhz: 2492, Mhz Limit: 2488

Memory: 4k page, system-wide physical 8088M (394M free)
TotalPageFile size 10136M (AvailPageFile size 1M)
current process WorkingSet (physical memory assigned to process): 129M, peak: 129M
current process commit charge ("private bytes"): 243M, peak: 243M

vm_info: Java HotSpot(TM) 64-Bit Server VM (22.0.1+8-16) for windows-amd64 JRE (22.0.1+8-16), built on 2024-03-12T10:33:16Z by "mach5one" with MS VC++ 17.6 (VS2022)

END.
