#
# There is insufficient memory for the Java Runtime Environment to continue.
# Native memory allocation (malloc) failed to allocate 690896 bytes. Error detail: Chunk::new
# Possible reasons:
#   The system is out of physical RAM or swap space
#   This process is running with CompressedOops enabled, and the Java Heap may be blocking the growth of the native heap
# Possible solutions:
#   Reduce memory load on the system
#   Increase physical memory or swap space
#   Check if swap backing store is full
#   Decrease Java heap size (-Xmx/-Xms)
#   Decrease number of Java threads
#   Decrease Java thread stack sizes (-Xss)
#   Set larger code cache with -XX:ReservedCodeCacheSize=
#   JVM is running with Unscaled Compressed Oops mode in which the Java heap is
#     placed in the first 4GB address space. The Java Heap base address is the
#     maximum limit for the native heap growth. Please use -XX:HeapBaseMinAddress
#     to set the Java Heap base and to place the Java Heap above 4GB virtual address.
# This output file may be truncated or incomplete.
#
#  Out of Memory Error (arena.cpp:150), pid=15628, tid=13508
#
# JRE version: Java(TM) SE Runtime Environment (22.0.1+8) (build 22.0.1+8-16)
# Java VM: Java HotSpot(TM) 64-Bit Server VM (22.0.1+8-16, mixed mode, sharing, tiered, compressed oops, compressed class ptrs, g1 gc, windows-amd64)
# No core dump will be written. Minidumps are not enabled by default on client versions of Windows
#

---------------  S U M M A R Y ------------

Command Line: -Dclassworlds.conf=C:\Program Files\NetBeans-20\netbeans\java\maven\bin\m2.conf -Dmaven.home=C:\Program Files\NetBeans-20\netbeans\java\maven -Dlibrary.jansi.path=C:\Program Files\NetBeans-20\netbeans\java\maven\lib\jansi-native -Dmaven.multiModuleProjectDirectory=F:\NetBeans\Spring Boot\Financial Analytics Application org.codehaus.plexus.classworlds.launcher.Launcher -Dexec.vmArgs= -Dexec.args=${exec.vmArgs} -classpath %classpath ${exec.mainClass} ${exec.appArgs} -Dexec.executable=C:\Program Files\Java\jdk-22\bin\java.exe -Dexec.mainClass=com.example.finanalyzr.FinanalyzrApplication -Dexec.classpathScope=runtime -Dexec.appArgs= -Dmaven.ext.class.path=C:\Program Files\NetBeans-20\netbeans\java\maven-nblib\netbeans-eventspy.jar --no-transfer-progress process-classes org.codehaus.mojo:exec-maven-plugin:3.1.0:exec

Host: Intel(R) Core(TM) i7-6500U CPU @ 2.50GHz, 4 cores, 7G,  Windows 10 , 64 bit Build 19041 (10.0.19041.3636)
Time: Thu Jul  4 19:03:55 2024 Egypt Daylight Time elapsed time: 1.646018 seconds (0d 0h 0m 1s)

---------------  T H R E A D  ---------------

Current thread (0x000001defcc00a80):  JavaThread "C2 CompilerThread0" daemon [_thread_in_native, id=13508, stack(0x0000003c24800000,0x0000003c24900000) (1024K)]


Current CompileTask:
C2:1646 1110   !   4       sun.nio.cs.StreamDecoder::read (78 bytes)

Stack: [0x0000003c24800000,0x0000003c24900000]
Native frames: (J=compiled Java code, j=interpreted, Vv=VM code, C=native code)
V  [jvm.dll+0x6e2279]  (no source info available)
V  [jvm.dll+0x874e33]  (no source info available)
V  [jvm.dll+0x87725e]  (no source info available)
V  [jvm.dll+0x877933]  (no source info available)
V  [jvm.dll+0x27fd76]  (no source info available)
V  [jvm.dll+0xc3d0f]  (no source info available)
V  [jvm.dll+0xc3f6b]  (no source info available)
V  [jvm.dll+0x3bb0d2]  (no source info available)
V  [jvm.dll+0x387b6b]  (no source info available)
V  [jvm.dll+0x386fda]  (no source info available)
V  [jvm.dll+0x247918]  (no source info available)
V  [jvm.dll+0x246fbf]  (no source info available)
V  [jvm.dll+0x1c4e90]  (no source info available)
V  [jvm.dll+0x2569fe]  (no source info available)
V  [jvm.dll+0x254cba]  (no source info available)
V  [jvm.dll+0x3f5336]  (no source info available)
V  [jvm.dll+0x81d44b]  (no source info available)
V  [jvm.dll+0x6e0915]  (no source info available)
C  [ucrtbase.dll+0x21bb2]  (no source info available)
C  [KERNEL32.DLL+0x17344]  (no source info available)
C  [ntdll.dll+0x526b1]  (no source info available)


---------------  P R O C E S S  ---------------

Threads class SMR info:
_java_thread_list=0x000001ded4bb25e0, length=12, elements={
0x000001deedb89d80, 0x000001defcbee940, 0x000001defcbef910, 0x000001defcbfb8c0,
0x000001defcbfe830, 0x000001defcbff290, 0x000001defcbffcf0, 0x000001defcc00a80,
0x000001defcc16a00, 0x000001ded4157dc0, 0x000001ded415ac50, 0x000001ded4bd6340
}

Java Threads: ( => current thread )
  0x000001deedb89d80 JavaThread "main"                              [_thread_in_native, id=3904, stack(0x0000003c23a00000,0x0000003c23b00000) (1024K)]
  0x000001defcbee940 JavaThread "Reference Handler"          daemon [_thread_blocked, id=11588, stack(0x0000003c24200000,0x0000003c24300000) (1024K)]
  0x000001defcbef910 JavaThread "Finalizer"                  daemon [_thread_blocked, id=8432, stack(0x0000003c24300000,0x0000003c24400000) (1024K)]
  0x000001defcbfb8c0 JavaThread "Signal Dispatcher"          daemon [_thread_blocked, id=6848, stack(0x0000003c24400000,0x0000003c24500000) (1024K)]
  0x000001defcbfe830 JavaThread "Attach Listener"            daemon [_thread_blocked, id=12188, stack(0x0000003c24500000,0x0000003c24600000) (1024K)]
  0x000001defcbff290 JavaThread "Service Thread"             daemon [_thread_blocked, id=14156, stack(0x0000003c24600000,0x0000003c24700000) (1024K)]
  0x000001defcbffcf0 JavaThread "Monitor Deflation Thread"   daemon [_thread_blocked, id=13732, stack(0x0000003c24700000,0x0000003c24800000) (1024K)]
=>0x000001defcc00a80 JavaThread "C2 CompilerThread0"         daemon [_thread_in_native, id=13508, stack(0x0000003c24800000,0x0000003c24900000) (1024K)]
  0x000001defcc16a00 JavaThread "C1 CompilerThread0"         daemon [_thread_blocked, id=11724, stack(0x0000003c24900000,0x0000003c24a00000) (1024K)]
  0x000001ded4157dc0 JavaThread "Notification Thread"        daemon [_thread_blocked, id=13404, stack(0x0000003c24a00000,0x0000003c24b00000) (1024K)]
  0x000001ded415ac50 JavaThread "Common-Cleaner"             daemon [_thread_blocked, id=8564, stack(0x0000003c24b00000,0x0000003c24c00000) (1024K)]
  0x000001ded4bd6340 JavaThread "C2 CompilerThread1"         daemon [_thread_in_native, id=14068, stack(0x0000003c24f00000,0x0000003c25000000) (1024K)]
Total: 12

Other Threads:
  0x000001defcbd1fb0 VMThread "VM Thread"                           [id=9376, stack(0x0000003c24100000,0x0000003c24200000) (1024K)]
  0x000001defcbba5b0 WatcherThread "VM Periodic Task Thread"        [id=7136, stack(0x0000003c24000000,0x0000003c24100000) (1024K)]
  0x000001deedd21d40 WorkerThread "GC Thread#0"                     [id=11008, stack(0x0000003c23b00000,0x0000003c23c00000) (1024K)]
  0x000001ded45fbdc0 WorkerThread "GC Thread#1"                     [id=5464, stack(0x0000003c24c00000,0x0000003c24d00000) (1024K)]
  0x000001ded45fc170 WorkerThread "GC Thread#2"                     [id=1596, stack(0x0000003c24d00000,0x0000003c24e00000) (1024K)]
  0x000001ded49288e0 WorkerThread "GC Thread#3"                     [id=6224, stack(0x0000003c24e00000,0x0000003c24f00000) (1024K)]
  0x000001deedd32940 ConcurrentGCThread "G1 Main Marker"            [id=7824, stack(0x0000003c23c00000,0x0000003c23d00000) (1024K)]
  0x000001deedd33360 WorkerThread "G1 Conc#0"                       [id=15344, stack(0x0000003c23d00000,0x0000003c23e00000) (1024K)]
  0x000001defca820c0 ConcurrentGCThread "G1 Refine#0"               [id=11028, stack(0x0000003c23e00000,0x0000003c23f00000) (1024K)]
  0x000001defca82b50 ConcurrentGCThread "G1 Service"                [id=11764, stack(0x0000003c23f00000,0x0000003c24000000) (1024K)]
Total: 10

Threads with active compile tasks:
C2 CompilerThread0  1797 1110   !   4       sun.nio.cs.StreamDecoder::read (78 bytes)
C2 CompilerThread1  1797 1111       4       sun.nio.cs.StreamDecoder::lockedRead (189 bytes)
Total: 2

VM state: not at safepoint (normal execution)

VM Mutex/Monitor currently owned by a thread: None

Heap address: 0x0000000081800000, size: 2024 MB, Compressed Oops mode: 32-bit

CDS archive(s) mapped at: [0x000001de8f000000-0x000001de8fc60000-0x000001de8fc60000), size 12976128, SharedBaseAddress: 0x000001de8f000000, ArchiveRelocationMode: 1.
Compressed class space mapped at: 0x000001de90000000-0x000001ded0000000, reserved size: 1073741824
Narrow klass base: 0x000001de8f000000, Narrow klass shift: 0, Narrow klass range: 0x41000000

GC Precious Log:
 CardTable entry size: 512
 Card Set container configuration: InlinePtr #cards 5 size 8 Array Of Cards #cards 12 size 40 Howl #buckets 4 coarsen threshold 1843 Howl Bitmap #cards 512 size 80 coarsen threshold 460 Card regions per heap region 1 cards per card region 2048
 CPUs: 4 total, 4 available
 Memory: 8088M
 Large Page Support: Disabled
 NUMA Support: Disabled
 Compressed Oops: Enabled (32-bit)
 Heap Region Size: 1M
 Heap Min Capacity: 8M
 Heap Initial Capacity: 128M
 Heap Max Capacity: 2024M
 Pre-touch: Disabled
 Parallel Workers: 4
 Concurrent Workers: 1
 Concurrent Refinement Workers: 4
 Periodic GC: Disabled

Heap:
 garbage-first heap   total reserved 2072576K, committed 131072K, used 10751K [0x0000000081800000, 0x0000000100000000)
  region size 1024K, 10 young (10240K), 2 survivors (2048K)
 Metaspace       used 5611K, committed 5824K, reserved 1114112K
  class space    used 652K, committed 768K, reserved 1048576K

Heap Regions: E=young(eden), S=young(survivor), O=old, HS=humongous(starts), HC=humongous(continues), CS=collection set, F=free, TAMS=top-at-mark-start, PB=parsable bottom
|   0|0x0000000081800000, 0x0000000081900000, 0x0000000081900000|100%| O|  |TAMS 0x0000000081800000| PB 0x0000000081800000| Untracked |  0
|   1|0x0000000081900000, 0x000000008197ff80, 0x0000000081a00000| 49%| O|  |TAMS 0x0000000081900000| PB 0x0000000081900000| Untracked |  0
|   2|0x0000000081a00000, 0x0000000081a00000, 0x0000000081b00000|  0%| F|  |TAMS 0x0000000081a00000| PB 0x0000000081a00000| Untracked |  0
|   3|0x0000000081b00000, 0x0000000081b00000, 0x0000000081c00000|  0%| F|  |TAMS 0x0000000081b00000| PB 0x0000000081b00000| Untracked |  0
|   4|0x0000000081c00000, 0x0000000081c00000, 0x0000000081d00000|  0%| F|  |TAMS 0x0000000081c00000| PB 0x0000000081c00000| Untracked |  0
|   5|0x0000000081d00000, 0x0000000081d00000, 0x0000000081e00000|  0%| F|  |TAMS 0x0000000081d00000| PB 0x0000000081d00000| Untracked |  0
|   6|0x0000000081e00000, 0x0000000081e00000, 0x0000000081f00000|  0%| F|  |TAMS 0x0000000081e00000| PB 0x0000000081e00000| Untracked |  0
|   7|0x0000000081f00000, 0x0000000081f00000, 0x0000000082000000|  0%| F|  |TAMS 0x0000000081f00000| PB 0x0000000081f00000| Untracked |  0
|   8|0x0000000082000000, 0x0000000082000000, 0x0000000082100000|  0%| F|  |TAMS 0x0000000082000000| PB 0x0000000082000000| Untracked |  0
|   9|0x0000000082100000, 0x0000000082100000, 0x0000000082200000|  0%| F|  |TAMS 0x0000000082100000| PB 0x0000000082100000| Untracked |  0
|  10|0x0000000082200000, 0x0000000082200000, 0x0000000082300000|  0%| F|  |TAMS 0x0000000082200000| PB 0x0000000082200000| Untracked |  0
|  11|0x0000000082300000, 0x0000000082300000, 0x0000000082400000|  0%| F|  |TAMS 0x0000000082300000| PB 0x0000000082300000| Untracked |  0
|  12|0x0000000082400000, 0x0000000082400000, 0x0000000082500000|  0%| F|  |TAMS 0x0000000082400000| PB 0x0000000082400000| Untracked |  0
|  13|0x0000000082500000, 0x0000000082500000, 0x0000000082600000|  0%| F|  |TAMS 0x0000000082500000| PB 0x0000000082500000| Untracked |  0
|  14|0x0000000082600000, 0x0000000082600000, 0x0000000082700000|  0%| F|  |TAMS 0x0000000082600000| PB 0x0000000082600000| Untracked |  0
|  15|0x0000000082700000, 0x0000000082700000, 0x0000000082800000|  0%| F|  |TAMS 0x0000000082700000| PB 0x0000000082700000| Untracked |  0
|  16|0x0000000082800000, 0x0000000082800000, 0x0000000082900000|  0%| F|  |TAMS 0x0000000082800000| PB 0x0000000082800000| Untracked |  0
|  17|0x0000000082900000, 0x0000000082900000, 0x0000000082a00000|  0%| F|  |TAMS 0x0000000082900000| PB 0x0000000082900000| Untracked |  0
|  18|0x0000000082a00000, 0x0000000082a00000, 0x0000000082b00000|  0%| F|  |TAMS 0x0000000082a00000| PB 0x0000000082a00000| Untracked |  0
|  19|0x0000000082b00000, 0x0000000082b00000, 0x0000000082c00000|  0%| F|  |TAMS 0x0000000082b00000| PB 0x0000000082b00000| Untracked |  0
|  20|0x0000000082c00000, 0x0000000082c00000, 0x0000000082d00000|  0%| F|  |TAMS 0x0000000082c00000| PB 0x0000000082c00000| Untracked |  0
|  21|0x0000000082d00000, 0x0000000082d00000, 0x0000000082e00000|  0%| F|  |TAMS 0x0000000082d00000| PB 0x0000000082d00000| Untracked |  0
|  22|0x0000000082e00000, 0x0000000082e00000, 0x0000000082f00000|  0%| F|  |TAMS 0x0000000082e00000| PB 0x0000000082e00000| Untracked |  0
|  23|0x0000000082f00000, 0x0000000082f00000, 0x0000000083000000|  0%| F|  |TAMS 0x0000000082f00000| PB 0x0000000082f00000| Untracked |  0
|  24|0x0000000083000000, 0x0000000083000000, 0x0000000083100000|  0%| F|  |TAMS 0x0000000083000000| PB 0x0000000083000000| Untracked |  0
|  25|0x0000000083100000, 0x0000000083100000, 0x0000000083200000|  0%| F|  |TAMS 0x0000000083100000| PB 0x0000000083100000| Untracked |  0
|  26|0x0000000083200000, 0x0000000083200000, 0x0000000083300000|  0%| F|  |TAMS 0x0000000083200000| PB 0x0000000083200000| Untracked |  0
|  27|0x0000000083300000, 0x0000000083300000, 0x0000000083400000|  0%| F|  |TAMS 0x0000000083300000| PB 0x0000000083300000| Untracked |  0
|  28|0x0000000083400000, 0x0000000083400000, 0x0000000083500000|  0%| F|  |TAMS 0x0000000083400000| PB 0x0000000083400000| Untracked |  0
|  29|0x0000000083500000, 0x0000000083500000, 0x0000000083600000|  0%| F|  |TAMS 0x0000000083500000| PB 0x0000000083500000| Untracked |  0
|  30|0x0000000083600000, 0x0000000083600000, 0x0000000083700000|  0%| F|  |TAMS 0x0000000083600000| PB 0x0000000083600000| Untracked |  0
|  31|0x0000000083700000, 0x0000000083700000, 0x0000000083800000|  0%| F|  |TAMS 0x0000000083700000| PB 0x0000000083700000| Untracked |  0
|  32|0x0000000083800000, 0x0000000083800000, 0x0000000083900000|  0%| F|  |TAMS 0x0000000083800000| PB 0x0000000083800000| Untracked |  0
|  33|0x0000000083900000, 0x0000000083900000, 0x0000000083a00000|  0%| F|  |TAMS 0x0000000083900000| PB 0x0000000083900000| Untracked |  0
|  34|0x0000000083a00000, 0x0000000083a00000, 0x0000000083b00000|  0%| F|  |TAMS 0x0000000083a00000| PB 0x0000000083a00000| Untracked |  0
|  35|0x0000000083b00000, 0x0000000083b00000, 0x0000000083c00000|  0%| F|  |TAMS 0x0000000083b00000| PB 0x0000000083b00000| Untracked |  0
|  36|0x0000000083c00000, 0x0000000083c00000, 0x0000000083d00000|  0%| F|  |TAMS 0x0000000083c00000| PB 0x0000000083c00000| Untracked |  0
|  37|0x0000000083d00000, 0x0000000083d00000, 0x0000000083e00000|  0%| F|  |TAMS 0x0000000083d00000| PB 0x0000000083d00000| Untracked |  0
|  38|0x0000000083e00000, 0x0000000083e00000, 0x0000000083f00000|  0%| F|  |TAMS 0x0000000083e00000| PB 0x0000000083e00000| Untracked |  0
|  39|0x0000000083f00000, 0x0000000083f00000, 0x0000000084000000|  0%| F|  |TAMS 0x0000000083f00000| PB 0x0000000083f00000| Untracked |  0
|  40|0x0000000084000000, 0x0000000084000000, 0x0000000084100000|  0%| F|  |TAMS 0x0000000084000000| PB 0x0000000084000000| Untracked |  0
|  41|0x0000000084100000, 0x0000000084100000, 0x0000000084200000|  0%| F|  |TAMS 0x0000000084100000| PB 0x0000000084100000| Untracked |  0
|  42|0x0000000084200000, 0x0000000084200000, 0x0000000084300000|  0%| F|  |TAMS 0x0000000084200000| PB 0x0000000084200000| Untracked |  0
|  43|0x0000000084300000, 0x0000000084300000, 0x0000000084400000|  0%| F|  |TAMS 0x0000000084300000| PB 0x0000000084300000| Untracked |  0
|  44|0x0000000084400000, 0x0000000084400000, 0x0000000084500000|  0%| F|  |TAMS 0x0000000084400000| PB 0x0000000084400000| Untracked |  0
|  45|0x0000000084500000, 0x0000000084500000, 0x0000000084600000|  0%| F|  |TAMS 0x0000000084500000| PB 0x0000000084500000| Untracked |  0
|  46|0x0000000084600000, 0x0000000084600000, 0x0000000084700000|  0%| F|  |TAMS 0x0000000084600000| PB 0x0000000084600000| Untracked |  0
|  47|0x0000000084700000, 0x0000000084700000, 0x0000000084800000|  0%| F|  |TAMS 0x0000000084700000| PB 0x0000000084700000| Untracked |  0
|  48|0x0000000084800000, 0x0000000084800000, 0x0000000084900000|  0%| F|  |TAMS 0x0000000084800000| PB 0x0000000084800000| Untracked |  0
|  49|0x0000000084900000, 0x0000000084900000, 0x0000000084a00000|  0%| F|  |TAMS 0x0000000084900000| PB 0x0000000084900000| Untracked |  0
|  50|0x0000000084a00000, 0x0000000084a00000, 0x0000000084b00000|  0%| F|  |TAMS 0x0000000084a00000| PB 0x0000000084a00000| Untracked |  0
|  51|0x0000000084b00000, 0x0000000084b00000, 0x0000000084c00000|  0%| F|  |TAMS 0x0000000084b00000| PB 0x0000000084b00000| Untracked |  0
|  52|0x0000000084c00000, 0x0000000084c00000, 0x0000000084d00000|  0%| F|  |TAMS 0x0000000084c00000| PB 0x0000000084c00000| Untracked |  0
|  53|0x0000000084d00000, 0x0000000084d00000, 0x0000000084e00000|  0%| F|  |TAMS 0x0000000084d00000| PB 0x0000000084d00000| Untracked |  0
|  54|0x0000000084e00000, 0x0000000084e00000, 0x0000000084f00000|  0%| F|  |TAMS 0x0000000084e00000| PB 0x0000000084e00000| Untracked |  0
|  55|0x0000000084f00000, 0x0000000084f00000, 0x0000000085000000|  0%| F|  |TAMS 0x0000000084f00000| PB 0x0000000084f00000| Untracked |  0
|  56|0x0000000085000000, 0x0000000085000000, 0x0000000085100000|  0%| F|  |TAMS 0x0000000085000000| PB 0x0000000085000000| Untracked |  0
|  57|0x0000000085100000, 0x0000000085100000, 0x0000000085200000|  0%| F|  |TAMS 0x0000000085100000| PB 0x0000000085100000| Untracked |  0
|  58|0x0000000085200000, 0x0000000085200000, 0x0000000085300000|  0%| F|  |TAMS 0x0000000085200000| PB 0x0000000085200000| Untracked |  0
|  59|0x0000000085300000, 0x0000000085300000, 0x0000000085400000|  0%| F|  |TAMS 0x0000000085300000| PB 0x0000000085300000| Untracked |  0
|  60|0x0000000085400000, 0x0000000085400000, 0x0000000085500000|  0%| F|  |TAMS 0x0000000085400000| PB 0x0000000085400000| Untracked |  0
|  61|0x0000000085500000, 0x0000000085500000, 0x0000000085600000|  0%| F|  |TAMS 0x0000000085500000| PB 0x0000000085500000| Untracked |  0
|  62|0x0000000085600000, 0x0000000085600000, 0x0000000085700000|  0%| F|  |TAMS 0x0000000085600000| PB 0x0000000085600000| Untracked |  0
|  63|0x0000000085700000, 0x0000000085700000, 0x0000000085800000|  0%| F|  |TAMS 0x0000000085700000| PB 0x0000000085700000| Untracked |  0
|  64|0x0000000085800000, 0x0000000085800000, 0x0000000085900000|  0%| F|  |TAMS 0x0000000085800000| PB 0x0000000085800000| Untracked |  0
|  65|0x0000000085900000, 0x0000000085900000, 0x0000000085a00000|  0%| F|  |TAMS 0x0000000085900000| PB 0x0000000085900000| Untracked |  0
|  66|0x0000000085a00000, 0x0000000085a00000, 0x0000000085b00000|  0%| F|  |TAMS 0x0000000085a00000| PB 0x0000000085a00000| Untracked |  0
|  67|0x0000000085b00000, 0x0000000085b00000, 0x0000000085c00000|  0%| F|  |TAMS 0x0000000085b00000| PB 0x0000000085b00000| Untracked |  0
|  68|0x0000000085c00000, 0x0000000085c00000, 0x0000000085d00000|  0%| F|  |TAMS 0x0000000085c00000| PB 0x0000000085c00000| Untracked |  0
|  69|0x0000000085d00000, 0x0000000085d00000, 0x0000000085e00000|  0%| F|  |TAMS 0x0000000085d00000| PB 0x0000000085d00000| Untracked |  0
|  70|0x0000000085e00000, 0x0000000085e00000, 0x0000000085f00000|  0%| F|  |TAMS 0x0000000085e00000| PB 0x0000000085e00000| Untracked |  0
|  71|0x0000000085f00000, 0x0000000085f00000, 0x0000000086000000|  0%| F|  |TAMS 0x0000000085f00000| PB 0x0000000085f00000| Untracked |  0
|  72|0x0000000086000000, 0x0000000086000000, 0x0000000086100000|  0%| F|  |TAMS 0x0000000086000000| PB 0x0000000086000000| Untracked |  0
|  73|0x0000000086100000, 0x0000000086100000, 0x0000000086200000|  0%| F|  |TAMS 0x0000000086100000| PB 0x0000000086100000| Untracked |  0
|  74|0x0000000086200000, 0x0000000086200000, 0x0000000086300000|  0%| F|  |TAMS 0x0000000086200000| PB 0x0000000086200000| Untracked |  0
|  75|0x0000000086300000, 0x0000000086300000, 0x0000000086400000|  0%| F|  |TAMS 0x0000000086300000| PB 0x0000000086300000| Untracked |  0
|  76|0x0000000086400000, 0x0000000086400000, 0x0000000086500000|  0%| F|  |TAMS 0x0000000086400000| PB 0x0000000086400000| Untracked |  0
|  77|0x0000000086500000, 0x0000000086500000, 0x0000000086600000|  0%| F|  |TAMS 0x0000000086500000| PB 0x0000000086500000| Untracked |  0
|  78|0x0000000086600000, 0x0000000086600000, 0x0000000086700000|  0%| F|  |TAMS 0x0000000086600000| PB 0x0000000086600000| Untracked |  0
|  79|0x0000000086700000, 0x0000000086700000, 0x0000000086800000|  0%| F|  |TAMS 0x0000000086700000| PB 0x0000000086700000| Untracked |  0
|  80|0x0000000086800000, 0x0000000086800000, 0x0000000086900000|  0%| F|  |TAMS 0x0000000086800000| PB 0x0000000086800000| Untracked |  0
|  81|0x0000000086900000, 0x0000000086900000, 0x0000000086a00000|  0%| F|  |TAMS 0x0000000086900000| PB 0x0000000086900000| Untracked |  0
|  82|0x0000000086a00000, 0x0000000086a00000, 0x0000000086b00000|  0%| F|  |TAMS 0x0000000086a00000| PB 0x0000000086a00000| Untracked |  0
|  83|0x0000000086b00000, 0x0000000086b00000, 0x0000000086c00000|  0%| F|  |TAMS 0x0000000086b00000| PB 0x0000000086b00000| Untracked |  0
|  84|0x0000000086c00000, 0x0000000086c00000, 0x0000000086d00000|  0%| F|  |TAMS 0x0000000086c00000| PB 0x0000000086c00000| Untracked |  0
|  85|0x0000000086d00000, 0x0000000086d00000, 0x0000000086e00000|  0%| F|  |TAMS 0x0000000086d00000| PB 0x0000000086d00000| Untracked |  0
|  86|0x0000000086e00000, 0x0000000086e00000, 0x0000000086f00000|  0%| F|  |TAMS 0x0000000086e00000| PB 0x0000000086e00000| Untracked |  0
|  87|0x0000000086f00000, 0x0000000086f00000, 0x0000000087000000|  0%| F|  |TAMS 0x0000000086f00000| PB 0x0000000086f00000| Untracked |  0
|  88|0x0000000087000000, 0x0000000087000000, 0x0000000087100000|  0%| F|  |TAMS 0x0000000087000000| PB 0x0000000087000000| Untracked |  0
|  89|0x0000000087100000, 0x0000000087100000, 0x0000000087200000|  0%| F|  |TAMS 0x0000000087100000| PB 0x0000000087100000| Untracked |  0
|  90|0x0000000087200000, 0x0000000087200000, 0x0000000087300000|  0%| F|  |TAMS 0x0000000087200000| PB 0x0000000087200000| Untracked |  0
|  91|0x0000000087300000, 0x0000000087300000, 0x0000000087400000|  0%| F|  |TAMS 0x0000000087300000| PB 0x0000000087300000| Untracked |  0
|  92|0x0000000087400000, 0x0000000087400000, 0x0000000087500000|  0%| F|  |TAMS 0x0000000087400000| PB 0x0000000087400000| Untracked |  0
|  93|0x0000000087500000, 0x0000000087500000, 0x0000000087600000|  0%| F|  |TAMS 0x0000000087500000| PB 0x0000000087500000| Untracked |  0
|  94|0x0000000087600000, 0x0000000087600000, 0x0000000087700000|  0%| F|  |TAMS 0x0000000087600000| PB 0x0000000087600000| Untracked |  0
|  95|0x0000000087700000, 0x0000000087700000, 0x0000000087800000|  0%| F|  |TAMS 0x0000000087700000| PB 0x0000000087700000| Untracked |  0
|  96|0x0000000087800000, 0x0000000087800000, 0x0000000087900000|  0%| F|  |TAMS 0x0000000087800000| PB 0x0000000087800000| Untracked |  0
|  97|0x0000000087900000, 0x0000000087900000, 0x0000000087a00000|  0%| F|  |TAMS 0x0000000087900000| PB 0x0000000087900000| Untracked |  0
|  98|0x0000000087a00000, 0x0000000087a00000, 0x0000000087b00000|  0%| F|  |TAMS 0x0000000087a00000| PB 0x0000000087a00000| Untracked |  0
|  99|0x0000000087b00000, 0x0000000087b00000, 0x0000000087c00000|  0%| F|  |TAMS 0x0000000087b00000| PB 0x0000000087b00000| Untracked |  0
| 100|0x0000000087c00000, 0x0000000087c00000, 0x0000000087d00000|  0%| F|  |TAMS 0x0000000087c00000| PB 0x0000000087c00000| Untracked |  0
| 101|0x0000000087d00000, 0x0000000087d00000, 0x0000000087e00000|  0%| F|  |TAMS 0x0000000087d00000| PB 0x0000000087d00000| Untracked |  0
| 102|0x0000000087e00000, 0x0000000087e00000, 0x0000000087f00000|  0%| F|  |TAMS 0x0000000087e00000| PB 0x0000000087e00000| Untracked |  0
| 103|0x0000000087f00000, 0x0000000087f00000, 0x0000000088000000|  0%| F|  |TAMS 0x0000000087f00000| PB 0x0000000087f00000| Untracked |  0
| 104|0x0000000088000000, 0x0000000088000000, 0x0000000088100000|  0%| F|  |TAMS 0x0000000088000000| PB 0x0000000088000000| Untracked |  0
| 105|0x0000000088100000, 0x0000000088100000, 0x0000000088200000|  0%| F|  |TAMS 0x0000000088100000| PB 0x0000000088100000| Untracked |  0
| 106|0x0000000088200000, 0x0000000088200000, 0x0000000088300000|  0%| F|  |TAMS 0x0000000088200000| PB 0x0000000088200000| Untracked |  0
| 107|0x0000000088300000, 0x0000000088300000, 0x0000000088400000|  0%| F|  |TAMS 0x0000000088300000| PB 0x0000000088300000| Untracked |  0
| 108|0x0000000088400000, 0x0000000088400000, 0x0000000088500000|  0%| F|  |TAMS 0x0000000088400000| PB 0x0000000088400000| Untracked |  0
| 109|0x0000000088500000, 0x0000000088500000, 0x0000000088600000|  0%| F|  |TAMS 0x0000000088500000| PB 0x0000000088500000| Untracked |  0
| 110|0x0000000088600000, 0x0000000088600000, 0x0000000088700000|  0%| F|  |TAMS 0x0000000088600000| PB 0x0000000088600000| Untracked |  0
| 111|0x0000000088700000, 0x0000000088700000, 0x0000000088800000|  0%| F|  |TAMS 0x0000000088700000| PB 0x0000000088700000| Untracked |  0
| 112|0x0000000088800000, 0x0000000088900000, 0x0000000088900000|100%| S|CS|TAMS 0x0000000088800000| PB 0x0000000088800000| Complete |  0
| 113|0x0000000088900000, 0x0000000088a00000, 0x0000000088a00000|100%| S|CS|TAMS 0x0000000088900000| PB 0x0000000088900000| Complete |  0
| 114|0x0000000088a00000, 0x0000000088a00000, 0x0000000088b00000|  0%| F|  |TAMS 0x0000000088a00000| PB 0x0000000088a00000| Untracked |  0
| 115|0x0000000088b00000, 0x0000000088b00000, 0x0000000088c00000|  0%| F|  |TAMS 0x0000000088b00000| PB 0x0000000088b00000| Untracked |  0
| 116|0x0000000088c00000, 0x0000000088c00000, 0x0000000088d00000|  0%| F|  |TAMS 0x0000000088c00000| PB 0x0000000088c00000| Untracked |  0
| 117|0x0000000088d00000, 0x0000000088d00000, 0x0000000088e00000|  0%| F|  |TAMS 0x0000000088d00000| PB 0x0000000088d00000| Untracked |  0
| 118|0x0000000088e00000, 0x0000000088e00000, 0x0000000088f00000|  0%| F|  |TAMS 0x0000000088e00000| PB 0x0000000088e00000| Untracked |  0
| 119|0x0000000088f00000, 0x0000000088f00000, 0x0000000089000000|  0%| F|  |TAMS 0x0000000088f00000| PB 0x0000000088f00000| Untracked |  0
| 120|0x0000000089000000, 0x00000000890af7f8, 0x0000000089100000| 68%| E|  |TAMS 0x0000000089000000| PB 0x0000000089000000| Complete |  0
| 121|0x0000000089100000, 0x0000000089200000, 0x0000000089200000|100%| E|CS|TAMS 0x0000000089100000| PB 0x0000000089100000| Complete |  0
| 122|0x0000000089200000, 0x0000000089300000, 0x0000000089300000|100%| E|CS|TAMS 0x0000000089200000| PB 0x0000000089200000| Complete |  0
| 123|0x0000000089300000, 0x0000000089400000, 0x0000000089400000|100%| E|CS|TAMS 0x0000000089300000| PB 0x0000000089300000| Complete |  0
| 124|0x0000000089400000, 0x0000000089500000, 0x0000000089500000|100%| E|CS|TAMS 0x0000000089400000| PB 0x0000000089400000| Complete |  0
| 125|0x0000000089500000, 0x0000000089600000, 0x0000000089600000|100%| E|CS|TAMS 0x0000000089500000| PB 0x0000000089500000| Complete |  0
| 126|0x0000000089600000, 0x0000000089700000, 0x0000000089700000|100%| E|CS|TAMS 0x0000000089600000| PB 0x0000000089600000| Complete |  0
| 127|0x0000000089700000, 0x0000000089800000, 0x0000000089800000|100%| E|CS|TAMS 0x0000000089700000| PB 0x0000000089700000| Complete |  0

Card table byte_map: [0x000001def8220000,0x000001def8620000] _byte_map_base: 0x000001def7e14000

Marking Bits: (CMBitMap*) 0x000001deedd22360
 Bits: [0x000001def8620000, 0x000001defa5c0000)

Polling page: 0x000001deedda0000

Metaspace:

Usage:
  Non-class:      4.84 MB used.
      Class:    652.35 KB used.
       Both:      5.48 MB used.

Virtual space:
  Non-class space:       64.00 MB reserved,       4.94 MB (  8%) committed,  1 nodes.
      Class space:        1.00 GB reserved,     768.00 KB ( <1%) committed,  1 nodes.
             Both:        1.06 GB reserved,       5.69 MB ( <1%) committed. 

Chunk freelists:
   Non-Class:  9.23 MB
       Class:  15.28 MB
        Both:  24.52 MB

MaxMetaspaceSize: unlimited
CompressedClassSpaceSize: 1.00 GB
Initial GC threshold: 21.00 MB
Current GC threshold: 21.00 MB
CDS: on
 - commit_granule_bytes: 65536.
 - commit_granule_words: 8192.
 - virtual_space_node_default_size: 8388608.
 - enlarge_chunks_in_place: 1.
 - use_allocation_guard: 0.


Internal statistics:

num_allocs_failed_limit: 0.
num_arena_births: 54.
num_arena_deaths: 0.
num_vsnodes_births: 2.
num_vsnodes_deaths: 0.
num_space_committed: 91.
num_space_uncommitted: 0.
num_chunks_returned_to_freelist: 0.
num_chunks_taken_from_freelist: 213.
num_chunk_merges: 0.
num_chunk_splits: 134.
num_chunks_enlarged: 111.
num_inconsistent_stats: 0.

CodeHeap 'non-profiled nmethods': size=120000Kb used=331Kb max_used=331Kb free=119668Kb
 bounds [0x000001de87ad0000, 0x000001de87d40000, 0x000001de8f000000]
CodeHeap 'profiled nmethods': size=120000Kb used=2205Kb max_used=2205Kb free=117794Kb
 bounds [0x000001de80000000, 0x000001de80270000, 0x000001de87530000]
CodeHeap 'non-nmethods': size=5760Kb used=1360Kb max_used=1383Kb free=4400Kb
 bounds [0x000001de87530000, 0x000001de877a0000, 0x000001de87ad0000]
 total_blobs=1590 nmethods=1126 adapters=369
 compilation: enabled
              stopped_count=0, restarted_count=0
 full_count=0

Compilation events (20 events):
Event: 1.600 Thread 0x000001defcc16a00 nmethod 1119 0x000001de8021d690 code [0x000001de8021d820, 0x000001de8021d9f0]
Event: 1.601 Thread 0x000001defcc16a00 1120       3       org.codehaus.plexus.util.xml.pull.MXParser::getText (125 bytes)
Event: 1.601 Thread 0x000001defcc16a00 nmethod 1120 0x000001de8021da90 code [0x000001de8021dc80, 0x000001de8021e178]
Event: 1.603 Thread 0x000001ded4bd6340 1111       4       sun.nio.cs.StreamDecoder::lockedRead (189 bytes)
Event: 1.616 Thread 0x000001defcc16a00 1122       3       org.codehaus.plexus.util.xml.pull.MXParser::newString (11 bytes)
Event: 1.616 Thread 0x000001defcc16a00 nmethod 1122 0x000001de8021e290 code [0x000001de8021e440, 0x000001de8021e5e8]
Event: 1.620 Thread 0x000001defcc16a00 1123       1       org.codehaus.plexus.util.xml.pull.MXParser::getEventType (5 bytes)
Event: 1.620 Thread 0x000001defcc16a00 nmethod 1123 0x000001de87b22a90 code [0x000001de87b22c20, 0x000001de87b22ce8]
Event: 1.621 Thread 0x000001defcc16a00 1124       3       org.codehaus.plexus.util.xml.pull.MXParser::getName (84 bytes)
Event: 1.621 Thread 0x000001defcc16a00 nmethod 1124 0x000001de8021e710 code [0x000001de8021e8e0, 0x000001de8021ec58]
Event: 1.621 Thread 0x000001defcc16a00 1125       3       org.codehaus.plexus.util.xml.pull.MXParser::ensureElementsCapacity (265 bytes)
Event: 1.622 Thread 0x000001defcc16a00 nmethod 1125 0x000001de8021ed90 code [0x000001de8021f000, 0x000001de80220020]
Event: 1.625 Thread 0x000001defcc16a00 1126       3       java.util.HashMap::isEmpty (13 bytes)
Event: 1.625 Thread 0x000001defcc16a00 nmethod 1126 0x000001de80220310 code [0x000001de802204a0, 0x000001de80220600]
Event: 1.631 Thread 0x000001defcc16a00 1130       3       org.codehaus.plexus.util.xml.pull.MXParser::isWhitespace (114 bytes)
Event: 1.632 Thread 0x000001defcc16a00 nmethod 1130 0x000001de80220690 code [0x000001de802208c0, 0x000001de802210a0]
Event: 1.633 Thread 0x000001defcc16a00 1131       3       org.codehaus.plexus.util.xml.pull.MXParser::nextTag (82 bytes)
Event: 1.634 Thread 0x000001defcc16a00 nmethod 1131 0x000001de80221290 code [0x000001de80221520, 0x000001de80221e60]
Event: 1.636 Thread 0x000001defcc16a00 1132       3       java.lang.StringLatin1::trim (76 bytes)
Event: 1.636 Thread 0x000001defcc16a00 nmethod 1132 0x000001de80222210 code [0x000001de802223e0, 0x000001de80222790]

GC Heap History (2 events):
Event: 1.272 GC heap before
{Heap before GC invocations=0 (full 0):
 garbage-first heap   total reserved 2072576K, committed 131072K, used 14336K [0x0000000081800000, 0x0000000100000000)
  region size 1024K, 14 young (14336K), 0 survivors (0K)
 Metaspace       used 4098K, committed 4224K, reserved 1114112K
  class space    used 424K, committed 512K, reserved 1048576K
}
Event: 1.281 GC heap after
{Heap after GC invocations=1 (full 0):
 garbage-first heap   total reserved 2072576K, committed 131072K, used 3583K [0x0000000081800000, 0x0000000100000000)
  region size 1024K, 2 young (2048K), 2 survivors (2048K)
 Metaspace       used 4098K, committed 4224K, reserved 1114112K
  class space    used 424K, committed 512K, reserved 1048576K
}

Dll operation events (8 events):
Event: 0.013 Loaded shared library C:\Program Files\Java\jdk-22\bin\java.dll
Event: 0.094 Loaded shared library C:\Program Files\Java\jdk-22\bin\jsvml.dll
Event: 0.103 Loaded shared library C:\Program Files\Java\jdk-22\bin\net.dll
Event: 0.106 Loaded shared library C:\Program Files\Java\jdk-22\bin\nio.dll
Event: 0.111 Loaded shared library C:\Program Files\Java\jdk-22\bin\zip.dll
Event: 0.392 Loaded shared library C:\Program Files\Java\jdk-22\bin\jimage.dll
Event: 0.442 Loaded shared library C:\Program Files\NetBeans-20\netbeans\java\maven\lib\jansi-native\Windows\x86_64\jansi.dll
Event: 0.527 Loaded shared library C:\Program Files\Java\jdk-22\bin\verify.dll

Deoptimization events (20 events):
Event: 1.463 Thread 0x000001deedb89d80 Uncommon trap: trap_request=0xffffffde fr.pc=0x000001de87b1aa48 relative=0x0000000000000128
Event: 1.463 Thread 0x000001deedb89d80 Uncommon trap: reason=class_check action=maybe_recompile pc=0x000001de87b1aa48 method=jdk.internal.misc.Unsafe.allocateUninitializedArray(Ljava/lang/Class;I)Ljava/lang/Object; @ 51 c2
Event: 1.463 Thread 0x000001deedb89d80 DEOPT PACKING pc=0x000001de87b1aa48 sp=0x0000003c23afc940
Event: 1.463 Thread 0x000001deedb89d80 DEOPT UNPACKING pc=0x000001de875846a2 sp=0x0000003c23afc8b8 mode 2
Event: 1.463 Thread 0x000001deedb89d80 Uncommon trap: trap_request=0xffffffde fr.pc=0x000001de87b1aa48 relative=0x0000000000000128
Event: 1.463 Thread 0x000001deedb89d80 Uncommon trap: reason=class_check action=maybe_recompile pc=0x000001de87b1aa48 method=jdk.internal.misc.Unsafe.allocateUninitializedArray(Ljava/lang/Class;I)Ljava/lang/Object; @ 51 c2
Event: 1.463 Thread 0x000001deedb89d80 DEOPT PACKING pc=0x000001de87b1aa48 sp=0x0000003c23afc940
Event: 1.463 Thread 0x000001deedb89d80 DEOPT UNPACKING pc=0x000001de875846a2 sp=0x0000003c23afc8b8 mode 2
Event: 1.463 Thread 0x000001deedb89d80 Uncommon trap: trap_request=0xffffffde fr.pc=0x000001de87b1aa48 relative=0x0000000000000128
Event: 1.463 Thread 0x000001deedb89d80 Uncommon trap: reason=class_check action=maybe_recompile pc=0x000001de87b1aa48 method=jdk.internal.misc.Unsafe.allocateUninitializedArray(Ljava/lang/Class;I)Ljava/lang/Object; @ 51 c2
Event: 1.463 Thread 0x000001deedb89d80 DEOPT PACKING pc=0x000001de87b1aa48 sp=0x0000003c23afcc80
Event: 1.463 Thread 0x000001deedb89d80 DEOPT UNPACKING pc=0x000001de875846a2 sp=0x0000003c23afcbf8 mode 2
Event: 1.552 Thread 0x000001deedb89d80 Uncommon trap: trap_request=0xffffff6e fr.pc=0x000001de87b07704 relative=0x0000000000000444
Event: 1.552 Thread 0x000001deedb89d80 Uncommon trap: reason=loop_limit_check action=maybe_recompile pc=0x000001de87b07704 method=java.lang.StringLatin1.indexOf([BI[BII)I @ 37 c2
Event: 1.552 Thread 0x000001deedb89d80 DEOPT PACKING pc=0x000001de87b07704 sp=0x0000003c23afd980
Event: 1.552 Thread 0x000001deedb89d80 DEOPT UNPACKING pc=0x000001de875846a2 sp=0x0000003c23afd8e0 mode 2
Event: 1.562 Thread 0x000001deedb89d80 Uncommon trap: trap_request=0xffffff76 fr.pc=0x000001de87b00a3c relative=0x000000000000035c
Event: 1.562 Thread 0x000001deedb89d80 Uncommon trap: reason=predicate action=maybe_recompile pc=0x000001de87b00a3c method=java.util.regex.Pattern$BmpCharPropertyGreedy.match(Ljava/util/regex/Matcher;ILjava/lang/CharSequence;)Z @ 12 c2
Event: 1.562 Thread 0x000001deedb89d80 DEOPT PACKING pc=0x000001de87b00a3c sp=0x0000003c23afdda0
Event: 1.562 Thread 0x000001deedb89d80 DEOPT UNPACKING pc=0x000001de875846a2 sp=0x0000003c23afdd58 mode 2

Classes loaded (20 events):
Event: 1.447 Loading class java/lang/annotation/Documented
Event: 1.448 Loading class java/lang/annotation/Documented done
Event: 1.475 Loading class java/util/concurrent/TimeoutException
Event: 1.475 Loading class java/util/concurrent/TimeoutException done
Event: 1.476 Loading class java/util/concurrent/CancellationException
Event: 1.476 Loading class java/util/concurrent/CancellationException done
Event: 1.477 Loading class java/security/PrivilegedActionException
Event: 1.477 Loading class java/security/PrivilegedActionException done
Event: 1.477 Loading class sun/misc/Unsafe
Event: 1.477 Loading class sun/misc/Unsafe done
Event: 1.479 Loading class java/lang/invoke/DirectMethodHandle$StaticAccessor
Event: 1.479 Loading class java/lang/invoke/DirectMethodHandle$StaticAccessor done
Event: 1.491 Loading class java/lang/reflect/ParameterizedType
Event: 1.491 Loading class java/lang/reflect/ParameterizedType done
Event: 1.495 Loading class java/lang/reflect/WildcardType
Event: 1.496 Loading class java/lang/reflect/WildcardType done
Event: 1.502 Loading class sun/reflect/generics/tree/TypeVariableSignature
Event: 1.502 Loading class sun/reflect/generics/tree/TypeVariableSignature done
Event: 1.548 Loading class java/lang/annotation/IncompleteAnnotationException
Event: 1.548 Loading class java/lang/annotation/IncompleteAnnotationException done

Classes unloaded (0 events):
No events

Classes redefined (0 events):
No events

Internal exceptions (20 events):
Event: 0.446 Thread 0x000001deedb89d80 Exception <a 'java/lang/NullPointerException'{0x00000000892403d0}> (0x00000000892403d0) 
thrown [s\open\src\hotspot\share\interpreter\linkResolver.cpp, line 1374]
Event: 0.471 Thread 0x000001deedb89d80 Exception <a 'java/lang/NullPointerException'{0x0000000089245138}> (0x0000000089245138) 
thrown [s\open\src\hotspot\share\interpreter\linkResolver.cpp, line 1374]
Event: 0.504 Thread 0x000001deedb89d80 Exception <a 'java/lang/NullPointerException'{0x00000000892587f0}> (0x00000000892587f0) 
thrown [s\open\src\hotspot\share\interpreter\linkResolver.cpp, line 1374]
Event: 0.504 Thread 0x000001deedb89d80 Exception <a 'java/lang/NullPointerException'{0x0000000089258ad0}> (0x0000000089258ad0) 
thrown [s\open\src\hotspot\share\interpreter\linkResolver.cpp, line 1374]
Event: 0.504 Thread 0x000001deedb89d80 Exception <a 'java/lang/NullPointerException'{0x0000000089258db0}> (0x0000000089258db0) 
thrown [s\open\src\hotspot\share\interpreter\linkResolver.cpp, line 1374]
Event: 0.504 Thread 0x000001deedb89d80 Exception <a 'java/lang/NullPointerException'{0x0000000089259090}> (0x0000000089259090) 
thrown [s\open\src\hotspot\share\interpreter\linkResolver.cpp, line 1374]
Event: 0.523 Thread 0x000001deedb89d80 Exception <a 'sun/nio/fs/WindowsException'{0x0000000089281e08}> (0x0000000089281e08) 
thrown [s\open\src\hotspot\share\prims\jni.cpp, line 520]
Event: 0.523 Thread 0x000001deedb89d80 Exception <a 'sun/nio/fs/WindowsException'{0x0000000089282488}> (0x0000000089282488) 
thrown [s\open\src\hotspot\share\prims\jni.cpp, line 520]
Event: 0.525 Thread 0x000001deedb89d80 Exception <a 'sun/nio/fs/WindowsException'{0x0000000089282998}> (0x0000000089282998) 
thrown [s\open\src\hotspot\share\prims\jni.cpp, line 520]
Event: 0.525 Thread 0x000001deedb89d80 Exception <a 'sun/nio/fs/WindowsException'{0x0000000089282e58}> (0x0000000089282e58) 
thrown [s\open\src\hotspot\share\prims\jni.cpp, line 520]
Event: 0.581 Thread 0x000001deedb89d80 Exception <a 'java/lang/NoSuchMethodError'{0x00000000892f4cc8}: 'void java.lang.invoke.DirectMethodHandle$Holder.invokeStatic(java.lang.Object, java.lang.Object, java.lang.Object)'> (0x00000000892f4cc8) 
thrown [s\open\src\hotspot\share\interpreter\linkResolver.cpp, line 774]
Event: 0.766 Thread 0x000001deedb89d80 Exception <a 'java/lang/NoSuchMethodError'{0x00000000890a6930}: 'java.lang.Object java.lang.invoke.DirectMethodHandle$Holder.invokeSpecialIFC(java.lang.Object, java.lang.Object, java.lang.Object, java.lang.Object)'> (0x00000000890a6930) 
thrown [s\open\src\hotspot\share\interpreter\linkResolver.cpp, line 774]
Event: 1.228 Thread 0x000001deedb89d80 Exception <a 'java/lang/NoSuchMethodError'{0x0000000088a128d0}: 'void java.lang.invoke.DirectMethodHandle$Holder.invokeSpecial(java.lang.Object, java.lang.Object, java.lang.Object)'> (0x0000000088a128d0) 
thrown [s\open\src\hotspot\share\interpreter\linkResolver.cpp, line 774]
Event: 1.303 Thread 0x000001deedb89d80 Exception <a 'java/lang/NoSuchMethodError'{0x0000000089775dd0}: 'java.lang.Object java.lang.invoke.DirectMethodHandle$Holder.invokeInterface(java.lang.Object, java.lang.Object)'> (0x0000000089775dd0) 
thrown [s\open\src\hotspot\share\interpreter\linkResolver.cpp, line 774]
Event: 1.339 Thread 0x000001deedb89d80 Exception <a 'java/lang/NoSuchMethodError'{0x0000000089627e90}: 'int java.lang.invoke.DirectMethodHandle$Holder.invokeStatic(java.lang.Object, java.lang.Object, java.lang.Object, java.lang.Object)'> (0x0000000089627e90) 
thrown [s\open\src\hotspot\share\interpreter\linkResolver.cpp, line 774]
Event: 1.340 Thread 0x000001deedb89d80 Exception <a 'java/lang/NoSuchMethodError'{0x000000008962b550}: 'java.lang.Object java.lang.invoke.Invokers$Holder.invokeExact_MT(java.lang.Object, java.lang.Object, java.lang.Object, java.lang.Object, java.lang.Object, java.lang.Object)'> (0x000000008962b550) 
thrown [s\open\src\hotspot\share\interpreter\linkResolver.cpp, line 774]
Event: 1.343 Thread 0x000001deedb89d80 Exception <a 'java/lang/NoSuchMethodError'{0x000000008963a0c0}: 'int java.lang.invoke.DirectMethodHandle$Holder.invokeSpecialIFC(java.lang.Object, java.lang.Object, java.lang.Object, java.lang.Object, java.lang.Object)'> (0x000000008963a0c0) 
thrown [s\open\src\hotspot\share\interpreter\linkResolver.cpp, line 774]
Event: 1.451 Thread 0x000001deedb89d80 Exception <a 'java/lang/NoSuchMethodError'{0x00000000895b5630}: 'java.lang.Object java.lang.invoke.DirectMethodHandle$Holder.newInvokeSpecial(java.lang.Object, java.lang.Object, java.lang.Object, java.lang.Object, java.lang.Object)'> (0x00000000895b5630) 
thrown [s\open\src\hotspot\share\interpreter\linkResolver.cpp, line 774]
Event: 1.527 Thread 0x000001deedb89d80 Exception <a 'java/lang/NoSuchMethodError'{0x00000000894ac790}: 'int java.lang.invoke.DirectMethodHandle$Holder.invokeStaticInit(java.lang.Object, java.lang.Object)'> (0x00000000894ac790) 
thrown [s\open\src\hotspot\share\interpreter\linkResolver.cpp, line 774]
Event: 1.549 Thread 0x000001deedb89d80 Exception <a 'java/lang/NoClassDefFoundError'{0x00000000894e04e0}: javax/enterprise/inject/Typed> (0x00000000894e04e0) 
thrown [s\open\src\hotspot\share\classfile\systemDictionary.cpp, line 302]

ZGC Phase Switch (0 events):
No events

VM Operations (8 events):
Event: 0.113 Executing VM operation: HandshakeAllThreads (Deoptimize)
Event: 0.113 Executing VM operation: HandshakeAllThreads (Deoptimize) done
Event: 0.384 Executing VM operation: HandshakeAllThreads (Deoptimize)
Event: 0.384 Executing VM operation: HandshakeAllThreads (Deoptimize) done
Event: 0.397 Executing VM operation: HandshakeAllThreads (Deoptimize)
Event: 0.397 Executing VM operation: HandshakeAllThreads (Deoptimize) done
Event: 1.272 Executing VM operation: G1CollectForAllocation (G1 Evacuation Pause)
Event: 1.282 Executing VM operation: G1CollectForAllocation (G1 Evacuation Pause) done

Events (12 events):
Event: 0.035 Thread 0x000001deedb89d80 Thread added: 0x000001deedb89d80
Event: 0.054 Thread 0x000001defcbee940 Thread added: 0x000001defcbee940
Event: 0.054 Thread 0x000001defcbef910 Thread added: 0x000001defcbef910
Event: 0.055 Thread 0x000001defcbfb8c0 Thread added: 0x000001defcbfb8c0
Event: 0.055 Thread 0x000001defcbfe830 Thread added: 0x000001defcbfe830
Event: 0.055 Thread 0x000001defcbff290 Thread added: 0x000001defcbff290
Event: 0.055 Thread 0x000001defcbffcf0 Thread added: 0x000001defcbffcf0
Event: 0.055 Thread 0x000001defcc00a80 Thread added: 0x000001defcc00a80
Event: 0.058 Thread 0x000001defcc16a00 Thread added: 0x000001defcc16a00
Event: 0.086 Thread 0x000001ded4157dc0 Thread added: 0x000001ded4157dc0
Event: 0.089 Thread 0x000001ded415ac50 Thread added: 0x000001ded415ac50
Event: 1.590 Thread 0x000001ded4bd6340 Thread added: 0x000001ded4bd6340


Dynamic libraries:
0x00007ff666840000 - 0x00007ff666850000 	C:\Program Files\Java\jdk-22\bin\java.exe
0x00007ffb69350000 - 0x00007ffb69548000 	C:\Windows\SYSTEM32\ntdll.dll
0x00007ffb68af0000 - 0x00007ffb68bad000 	C:\Windows\System32\KERNEL32.DLL
0x00007ffb66cc0000 - 0x00007ffb66fb6000 	C:\Windows\System32\KERNELBASE.dll
0x00007ffb66b50000 - 0x00007ffb66c50000 	C:\Windows\System32\ucrtbase.dll
0x00007ffb5d140000 - 0x00007ffb5d157000 	C:\Program Files\Java\jdk-22\bin\jli.dll
0x00007ffb677b0000 - 0x00007ffb6785f000 	C:\Windows\System32\ADVAPI32.dll
0x00007ffb69270000 - 0x00007ffb6930e000 	C:\Windows\System32\msvcrt.dll
0x00007ffb67ef0000 - 0x00007ffb67f8c000 	C:\Windows\System32\sechost.dll
0x00007ffb68f20000 - 0x00007ffb69046000 	C:\Windows\System32\RPCRT4.dll
0x00007ffb68bb0000 - 0x00007ffb68d4e000 	C:\Windows\System32\USER32.dll
0x00007ffb672f0000 - 0x00007ffb67312000 	C:\Windows\System32\win32u.dll
0x00007ffb67860000 - 0x00007ffb6788c000 	C:\Windows\System32\GDI32.dll
0x00007ffb66a30000 - 0x00007ffb66b4a000 	C:\Windows\System32\gdi32full.dll
0x00007ffb67200000 - 0x00007ffb6729d000 	C:\Windows\System32\msvcp_win.dll
0x00007ffb40b60000 - 0x00007ffb40b7b000 	C:\Program Files\Java\jdk-22\bin\VCRUNTIME140.dll
0x00007ffb4a700000 - 0x00007ffb4a99a000 	C:\Windows\WinSxS\amd64_microsoft.windows.common-controls_6595b64144ccf1df_6.0.19041.3636_none_60b6a03d71f818d5\COMCTL32.dll
0x00007ffb5a480000 - 0x00007ffb5a48a000 	C:\Windows\SYSTEM32\VERSION.dll
0x00007ffb67780000 - 0x00007ffb677b0000 	C:\Windows\System32\IMM32.DLL
0x00007ffb5ebc0000 - 0x00007ffb5ebcc000 	C:\Program Files\Java\jdk-22\bin\vcruntime140_1.dll
0x00007ffb2cf40000 - 0x00007ffb2cfce000 	C:\Program Files\Java\jdk-22\bin\msvcp140.dll
0x00007ffaef5d0000 - 0x00007ffaf0317000 	C:\Program Files\Java\jdk-22\bin\server\jvm.dll
0x00007ffb69130000 - 0x00007ffb6919b000 	C:\Windows\System32\WS2_32.dll
0x00007ffb65f90000 - 0x00007ffb65fdb000 	C:\Windows\SYSTEM32\POWRPROF.dll
0x00007ffb40b80000 - 0x00007ffb40ba7000 	C:\Windows\SYSTEM32\WINMM.dll
0x00007ffb65e50000 - 0x00007ffb65e62000 	C:\Windows\SYSTEM32\UMPDC.dll
0x00007ffb652b0000 - 0x00007ffb652c2000 	C:\Windows\SYSTEM32\kernel.appcore.dll
0x00007ffb50010000 - 0x00007ffb5001a000 	C:\Program Files\Java\jdk-22\bin\jimage.dll
0x00007ffb60b30000 - 0x00007ffb60d14000 	C:\Windows\SYSTEM32\DBGHELP.DLL
0x00007ffb44e50000 - 0x00007ffb44e84000 	C:\Windows\SYSTEM32\dbgcore.DLL
0x00007ffb67320000 - 0x00007ffb673a2000 	C:\Windows\System32\bcryptPrimitives.dll
0x00007ffb40b40000 - 0x00007ffb40b5e000 	C:\Program Files\Java\jdk-22\bin\java.dll
0x00007ffb67f90000 - 0x00007ffb686d5000 	C:\Windows\System32\SHELL32.dll
0x00007ffb67930000 - 0x00007ffb67a5b000 	C:\Windows\System32\ole32.dll
0x00007ffb68790000 - 0x00007ffb68ae4000 	C:\Windows\System32\combase.dll
0x00007ffb64540000 - 0x00007ffb64cdb000 	C:\Windows\SYSTEM32\windows.storage.dll
0x00007ffb66470000 - 0x00007ffb6649d000 	C:\Windows\SYSTEM32\Wldp.dll
0x00007ffb68d50000 - 0x00007ffb68dfd000 	C:\Windows\System32\SHCORE.dll
0x00007ffb675e0000 - 0x00007ffb67635000 	C:\Windows\System32\shlwapi.dll
0x00007ffb66960000 - 0x00007ffb66985000 	C:\Windows\SYSTEM32\profapi.dll
0x00007ffb2d1d0000 - 0x00007ffb2d2a7000 	C:\Program Files\Java\jdk-22\bin\jsvml.dll
0x00007ffb3b5a0000 - 0x00007ffb3b5b0000 	C:\Program Files\Java\jdk-22\bin\net.dll
0x00007ffb661d0000 - 0x00007ffb6623a000 	C:\Windows\system32\mswsock.dll
0x00007ffb336a0000 - 0x00007ffb336b6000 	C:\Program Files\Java\jdk-22\bin\nio.dll
0x00007ffb31a10000 - 0x00007ffb31a27000 	C:\Program Files\Java\jdk-22\bin\zip.dll
0x0000000069ac0000 - 0x0000000069ae4000 	C:\Program Files\NetBeans-20\netbeans\java\maven\lib\jansi-native\Windows\x86_64\jansi.dll
0x00007ffb3aef0000 - 0x00007ffb3af00000 	C:\Program Files\Java\jdk-22\bin\verify.dll

dbghelp: loaded successfully - version: 4.0.5 - missing functions: none
symbol engine: initialized successfully - sym options: 0x614 - pdb path: .;C:\Program Files\Java\jdk-22\bin;C:\Windows\SYSTEM32;C:\Windows\WinSxS\amd64_microsoft.windows.common-controls_6595b64144ccf1df_6.0.19041.3636_none_60b6a03d71f818d5;C:\Program Files\Java\jdk-22\bin\server;C:\Program Files\NetBeans-20\netbeans\java\maven\lib\jansi-native\Windows\x86_64

VM Arguments:
jvm_args: -Dclassworlds.conf=C:\Program Files\NetBeans-20\netbeans\java\maven\bin\m2.conf -Dmaven.home=C:\Program Files\NetBeans-20\netbeans\java\maven -Dlibrary.jansi.path=C:\Program Files\NetBeans-20\netbeans\java\maven\lib\jansi-native -Dmaven.multiModuleProjectDirectory=F:\NetBeans\Spring Boot\Financial Analytics Application 
java_command: org.codehaus.plexus.classworlds.launcher.Launcher -Dexec.vmArgs= -Dexec.args=${exec.vmArgs} -classpath %classpath ${exec.mainClass} ${exec.appArgs} -Dexec.executable=C:\Program Files\Java\jdk-22\bin\java.exe -Dexec.mainClass=com.example.finanalyzr.FinanalyzrApplication -Dexec.classpathScope=runtime -Dexec.appArgs= -Dmaven.ext.class.path=C:\Program Files\NetBeans-20\netbeans\java\maven-nblib\netbeans-eventspy.jar --no-transfer-progress process-classes org.codehaus.mojo:exec-maven-plugin:3.1.0:exec
java_class_path (initial): C:\Program Files\NetBeans-20\netbeans\java\maven\boot\plexus-classworlds-2.7.0.jar
Launcher Type: SUN_STANDARD

[Global flags]
     intx CICompilerCount                          = 3                                         {product} {ergonomic}
     uint ConcGCThreads                            = 1                                         {product} {ergonomic}
     uint G1ConcRefinementThreads                  = 4                                         {product} {ergonomic}
   size_t G1HeapRegionSize                         = 1048576                                   {product} {ergonomic}
   size_t InitialHeapSize                          = 134217728                                 {product} {ergonomic}
   size_t MarkStackSize                            = 4194304                                   {product} {ergonomic}
   size_t MaxHeapSize                              = 2122317824                                {product} {ergonomic}
   size_t MaxNewSize                               = 1272971264                                {product} {ergonomic}
   size_t MinHeapDeltaBytes                        = 1048576                                   {product} {ergonomic}
   size_t MinHeapSize                              = 8388608                                   {product} {ergonomic}
    uintx NonNMethodCodeHeapSize                   = 5832780                                {pd product} {ergonomic}
    uintx NonProfiledCodeHeapSize                  = 122912730                              {pd product} {ergonomic}
    uintx ProfiledCodeHeapSize                     = 122912730                              {pd product} {ergonomic}
    uintx ReservedCodeCacheSize                    = 251658240                              {pd product} {ergonomic}
     bool SegmentedCodeCache                       = true                                      {product} {ergonomic}
   size_t SoftMaxHeapSize                          = 2122317824                             {manageable} {ergonomic}
     bool UseCompressedOops                        = true                           {product lp64_product} {ergonomic}
     bool UseG1GC                                  = true                                      {product} {ergonomic}
     bool UseLargePagesIndividualAllocation        = false                                  {pd product} {ergonomic}

Logging:
Log output configuration:
 #0: stdout all=warning uptime,level,tags foldmultilines=false
 #1: stderr all=off uptime,level,tags foldmultilines=false

Environment Variables:
JAVA_HOME=C:\Program Files\Java\jdk-22
PATH=F:\NetBeans\jenkins\\bin;C:\Program Files\Common Files\Oracle\Java\javapath;C:\Windows\system32;C:\Windows;C:\Windows\System32\Wbem;C:\Windows\System32\WindowsPowerShell\v1.0\;C:\Windows\System32\OpenSSH\;C:\Program Files\Java\jdk-22\bin;C:\Program Files\Git\cmd;F:\NetBeans\PostgreSQL\bin;C:\Program Files\nodejs\;C:\Users\Mohamed Diab\AppData\Local\Microsoft\WindowsApps\python.exe;C:\Users\Mohamed Diab\venv\Scripts\python.exe;C:\Users\Mohamed Diab\AppData\Local\Programs\Python\Launcher\;C:\Users\Mohamed Diab\AppData\Local\Microsoft\WindowsApps;C:\Program Files\JetBrains\PyCharm Community Edition 2022.1.1\bin;;F:\NetBeans\Visual studio Code\Microsoft VS Code\bin;C:\Users\Mohamed Diab\AppData\Roaming\npm;C:\Users\Mohamed Diab\AppData\Roaming\npm\node_modules\@angular\cli\node_modules
USERNAME=Mohamed Diab
OS=Windows_NT
PROCESSOR_IDENTIFIER=Intel64 Family 6 Model 78 Stepping 3, GenuineIntel
TMP=C:\Users\MOHAME~1\AppData\Local\Temp
TEMP=C:\Users\MOHAME~1\AppData\Local\Temp




Periodic native trim disabled

---------------  S Y S T E M  ---------------

OS:
 Windows 10 , 64 bit Build 19041 (10.0.19041.3636)
OS uptime: 0 days 22:29 hours

CPU: total 4 (initial active 4) (2 cores per cpu, 2 threads per core) family 6 model 78 stepping 3 microcode 0xcc, cx8, cmov, fxsr, ht, mmx, 3dnowpref, sse, sse2, sse3, ssse3, sse4.1, sse4.2, popcnt, lzcnt, tsc, tscinvbit, avx, avx2, aes, erms, clmul, bmi1, bmi2, adx, fma, vzeroupper, clflush, clflushopt, rdtscp, f16c
Processor Information for all 4 processors :
  Max Mhz: 2592, Current Mhz: 2492, Mhz Limit: 2488

Memory: 4k page, system-wide physical 8088M (648M free)
TotalPageFile size 10136M (AvailPageFile size 6M)
current process WorkingSet (physical memory assigned to process): 75M, peak: 75M
current process commit charge ("private bytes"): 221M, peak: 221M

vm_info: Java HotSpot(TM) 64-Bit Server VM (22.0.1+8-16) for windows-amd64 JRE (22.0.1+8-16), built on 2024-03-12T10:33:16Z by "mach5one" with MS VC++ 17.6 (VS2022)

END.
