#
# There is insufficient memory for the Java Runtime Environment to continue.
# Native memory allocation (malloc) failed to allocate 189920 bytes. Error detail: Chunk::new
# Possible reasons:
#   The system is out of physical RAM or swap space
#   This process is running with CompressedOops enabled, and the Java Heap may be blocking the growth of the native heap
# Possible solutions:
#   Reduce memory load on the system
#   Increase physical memory or swap space
#   Check if swap backing store is full
#   Decrease Java heap size (-Xmx/-Xms)
#   Decrease number of Java threads
#   Decrease Java thread stack sizes (-Xss)
#   Set larger code cache with -XX:ReservedCodeCacheSize=
#   JVM is running with Unscaled Compressed Oops mode in which the Java heap is
#     placed in the first 4GB address space. The Java Heap base address is the
#     maximum limit for the native heap growth. Please use -XX:HeapBaseMinAddress
#     to set the Java Heap base and to place the Java Heap above 4GB virtual address.
# This output file may be truncated or incomplete.
#
#  Out of Memory Error (arena.cpp:150), pid=9508, tid=14620
#
# JRE version: Java(TM) SE Runtime Environment (22.0.1+8) (build 22.0.1+8-16)
# Java VM: Java HotSpot(TM) 64-Bit Server VM (22.0.1+8-16, mixed mode, sharing, tiered, compressed oops, compressed class ptrs, g1 gc, windows-amd64)
# No core dump will be written. Minidumps are not enabled by default on client versions of Windows
#

---------------  S U M M A R Y ------------

Command Line: com.example.finanalyzr.FinanalyzrApplication

Host: Intel(R) Core(TM) i7-6500U CPU @ 2.50GHz, 4 cores, 7G,  Windows 10 , 64 bit Build 19041 (10.0.19041.3636)
Time: Thu Jul  4 19:15:34 2024 Egypt Daylight Time elapsed time: 1.231134 seconds (0d 0h 0m 1s)

---------------  T H R E A D  ---------------

Current thread (0x00000169fb581320):  JavaThread "C2 CompilerThread0" daemon [_thread_in_native, id=14620, stack(0x0000004316500000,0x0000004316600000) (1024K)]


Current CompileTask:
C2:1231 1169   !   4       java.util.concurrent.ConcurrentHashMap::putVal (432 bytes)

Stack: [0x0000004316500000,0x0000004316600000]
Native frames: (J=compiled Java code, j=interpreted, Vv=VM code, C=native code)
V  [jvm.dll+0x6e2279]  (no source info available)
V  [jvm.dll+0x874e33]  (no source info available)
V  [jvm.dll+0x87725e]  (no source info available)
V  [jvm.dll+0x877933]  (no source info available)
V  [jvm.dll+0x27fd76]  (no source info available)
V  [jvm.dll+0xc3d0f]  (no source info available)
V  [jvm.dll+0xc3f6b]  (no source info available)
V  [jvm.dll+0x3bb10c]  (no source info available)
V  [jvm.dll+0x1df87e]  (no source info available)
V  [jvm.dll+0x247a5c]  (no source info available)
V  [jvm.dll+0x246fbf]  (no source info available)
V  [jvm.dll+0x1c4e90]  (no source info available)
V  [jvm.dll+0x2569fe]  (no source info available)
V  [jvm.dll+0x254cba]  (no source info available)
V  [jvm.dll+0x3f5336]  (no source info available)
V  [jvm.dll+0x81d44b]  (no source info available)
V  [jvm.dll+0x6e0915]  (no source info available)
C  [ucrtbase.dll+0x21bb2]  (no source info available)
C  [KERNEL32.DLL+0x17344]  (no source info available)
C  [ntdll.dll+0x526b1]  (no source info available)


---------------  P R O C E S S  ---------------

Threads class SMR info:
_java_thread_list=0x00000169c58ea880, length=12, elements={
0x00000169dd49f760, 0x00000169fb572eb0, 0x00000169fb573dd0, 0x00000169fb57c3e0,
0x00000169fb57ee50, 0x00000169fb57fb30, 0x00000169fb580590, 0x00000169fb581320,
0x00000169fb58f820, 0x00000169c5213cc0, 0x00000169c51e7760, 0x00000169c6050c80
}

Java Threads: ( => current thread )
  0x00000169dd49f760 JavaThread "main"                              [_thread_in_vm, id=8580, stack(0x0000004315700000,0x0000004315800000) (1024K)]
  0x00000169fb572eb0 JavaThread "Reference Handler"          daemon [_thread_blocked, id=10700, stack(0x0000004315f00000,0x0000004316000000) (1024K)]
  0x00000169fb573dd0 JavaThread "Finalizer"                  daemon [_thread_blocked, id=5588, stack(0x0000004316000000,0x0000004316100000) (1024K)]
  0x00000169fb57c3e0 JavaThread "Signal Dispatcher"          daemon [_thread_blocked, id=12668, stack(0x0000004316100000,0x0000004316200000) (1024K)]
  0x00000169fb57ee50 JavaThread "Attach Listener"            daemon [_thread_blocked, id=2684, stack(0x0000004316200000,0x0000004316300000) (1024K)]
  0x00000169fb57fb30 JavaThread "Service Thread"             daemon [_thread_blocked, id=3804, stack(0x0000004316300000,0x0000004316400000) (1024K)]
  0x00000169fb580590 JavaThread "Monitor Deflation Thread"   daemon [_thread_blocked, id=9796, stack(0x0000004316400000,0x0000004316500000) (1024K)]
=>0x00000169fb581320 JavaThread "C2 CompilerThread0"         daemon [_thread_in_native, id=14620, stack(0x0000004316500000,0x0000004316600000) (1024K)]
  0x00000169fb58f820 JavaThread "C1 CompilerThread0"         daemon [_thread_blocked, id=8600, stack(0x0000004316600000,0x0000004316700000) (1024K)]
  0x00000169c5213cc0 JavaThread "Notification Thread"        daemon [_thread_blocked, id=11356, stack(0x0000004316700000,0x0000004316800000) (1024K)]
  0x00000169c51e7760 JavaThread "Common-Cleaner"             daemon [_thread_blocked, id=11208, stack(0x0000004316800000,0x0000004316900000) (1024K)]
  0x00000169c6050c80 JavaThread "C2 CompilerThread1"         daemon [_thread_in_native, id=7752, stack(0x0000004316900000,0x0000004316a00000) (1024K)]
Total: 12

Other Threads:
  0x00000169fb5558e0 VMThread "VM Thread"                           [id=12144, stack(0x0000004315e00000,0x0000004315f00000) (1024K)]
  0x00000169fb53e530 WatcherThread "VM Periodic Task Thread"        [id=13796, stack(0x0000004315d00000,0x0000004315e00000) (1024K)]
  0x00000169dd6c10f0 WorkerThread "GC Thread#0"                     [id=16116, stack(0x0000004315800000,0x0000004315900000) (1024K)]
  0x00000169c5c5a890 WorkerThread "GC Thread#1"                     [id=1472, stack(0x0000004316a00000,0x0000004316b00000) (1024K)]
  0x00000169c5c5ac40 WorkerThread "GC Thread#2"                     [id=3992, stack(0x0000004316b00000,0x0000004316c00000) (1024K)]
  0x00000169c5983f00 WorkerThread "GC Thread#3"                     [id=1964, stack(0x0000004316c00000,0x0000004316d00000) (1024K)]
  0x00000169dd6d3100 ConcurrentGCThread "G1 Main Marker"            [id=9396, stack(0x0000004315900000,0x0000004315a00000) (1024K)]
  0x00000169dd6d4470 WorkerThread "G1 Conc#0"                       [id=13536, stack(0x0000004315a00000,0x0000004315b00000) (1024K)]
  0x00000169fb4034e0 ConcurrentGCThread "G1 Refine#0"               [id=208, stack(0x0000004315b00000,0x0000004315c00000) (1024K)]
  0x00000169fb405f80 ConcurrentGCThread "G1 Service"                [id=15924, stack(0x0000004315c00000,0x0000004315d00000) (1024K)]
Total: 10

Threads with active compile tasks:
C2 CompilerThread0  1324 1169   !   4       java.util.concurrent.ConcurrentHashMap::putVal (432 bytes)
C2 CompilerThread1  1324 1239       4       jdk.internal.org.objectweb.asm.SymbolTable::addConstantUtf8 (98 bytes)
Total: 2

VM state: not at safepoint (normal execution)

VM Mutex/Monitor currently owned by a thread:  ([mutex/lock_event])
[0x00007ffb11529b38] Metaspace_lock - owner thread: 0x00000169dd49f760

Heap address: 0x0000000081800000, size: 2024 MB, Compressed Oops mode: 32-bit

CDS archive(s) mapped at: [0x0000016980000000-0x0000016980c60000-0x0000016980c60000), size 12976128, SharedBaseAddress: 0x0000016980000000, ArchiveRelocationMode: 1.
Compressed class space mapped at: 0x0000016981000000-0x00000169c1000000, reserved size: 1073741824
Narrow klass base: 0x0000016980000000, Narrow klass shift: 0, Narrow klass range: 0x41000000

GC Precious Log:
 CardTable entry size: 512
 Card Set container configuration: InlinePtr #cards 5 size 8 Array Of Cards #cards 12 size 40 Howl #buckets 4 coarsen threshold 1843 Howl Bitmap #cards 512 size 80 coarsen threshold 460 Card regions per heap region 1 cards per card region 2048
 CPUs: 4 total, 4 available
 Memory: 8088M
 Large Page Support: Disabled
 NUMA Support: Disabled
 Compressed Oops: Enabled (32-bit)
 Heap Region Size: 1M
 Heap Min Capacity: 8M
 Heap Initial Capacity: 128M
 Heap Max Capacity: 2024M
 Pre-touch: Disabled
 Parallel Workers: 4
 Concurrent Workers: 1
 Concurrent Refinement Workers: 4
 Periodic GC: Disabled

Heap:
 garbage-first heap   total reserved 2072576K, committed 131072K, used 16181K [0x0000000081800000, 0x0000000100000000)
  region size 1024K, 12 young (12288K), 2 survivors (2048K)
 Metaspace       used 6464K, committed 6656K, reserved 1114112K
  class space    used 776K, committed 896K, reserved 1048576K

Heap Regions: E=young(eden), S=young(survivor), O=old, HS=humongous(starts), HC=humongous(continues), CS=collection set, F=free, TAMS=top-at-mark-start, PB=parsable bottom
|   0|0x0000000081800000, 0x0000000081900000, 0x0000000081900000|100%|HS|  |TAMS 0x0000000081800000| PB 0x0000000081800000| Complete |  0
|   1|0x0000000081900000, 0x0000000081a00000, 0x0000000081a00000|100%| O|  |TAMS 0x0000000081900000| PB 0x0000000081900000| Untracked |  0
|   2|0x0000000081a00000, 0x0000000081b00000, 0x0000000081b00000|100%| O|  |TAMS 0x0000000081a00000| PB 0x0000000081a00000| Untracked |  0
|   3|0x0000000081b00000, 0x0000000081c00000, 0x0000000081c00000|100%| O|  |TAMS 0x0000000081b00000| PB 0x0000000081b00000| Untracked |  0
|   4|0x0000000081c00000, 0x0000000081ccd790, 0x0000000081d00000| 80%| O|  |TAMS 0x0000000081c00000| PB 0x0000000081c00000| Untracked |  0
|   5|0x0000000081d00000, 0x0000000081d00000, 0x0000000081e00000|  0%| F|  |TAMS 0x0000000081d00000| PB 0x0000000081d00000| Untracked |  0
|   6|0x0000000081e00000, 0x0000000081e00000, 0x0000000081f00000|  0%| F|  |TAMS 0x0000000081e00000| PB 0x0000000081e00000| Untracked |  0
|   7|0x0000000081f00000, 0x0000000081f00000, 0x0000000082000000|  0%| F|  |TAMS 0x0000000081f00000| PB 0x0000000081f00000| Untracked |  0
|   8|0x0000000082000000, 0x0000000082000000, 0x0000000082100000|  0%| F|  |TAMS 0x0000000082000000| PB 0x0000000082000000| Untracked |  0
|   9|0x0000000082100000, 0x0000000082100000, 0x0000000082200000|  0%| F|  |TAMS 0x0000000082100000| PB 0x0000000082100000| Untracked |  0
|  10|0x0000000082200000, 0x0000000082200000, 0x0000000082300000|  0%| F|  |TAMS 0x0000000082200000| PB 0x0000000082200000| Untracked |  0
|  11|0x0000000082300000, 0x0000000082300000, 0x0000000082400000|  0%| F|  |TAMS 0x0000000082300000| PB 0x0000000082300000| Untracked |  0
|  12|0x0000000082400000, 0x0000000082400000, 0x0000000082500000|  0%| F|  |TAMS 0x0000000082400000| PB 0x0000000082400000| Untracked |  0
|  13|0x0000000082500000, 0x0000000082500000, 0x0000000082600000|  0%| F|  |TAMS 0x0000000082500000| PB 0x0000000082500000| Untracked |  0
|  14|0x0000000082600000, 0x0000000082600000, 0x0000000082700000|  0%| F|  |TAMS 0x0000000082600000| PB 0x0000000082600000| Untracked |  0
|  15|0x0000000082700000, 0x0000000082700000, 0x0000000082800000|  0%| F|  |TAMS 0x0000000082700000| PB 0x0000000082700000| Untracked |  0
|  16|0x0000000082800000, 0x0000000082800000, 0x0000000082900000|  0%| F|  |TAMS 0x0000000082800000| PB 0x0000000082800000| Untracked |  0
|  17|0x0000000082900000, 0x0000000082900000, 0x0000000082a00000|  0%| F|  |TAMS 0x0000000082900000| PB 0x0000000082900000| Untracked |  0
|  18|0x0000000082a00000, 0x0000000082a00000, 0x0000000082b00000|  0%| F|  |TAMS 0x0000000082a00000| PB 0x0000000082a00000| Untracked |  0
|  19|0x0000000082b00000, 0x0000000082b00000, 0x0000000082c00000|  0%| F|  |TAMS 0x0000000082b00000| PB 0x0000000082b00000| Untracked |  0
|  20|0x0000000082c00000, 0x0000000082c00000, 0x0000000082d00000|  0%| F|  |TAMS 0x0000000082c00000| PB 0x0000000082c00000| Untracked |  0
|  21|0x0000000082d00000, 0x0000000082d00000, 0x0000000082e00000|  0%| F|  |TAMS 0x0000000082d00000| PB 0x0000000082d00000| Untracked |  0
|  22|0x0000000082e00000, 0x0000000082e00000, 0x0000000082f00000|  0%| F|  |TAMS 0x0000000082e00000| PB 0x0000000082e00000| Untracked |  0
|  23|0x0000000082f00000, 0x0000000082f00000, 0x0000000083000000|  0%| F|  |TAMS 0x0000000082f00000| PB 0x0000000082f00000| Untracked |  0
|  24|0x0000000083000000, 0x0000000083000000, 0x0000000083100000|  0%| F|  |TAMS 0x0000000083000000| PB 0x0000000083000000| Untracked |  0
|  25|0x0000000083100000, 0x0000000083100000, 0x0000000083200000|  0%| F|  |TAMS 0x0000000083100000| PB 0x0000000083100000| Untracked |  0
|  26|0x0000000083200000, 0x0000000083200000, 0x0000000083300000|  0%| F|  |TAMS 0x0000000083200000| PB 0x0000000083200000| Untracked |  0
|  27|0x0000000083300000, 0x0000000083300000, 0x0000000083400000|  0%| F|  |TAMS 0x0000000083300000| PB 0x0000000083300000| Untracked |  0
|  28|0x0000000083400000, 0x0000000083400000, 0x0000000083500000|  0%| F|  |TAMS 0x0000000083400000| PB 0x0000000083400000| Untracked |  0
|  29|0x0000000083500000, 0x0000000083500000, 0x0000000083600000|  0%| F|  |TAMS 0x0000000083500000| PB 0x0000000083500000| Untracked |  0
|  30|0x0000000083600000, 0x0000000083600000, 0x0000000083700000|  0%| F|  |TAMS 0x0000000083600000| PB 0x0000000083600000| Untracked |  0
|  31|0x0000000083700000, 0x0000000083700000, 0x0000000083800000|  0%| F|  |TAMS 0x0000000083700000| PB 0x0000000083700000| Untracked |  0
|  32|0x0000000083800000, 0x0000000083800000, 0x0000000083900000|  0%| F|  |TAMS 0x0000000083800000| PB 0x0000000083800000| Untracked |  0
|  33|0x0000000083900000, 0x0000000083900000, 0x0000000083a00000|  0%| F|  |TAMS 0x0000000083900000| PB 0x0000000083900000| Untracked |  0
|  34|0x0000000083a00000, 0x0000000083a00000, 0x0000000083b00000|  0%| F|  |TAMS 0x0000000083a00000| PB 0x0000000083a00000| Untracked |  0
|  35|0x0000000083b00000, 0x0000000083b00000, 0x0000000083c00000|  0%| F|  |TAMS 0x0000000083b00000| PB 0x0000000083b00000| Untracked |  0
|  36|0x0000000083c00000, 0x0000000083c00000, 0x0000000083d00000|  0%| F|  |TAMS 0x0000000083c00000| PB 0x0000000083c00000| Untracked |  0
|  37|0x0000000083d00000, 0x0000000083d00000, 0x0000000083e00000|  0%| F|  |TAMS 0x0000000083d00000| PB 0x0000000083d00000| Untracked |  0
|  38|0x0000000083e00000, 0x0000000083e00000, 0x0000000083f00000|  0%| F|  |TAMS 0x0000000083e00000| PB 0x0000000083e00000| Untracked |  0
|  39|0x0000000083f00000, 0x0000000083f00000, 0x0000000084000000|  0%| F|  |TAMS 0x0000000083f00000| PB 0x0000000083f00000| Untracked |  0
|  40|0x0000000084000000, 0x0000000084000000, 0x0000000084100000|  0%| F|  |TAMS 0x0000000084000000| PB 0x0000000084000000| Untracked |  0
|  41|0x0000000084100000, 0x0000000084100000, 0x0000000084200000|  0%| F|  |TAMS 0x0000000084100000| PB 0x0000000084100000| Untracked |  0
|  42|0x0000000084200000, 0x0000000084200000, 0x0000000084300000|  0%| F|  |TAMS 0x0000000084200000| PB 0x0000000084200000| Untracked |  0
|  43|0x0000000084300000, 0x0000000084300000, 0x0000000084400000|  0%| F|  |TAMS 0x0000000084300000| PB 0x0000000084300000| Untracked |  0
|  44|0x0000000084400000, 0x0000000084400000, 0x0000000084500000|  0%| F|  |TAMS 0x0000000084400000| PB 0x0000000084400000| Untracked |  0
|  45|0x0000000084500000, 0x0000000084500000, 0x0000000084600000|  0%| F|  |TAMS 0x0000000084500000| PB 0x0000000084500000| Untracked |  0
|  46|0x0000000084600000, 0x0000000084600000, 0x0000000084700000|  0%| F|  |TAMS 0x0000000084600000| PB 0x0000000084600000| Untracked |  0
|  47|0x0000000084700000, 0x0000000084700000, 0x0000000084800000|  0%| F|  |TAMS 0x0000000084700000| PB 0x0000000084700000| Untracked |  0
|  48|0x0000000084800000, 0x0000000084800000, 0x0000000084900000|  0%| F|  |TAMS 0x0000000084800000| PB 0x0000000084800000| Untracked |  0
|  49|0x0000000084900000, 0x0000000084900000, 0x0000000084a00000|  0%| F|  |TAMS 0x0000000084900000| PB 0x0000000084900000| Untracked |  0
|  50|0x0000000084a00000, 0x0000000084a00000, 0x0000000084b00000|  0%| F|  |TAMS 0x0000000084a00000| PB 0x0000000084a00000| Untracked |  0
|  51|0x0000000084b00000, 0x0000000084b00000, 0x0000000084c00000|  0%| F|  |TAMS 0x0000000084b00000| PB 0x0000000084b00000| Untracked |  0
|  52|0x0000000084c00000, 0x0000000084c00000, 0x0000000084d00000|  0%| F|  |TAMS 0x0000000084c00000| PB 0x0000000084c00000| Untracked |  0
|  53|0x0000000084d00000, 0x0000000084d00000, 0x0000000084e00000|  0%| F|  |TAMS 0x0000000084d00000| PB 0x0000000084d00000| Untracked |  0
|  54|0x0000000084e00000, 0x0000000084e00000, 0x0000000084f00000|  0%| F|  |TAMS 0x0000000084e00000| PB 0x0000000084e00000| Untracked |  0
|  55|0x0000000084f00000, 0x0000000084f00000, 0x0000000085000000|  0%| F|  |TAMS 0x0000000084f00000| PB 0x0000000084f00000| Untracked |  0
|  56|0x0000000085000000, 0x0000000085000000, 0x0000000085100000|  0%| F|  |TAMS 0x0000000085000000| PB 0x0000000085000000| Untracked |  0
|  57|0x0000000085100000, 0x0000000085100000, 0x0000000085200000|  0%| F|  |TAMS 0x0000000085100000| PB 0x0000000085100000| Untracked |  0
|  58|0x0000000085200000, 0x0000000085200000, 0x0000000085300000|  0%| F|  |TAMS 0x0000000085200000| PB 0x0000000085200000| Untracked |  0
|  59|0x0000000085300000, 0x0000000085300000, 0x0000000085400000|  0%| F|  |TAMS 0x0000000085300000| PB 0x0000000085300000| Untracked |  0
|  60|0x0000000085400000, 0x0000000085400000, 0x0000000085500000|  0%| F|  |TAMS 0x0000000085400000| PB 0x0000000085400000| Untracked |  0
|  61|0x0000000085500000, 0x0000000085500000, 0x0000000085600000|  0%| F|  |TAMS 0x0000000085500000| PB 0x0000000085500000| Untracked |  0
|  62|0x0000000085600000, 0x0000000085600000, 0x0000000085700000|  0%| F|  |TAMS 0x0000000085600000| PB 0x0000000085600000| Untracked |  0
|  63|0x0000000085700000, 0x0000000085700000, 0x0000000085800000|  0%| F|  |TAMS 0x0000000085700000| PB 0x0000000085700000| Untracked |  0
|  64|0x0000000085800000, 0x0000000085800000, 0x0000000085900000|  0%| F|  |TAMS 0x0000000085800000| PB 0x0000000085800000| Untracked |  0
|  65|0x0000000085900000, 0x0000000085900000, 0x0000000085a00000|  0%| F|  |TAMS 0x0000000085900000| PB 0x0000000085900000| Untracked |  0
|  66|0x0000000085a00000, 0x0000000085a00000, 0x0000000085b00000|  0%| F|  |TAMS 0x0000000085a00000| PB 0x0000000085a00000| Untracked |  0
|  67|0x0000000085b00000, 0x0000000085b00000, 0x0000000085c00000|  0%| F|  |TAMS 0x0000000085b00000| PB 0x0000000085b00000| Untracked |  0
|  68|0x0000000085c00000, 0x0000000085c00000, 0x0000000085d00000|  0%| F|  |TAMS 0x0000000085c00000| PB 0x0000000085c00000| Untracked |  0
|  69|0x0000000085d00000, 0x0000000085d00000, 0x0000000085e00000|  0%| F|  |TAMS 0x0000000085d00000| PB 0x0000000085d00000| Untracked |  0
|  70|0x0000000085e00000, 0x0000000085e00000, 0x0000000085f00000|  0%| F|  |TAMS 0x0000000085e00000| PB 0x0000000085e00000| Untracked |  0
|  71|0x0000000085f00000, 0x0000000085f00000, 0x0000000086000000|  0%| F|  |TAMS 0x0000000085f00000| PB 0x0000000085f00000| Untracked |  0
|  72|0x0000000086000000, 0x0000000086000000, 0x0000000086100000|  0%| F|  |TAMS 0x0000000086000000| PB 0x0000000086000000| Untracked |  0
|  73|0x0000000086100000, 0x0000000086100000, 0x0000000086200000|  0%| F|  |TAMS 0x0000000086100000| PB 0x0000000086100000| Untracked |  0
|  74|0x0000000086200000, 0x0000000086200000, 0x0000000086300000|  0%| F|  |TAMS 0x0000000086200000| PB 0x0000000086200000| Untracked |  0
|  75|0x0000000086300000, 0x0000000086300000, 0x0000000086400000|  0%| F|  |TAMS 0x0000000086300000| PB 0x0000000086300000| Untracked |  0
|  76|0x0000000086400000, 0x0000000086400000, 0x0000000086500000|  0%| F|  |TAMS 0x0000000086400000| PB 0x0000000086400000| Untracked |  0
|  77|0x0000000086500000, 0x0000000086500000, 0x0000000086600000|  0%| F|  |TAMS 0x0000000086500000| PB 0x0000000086500000| Untracked |  0
|  78|0x0000000086600000, 0x0000000086600000, 0x0000000086700000|  0%| F|  |TAMS 0x0000000086600000| PB 0x0000000086600000| Untracked |  0
|  79|0x0000000086700000, 0x0000000086700000, 0x0000000086800000|  0%| F|  |TAMS 0x0000000086700000| PB 0x0000000086700000| Untracked |  0
|  80|0x0000000086800000, 0x0000000086800000, 0x0000000086900000|  0%| F|  |TAMS 0x0000000086800000| PB 0x0000000086800000| Untracked |  0
|  81|0x0000000086900000, 0x0000000086900000, 0x0000000086a00000|  0%| F|  |TAMS 0x0000000086900000| PB 0x0000000086900000| Untracked |  0
|  82|0x0000000086a00000, 0x0000000086a00000, 0x0000000086b00000|  0%| F|  |TAMS 0x0000000086a00000| PB 0x0000000086a00000| Untracked |  0
|  83|0x0000000086b00000, 0x0000000086b00000, 0x0000000086c00000|  0%| F|  |TAMS 0x0000000086b00000| PB 0x0000000086b00000| Untracked |  0
|  84|0x0000000086c00000, 0x0000000086c00000, 0x0000000086d00000|  0%| F|  |TAMS 0x0000000086c00000| PB 0x0000000086c00000| Untracked |  0
|  85|0x0000000086d00000, 0x0000000086d00000, 0x0000000086e00000|  0%| F|  |TAMS 0x0000000086d00000| PB 0x0000000086d00000| Untracked |  0
|  86|0x0000000086e00000, 0x0000000086e00000, 0x0000000086f00000|  0%| F|  |TAMS 0x0000000086e00000| PB 0x0000000086e00000| Untracked |  0
|  87|0x0000000086f00000, 0x0000000086f00000, 0x0000000087000000|  0%| F|  |TAMS 0x0000000086f00000| PB 0x0000000086f00000| Untracked |  0
|  88|0x0000000087000000, 0x0000000087000000, 0x0000000087100000|  0%| F|  |TAMS 0x0000000087000000| PB 0x0000000087000000| Untracked |  0
|  89|0x0000000087100000, 0x0000000087100000, 0x0000000087200000|  0%| F|  |TAMS 0x0000000087100000| PB 0x0000000087100000| Untracked |  0
|  90|0x0000000087200000, 0x0000000087200000, 0x0000000087300000|  0%| F|  |TAMS 0x0000000087200000| PB 0x0000000087200000| Untracked |  0
|  91|0x0000000087300000, 0x0000000087300000, 0x0000000087400000|  0%| F|  |TAMS 0x0000000087300000| PB 0x0000000087300000| Untracked |  0
|  92|0x0000000087400000, 0x0000000087400000, 0x0000000087500000|  0%| F|  |TAMS 0x0000000087400000| PB 0x0000000087400000| Untracked |  0
|  93|0x0000000087500000, 0x0000000087500000, 0x0000000087600000|  0%| F|  |TAMS 0x0000000087500000| PB 0x0000000087500000| Untracked |  0
|  94|0x0000000087600000, 0x0000000087600000, 0x0000000087700000|  0%| F|  |TAMS 0x0000000087600000| PB 0x0000000087600000| Untracked |  0
|  95|0x0000000087700000, 0x0000000087700000, 0x0000000087800000|  0%| F|  |TAMS 0x0000000087700000| PB 0x0000000087700000| Untracked |  0
|  96|0x0000000087800000, 0x0000000087800000, 0x0000000087900000|  0%| F|  |TAMS 0x0000000087800000| PB 0x0000000087800000| Untracked |  0
|  97|0x0000000087900000, 0x0000000087900000, 0x0000000087a00000|  0%| F|  |TAMS 0x0000000087900000| PB 0x0000000087900000| Untracked |  0
|  98|0x0000000087a00000, 0x0000000087a00000, 0x0000000087b00000|  0%| F|  |TAMS 0x0000000087a00000| PB 0x0000000087a00000| Untracked |  0
|  99|0x0000000087b00000, 0x0000000087b00000, 0x0000000087c00000|  0%| F|  |TAMS 0x0000000087b00000| PB 0x0000000087b00000| Untracked |  0
| 100|0x0000000087c00000, 0x0000000087c00000, 0x0000000087d00000|  0%| F|  |TAMS 0x0000000087c00000| PB 0x0000000087c00000| Untracked |  0
| 101|0x0000000087d00000, 0x0000000087d00000, 0x0000000087e00000|  0%| F|  |TAMS 0x0000000087d00000| PB 0x0000000087d00000| Untracked |  0
| 102|0x0000000087e00000, 0x0000000087e00000, 0x0000000087f00000|  0%| F|  |TAMS 0x0000000087e00000| PB 0x0000000087e00000| Untracked |  0
| 103|0x0000000087f00000, 0x0000000087f00000, 0x0000000088000000|  0%| F|  |TAMS 0x0000000087f00000| PB 0x0000000087f00000| Untracked |  0
| 104|0x0000000088000000, 0x0000000088000000, 0x0000000088100000|  0%| F|  |TAMS 0x0000000088000000| PB 0x0000000088000000| Untracked |  0
| 105|0x0000000088100000, 0x0000000088100000, 0x0000000088200000|  0%| F|  |TAMS 0x0000000088100000| PB 0x0000000088100000| Untracked |  0
| 106|0x0000000088200000, 0x0000000088200000, 0x0000000088300000|  0%| F|  |TAMS 0x0000000088200000| PB 0x0000000088200000| Untracked |  0
| 107|0x0000000088300000, 0x0000000088300000, 0x0000000088400000|  0%| F|  |TAMS 0x0000000088300000| PB 0x0000000088300000| Untracked |  0
| 108|0x0000000088400000, 0x0000000088400000, 0x0000000088500000|  0%| F|  |TAMS 0x0000000088400000| PB 0x0000000088400000| Untracked |  0
| 109|0x0000000088500000, 0x0000000088500000, 0x0000000088600000|  0%| F|  |TAMS 0x0000000088500000| PB 0x0000000088500000| Untracked |  0
| 110|0x0000000088600000, 0x0000000088600000, 0x0000000088700000|  0%| F|  |TAMS 0x0000000088600000| PB 0x0000000088600000| Untracked |  0
| 111|0x0000000088700000, 0x0000000088700000, 0x0000000088800000|  0%| F|  |TAMS 0x0000000088700000| PB 0x0000000088700000| Untracked |  0
| 112|0x0000000088800000, 0x0000000088900000, 0x0000000088900000|100%| S|CS|TAMS 0x0000000088800000| PB 0x0000000088800000| Complete |  0
| 113|0x0000000088900000, 0x0000000088a00000, 0x0000000088a00000|100%| S|CS|TAMS 0x0000000088900000| PB 0x0000000088900000| Complete |  0
| 114|0x0000000088a00000, 0x0000000088a00000, 0x0000000088b00000|  0%| F|  |TAMS 0x0000000088a00000| PB 0x0000000088a00000| Untracked |  0
| 115|0x0000000088b00000, 0x0000000088b00000, 0x0000000088c00000|  0%| F|  |TAMS 0x0000000088b00000| PB 0x0000000088b00000| Untracked |  0
| 116|0x0000000088c00000, 0x0000000088c00000, 0x0000000088d00000|  0%| F|  |TAMS 0x0000000088c00000| PB 0x0000000088c00000| Untracked |  0
| 117|0x0000000088d00000, 0x0000000088d00000, 0x0000000088e00000|  0%| F|  |TAMS 0x0000000088d00000| PB 0x0000000088d00000| Untracked |  0
| 118|0x0000000088e00000, 0x0000000088ef49f8, 0x0000000088f00000| 95%| E|  |TAMS 0x0000000088e00000| PB 0x0000000088e00000| Complete |  0
| 119|0x0000000088f00000, 0x0000000089000000, 0x0000000089000000|100%| E|CS|TAMS 0x0000000088f00000| PB 0x0000000088f00000| Complete |  0
| 120|0x0000000089000000, 0x0000000089100000, 0x0000000089100000|100%| E|CS|TAMS 0x0000000089000000| PB 0x0000000089000000| Complete |  0
| 121|0x0000000089100000, 0x0000000089200000, 0x0000000089200000|100%| E|CS|TAMS 0x0000000089100000| PB 0x0000000089100000| Complete |  0
| 122|0x0000000089200000, 0x0000000089300000, 0x0000000089300000|100%| E|CS|TAMS 0x0000000089200000| PB 0x0000000089200000| Complete |  0
| 123|0x0000000089300000, 0x0000000089400000, 0x0000000089400000|100%| E|CS|TAMS 0x0000000089300000| PB 0x0000000089300000| Complete |  0
| 124|0x0000000089400000, 0x0000000089500000, 0x0000000089500000|100%| E|CS|TAMS 0x0000000089400000| PB 0x0000000089400000| Complete |  0
| 125|0x0000000089500000, 0x0000000089600000, 0x0000000089600000|100%| E|CS|TAMS 0x0000000089500000| PB 0x0000000089500000| Complete |  0
| 126|0x0000000089600000, 0x0000000089700000, 0x0000000089700000|100%| E|CS|TAMS 0x0000000089600000| PB 0x0000000089600000| Complete |  0
| 127|0x0000000089700000, 0x0000000089800000, 0x0000000089800000|100%| E|CS|TAMS 0x0000000089700000| PB 0x0000000089700000| Complete |  0

Card table byte_map: [0x00000169f6ba0000,0x00000169f6fa0000] _byte_map_base: 0x00000169f6794000

Marking Bits: (CMBitMap*) 0x00000169dd6c2b20
 Bits: [0x00000169f6fa0000, 0x00000169f8f40000)

Polling page: 0x00000169dd450000

Metaspace:

Usage:
  Non-class:      5.55 MB used.
      Class:    776.89 KB used.
       Both:      6.31 MB used.

Virtual space:
  Non-class space:       64.00 MB reserved,       5.62 MB (  9%) committed,  1 nodes.
      Class space:        1.00 GB reserved,     896.00 KB ( <1%) committed,  1 nodes.
             Both:        1.06 GB reserved,       6.50 MB ( <1%) committed. 

Chunk freelists:
   Non-Class:  8.98 MB
       Class:  15.07 MB
        Both:  24.06 MB

MaxMetaspaceSize: unlimited
CompressedClassSpaceSize: 1.00 GB
Initial GC threshold: 21.00 MB
Current GC threshold: 21.00 MB
CDS: on
 - commit_granule_bytes: 65536.
 - commit_granule_words: 8192.
 - virtual_space_node_default_size: 8388608.
 - enlarge_chunks_in_place: 1.
 - use_allocation_guard: 0.


Internal statistics:

num_allocs_failed_limit: 0.
num_arena_births: 170.
num_arena_deaths: 0.
num_vsnodes_births: 2.
num_vsnodes_deaths: 0.
num_space_committed: 104.
num_space_uncommitted: 0.
num_chunks_returned_to_freelist: 0.
num_chunks_taken_from_freelist: 406.
num_chunk_merges: 0.
num_chunk_splits: 224.
num_chunks_enlarged: 120.
num_inconsistent_stats: 0.

CodeHeap 'non-profiled nmethods': size=120000Kb used=442Kb max_used=442Kb free=119557Kb
 bounds [0x00000169eec40000, 0x00000169eeeb0000, 0x00000169f6170000]
CodeHeap 'profiled nmethods': size=120000Kb used=2194Kb max_used=2194Kb free=117805Kb
 bounds [0x00000169e7170000, 0x00000169e73e0000, 0x00000169ee6a0000]
CodeHeap 'non-nmethods': size=5760Kb used=1371Kb max_used=1389Kb free=4388Kb
 bounds [0x00000169ee6a0000, 0x00000169ee910000, 0x00000169eec40000]
 total_blobs=1722 nmethods=1250 adapters=377
 compilation: enabled
              stopped_count=0, restarted_count=0
 full_count=0

Compilation events (20 events):
Event: 1.202 Thread 0x00000169fb58f820 1174       3       org.springframework.util.ConcurrentReferenceHashMap::purgeUnreferencedEntries (33 bytes)
Event: 1.202 Thread 0x00000169fb58f820 nmethod 1174 0x00000169e7373d90 code [0x00000169e7373f40, 0x00000169e7374158]
Event: 1.202 Thread 0x00000169fb58f820 1178       3       java.lang.Integer::numberOfLeadingZeros (79 bytes)
Event: 1.202 Thread 0x00000169fb58f820 nmethod 1178 0x00000169e7374290 code [0x00000169e7374440, 0x00000169e73746e8]
Event: 1.202 Thread 0x00000169fb58f820 1175       3       org.springframework.util.ConcurrentReferenceHashMap::getReference (18 bytes)
Event: 1.203 Thread 0x00000169fb58f820 nmethod 1175 0x00000169e7374790 code [0x00000169e7374960, 0x00000169e7374bc8]
Event: 1.203 Thread 0x00000169fb58f820 1179       3       org.springframework.core.ResolvableType::calculateHashCode (80 bytes)
Event: 1.203 Thread 0x00000169fb58f820 nmethod 1179 0x00000169e7374d10 code [0x00000169e7374f00, 0x00000169e7375330]
Event: 1.203 Thread 0x00000169fb58f820 1184       3       org.springframework.util.ConcurrentReferenceHashMap$Segment::findInChain (66 bytes)
Event: 1.203 Thread 0x00000169fb58f820 nmethod 1184 0x00000169e7375490 code [0x00000169e7375680, 0x00000169e7375be8]
Event: 1.204 Thread 0x00000169fb58f820 1181       3       org.springframework.util.ConcurrentReferenceHashMap$Segment::getIndex (7 bytes)
Event: 1.204 Thread 0x00000169fb58f820 nmethod 1181 0x00000169e7375e10 code [0x00000169e7375fa0, 0x00000169e73760b8]
Event: 1.204 Thread 0x00000169fb58f820 1180       3       org.springframework.core.ResolvableType::<init> (39 bytes)
Event: 1.204 Thread 0x00000169fb58f820 nmethod 1180 0x00000169e7376190 code [0x00000169e7376360, 0x00000169e7376700]
Event: 1.204 Thread 0x00000169fb58f820 1183       1       org.springframework.util.ConcurrentReferenceHashMap$Entry::getValue (5 bytes)
Event: 1.204 Thread 0x00000169fb58f820 nmethod 1183 0x00000169eeca9b90 code [0x00000169eeca9d20, 0x00000169eeca9de8]
Event: 1.204 Thread 0x00000169fb58f820 1182       1       org.springframework.util.ConcurrentReferenceHashMap$Entry::getKey (5 bytes)
Event: 1.204 Thread 0x00000169fb58f820 nmethod 1182 0x00000169eeca9e90 code [0x00000169eecaa020, 0x00000169eecaa0e8]
Event: 1.204 Thread 0x00000169fb58f820 1185       3       java.lang.invoke.VarHandleGuards::guard_LLL_Z (86 bytes)
Event: 1.206 Thread 0x00000169fb58f820 nmethod 1185 0x00000169e7376810 code [0x00000169e7376b40, 0x00000169e7378510]

GC Heap History (2 events):
Event: 0.827 GC heap before
{Heap before GC invocations=0 (full 0):
 garbage-first heap   total reserved 2072576K, committed 131072K, used 14336K [0x0000000081800000, 0x0000000100000000)
  region size 1024K, 14 young (14336K), 0 survivors (0K)
 Metaspace       used 3538K, committed 3712K, reserved 1114112K
  class space    used 375K, committed 448K, reserved 1048576K
}
Event: 0.833 GC heap after
{Heap after GC invocations=1 (full 0):
 garbage-first heap   total reserved 2072576K, committed 131072K, used 6965K [0x0000000081800000, 0x0000000100000000)
  region size 1024K, 2 young (2048K), 2 survivors (2048K)
 Metaspace       used 3538K, committed 3712K, reserved 1114112K
  class space    used 375K, committed 448K, reserved 1048576K
}

Dll operation events (6 events):
Event: 0.011 Loaded shared library C:\Program Files\Java\jdk-22\bin\java.dll
Event: 0.060 Loaded shared library C:\Program Files\Java\jdk-22\bin\jsvml.dll
Event: 0.199 Loaded shared library C:\Program Files\Java\jdk-22\bin\net.dll
Event: 0.202 Loaded shared library C:\Program Files\Java\jdk-22\bin\nio.dll
Event: 0.208 Loaded shared library C:\Program Files\Java\jdk-22\bin\zip.dll
Event: 0.454 Loaded shared library C:\Program Files\Java\jdk-22\bin\jimage.dll

Deoptimization events (20 events):
Event: 0.537 Thread 0x00000169dd49f760 DEOPT PACKING pc=0x00000169eec5f6dc sp=0x00000043157fcce0
Event: 0.537 Thread 0x00000169dd49f760 DEOPT UNPACKING pc=0x00000169ee6f46a2 sp=0x00000043157fcc60 mode 2
Event: 0.624 Thread 0x00000169dd49f760 DEOPT PACKING pc=0x00000169e71bc425 sp=0x00000043157fd190
Event: 0.624 Thread 0x00000169dd49f760 DEOPT UNPACKING pc=0x00000169ee6f4e42 sp=0x00000043157fc5e0 mode 0
Event: 0.708 Thread 0x00000169dd49f760 Uncommon trap: trap_request=0xffffff45 fr.pc=0x00000169eec60510 relative=0x0000000000000730
Event: 0.708 Thread 0x00000169dd49f760 Uncommon trap: reason=unstable_if action=reinterpret pc=0x00000169eec60510 method=java.util.jar.Manifest$FastInputStream.readLine([BII)I @ 130 c2
Event: 0.708 Thread 0x00000169dd49f760 DEOPT PACKING pc=0x00000169eec60510 sp=0x00000043157fdee0
Event: 0.708 Thread 0x00000169dd49f760 DEOPT UNPACKING pc=0x00000169ee6f46a2 sp=0x00000043157fde70 mode 2
Event: 0.833 Thread 0x00000169fb572eb0 Uncommon trap: trap_request=0xffffff45 fr.pc=0x00000169eec66dc0 relative=0x0000000000000040
Event: 0.833 Thread 0x00000169fb572eb0 Uncommon trap: reason=unstable_if action=reinterpret pc=0x00000169eec66dc0 method=java.util.concurrent.locks.AbstractQueuedSynchronizer.signalNext(Ljava/util/concurrent/locks/AbstractQueuedSynchronizer$Node;)V @ 1 c2
Event: 0.833 Thread 0x00000169fb572eb0 DEOPT PACKING pc=0x00000169eec66dc0 sp=0x0000004315ffefe0
Event: 0.833 Thread 0x00000169fb572eb0 DEOPT UNPACKING pc=0x00000169ee6f46a2 sp=0x0000004315ffef70 mode 2
Event: 0.833 Thread 0x00000169fb572eb0 Uncommon trap: trap_request=0xffffff45 fr.pc=0x00000169eec66b10 relative=0x0000000000000170
Event: 0.833 Thread 0x00000169fb572eb0 Uncommon trap: reason=unstable_if action=reinterpret pc=0x00000169eec66b10 method=java.util.concurrent.locks.ReentrantLock$NonfairSync.initialTryLock()Z @ 10 c2
Event: 0.833 Thread 0x00000169fb572eb0 DEOPT PACKING pc=0x00000169eec66b10 sp=0x0000004315ffefc0
Event: 0.834 Thread 0x00000169fb572eb0 DEOPT UNPACKING pc=0x00000169ee6f46a2 sp=0x0000004315ffef68 mode 2
Event: 0.849 Thread 0x00000169dd49f760 DEOPT PACKING pc=0x00000169e719c9c3 sp=0x00000043157fd1c0
Event: 0.849 Thread 0x00000169dd49f760 DEOPT UNPACKING pc=0x00000169ee6f4e42 sp=0x00000043157fc638 mode 0
Event: 1.092 Thread 0x00000169dd49f760 DEOPT PACKING pc=0x00000169e71e859d sp=0x00000043157fe1a0
Event: 1.092 Thread 0x00000169dd49f760 DEOPT UNPACKING pc=0x00000169ee6f4e42 sp=0x00000043157fd6a8 mode 0

Classes loaded (20 events):
Event: 1.160 Loading class java/util/ConcurrentModificationException
Event: 1.160 Loading class java/util/ConcurrentModificationException done
Event: 1.161 Loading class java/util/concurrent/ConcurrentHashMap$KeySpliterator
Event: 1.161 Loading class java/util/concurrent/ConcurrentHashMap$KeySpliterator done
Event: 1.170 Loading class java/lang/ProcessEnvironment$CheckedKeySet
Event: 1.170 Loading class java/lang/ProcessEnvironment$CheckedKeySet done
Event: 1.171 Loading class java/util/stream/MatchOps$MatchKind
Event: 1.171 Loading class java/util/stream/MatchOps$MatchKind done
Event: 1.172 Loading class java/util/stream/MatchOps
Event: 1.172 Loading class java/util/stream/MatchOps done
Event: 1.172 Loading class java/util/stream/MatchOps$MatchOp
Event: 1.172 Loading class java/util/stream/MatchOps$MatchOp done
Event: 1.172 Loading class java/util/stream/MatchOps$BooleanTerminalSink
Event: 1.172 Loading class java/util/stream/MatchOps$BooleanTerminalSink done
Event: 1.173 Loading class java/util/stream/MatchOps$2MatchSink
Event: 1.173 Loading class java/util/stream/MatchOps$2MatchSink done
Event: 1.194 Loading class java/beans/PropertyEditorSupport
Event: 1.195 Loading class java/beans/PropertyEditor
Event: 1.195 Loading class java/beans/PropertyEditor done
Event: 1.195 Loading class java/beans/PropertyEditorSupport done

Classes unloaded (0 events):
No events

Classes redefined (0 events):
No events

Internal exceptions (17 events):
Event: 0.544 Thread 0x00000169dd49f760 Exception <a 'java/lang/ClassNotFoundException'{0x0000000088e135b8}: javax/smartcardio/CardPermission> (0x0000000088e135b8) 
thrown [s\open\src\hotspot\share\classfile\systemDictionary.cpp, line 313]
Event: 0.550 Thread 0x00000169dd49f760 Exception <a 'java/io/FileNotFoundException'{0x0000000088e21b58}> (0x0000000088e21b58) 
thrown [s\open\src\hotspot\share\prims\jni.cpp, line 520]
Event: 0.594 Thread 0x00000169dd49f760 Exception <a 'java/lang/NoSuchMethodError'{0x0000000088eb70e0}: 'java.lang.Object java.lang.invoke.DirectMethodHandle$Holder.invokeSpecial(java.lang.Object, java.lang.Object, java.lang.Object, long, java.lang.Object)'> (0x0000000088eb70e0) 
thrown [s\open\src\hotspot\share\interpreter\linkResolver.cpp, line 774]
Event: 0.595 Thread 0x00000169dd49f760 Exception <a 'java/lang/NoSuchMethodError'{0x0000000088ebaa40}: 'java.lang.Object java.lang.invoke.Invokers$Holder.linkToTargetMethod(java.lang.Object, long, java.lang.Object, java.lang.Object)'> (0x0000000088ebaa40) 
thrown [s\open\src\hotspot\share\interpreter\linkResolver.cpp, line 774]
Event: 0.717 Thread 0x00000169dd49f760 Exception <a 'java/lang/NoSuchMethodError'{0x0000000088cd39b0}: 'void java.lang.invoke.DirectMethodHandle$Holder.invokeStatic(java.lang.Object, java.lang.Object, java.lang.Object, java.lang.Object)'> (0x0000000088cd39b0) 
thrown [s\open\src\hotspot\share\interpreter\linkResolver.cpp, line 774]
Event: 0.770 Thread 0x00000169dd49f760 Exception <a 'java/lang/NoSuchMethodError'{0x0000000088be65c0}: 'int java.lang.invoke.DirectMethodHandle$Holder.invokeStaticInit(java.lang.Object, java.lang.Object)'> (0x0000000088be65c0) 
thrown [s\open\src\hotspot\share\interpreter\linkResolver.cpp, line 774]
Event: 0.782 Thread 0x00000169dd49f760 Exception <a 'java/lang/NoSuchMethodError'{0x0000000088a23220}: 'void java.lang.invoke.DirectMethodHandle$Holder.invokeInterface(java.lang.Object, java.lang.Object, java.lang.Object, java.lang.Object)'> (0x0000000088a23220) 
thrown [s\open\src\hotspot\share\interpreter\linkResolver.cpp, line 774]
Event: 0.876 Thread 0x00000169dd49f760 Exception <a 'java/lang/NoSuchMethodError'{0x00000000896336e0}: 'java.lang.Object java.lang.invoke.DirectMethodHandle$Holder.invokeInterface(java.lang.Object, java.lang.Object)'> (0x00000000896336e0) 
thrown [s\open\src\hotspot\share\interpreter\linkResolver.cpp, line 774]
Event: 0.884 Thread 0x00000169dd49f760 Exception <a 'java/lang/NoSuchMethodError'{0x00000000896664f8}: 'void java.lang.invoke.DirectMethodHandle$Holder.invokeStatic(java.lang.Object, java.lang.Object, java.lang.Object)'> (0x00000000896664f8) 
thrown [s\open\src\hotspot\share\interpreter\linkResolver.cpp, line 774]
Event: 0.887 Thread 0x00000169dd49f760 Exception <a 'java/lang/NoSuchMethodError'{0x000000008967adc0}: 'java.lang.Object java.lang.invoke.DirectMethodHandle$Holder.invokeSpecialIFC(java.lang.Object, java.lang.Object, java.lang.Object, java.lang.Object)'> (0x000000008967adc0) 
thrown [s\open\src\hotspot\share\interpreter\linkResolver.cpp, line 774]
Event: 0.891 Thread 0x00000169dd49f760 Exception <a 'java/lang/NoSuchMethodError'{0x0000000089694e40}: 'java.lang.Object java.lang.invoke.DirectMethodHandle$Holder.invokeInterface(java.lang.Object, java.lang.Object, java.lang.Object)'> (0x0000000089694e40) 
thrown [s\open\src\hotspot\share\interpreter\linkResolver.cpp, line 774]
Event: 0.923 Thread 0x00000169dd49f760 Exception <a 'java/lang/NoSuchMethodError'{0x000000008957a828}: 'int java.lang.invoke.DirectMethodHandle$Holder.invokeStaticInit(java.lang.Object, java.lang.Object, java.lang.Object)'> (0x000000008957a828) 
thrown [s\open\src\hotspot\share\interpreter\linkResolver.cpp, line 774]
Event: 0.939 Thread 0x00000169dd49f760 Exception <a 'java/lang/NoSuchMethodError'{0x00000000895d2da8}: 'java.lang.Object java.lang.invoke.DirectMethodHandle$Holder.newInvokeSpecial(java.lang.Object, java.lang.Object, java.lang.Object, java.lang.Object, java.lang.Object)'> (0x00000000895d2da8) 
thrown [s\open\src\hotspot\share\interpreter\linkResolver.cpp, line 774]
Event: 0.951 Thread 0x00000169dd49f760 Exception <a 'java/lang/NoSuchMethodError'{0x00000000894233c8}: 'java.lang.Object java.lang.invoke.DirectMethodHandle$Holder.invokeStaticInit(java.lang.Object, java.lang.Object, java.lang.Object)'> (0x00000000894233c8) 
thrown [s\open\src\hotspot\share\interpreter\linkResolver.cpp, line 774]
Event: 0.982 Thread 0x00000169dd49f760 Exception <a 'java/lang/IncompatibleClassChangeError'{0x00000000894a67e0}: Found class java.lang.Object, but interface was expected> (0x00000000894a67e0) 
thrown [s\open\src\hotspot\share\interpreter\linkResolver.cpp, line 841]
Event: 1.006 Thread 0x00000169dd49f760 Exception <a 'sun/nio/fs/WindowsException'{0x000000008931b310}> (0x000000008931b310) 
thrown [s\open\src\hotspot\share\prims\jni.cpp, line 520]
Event: 1.154 Thread 0x00000169dd49f760 Exception <a 'java/lang/NoSuchMethodError'{0x0000000089009838}: 'int java.lang.invoke.DirectMethodHandle$Holder.invokeSpecial(java.lang.Object, java.lang.Object, java.lang.Object)'> (0x0000000089009838) 
thrown [s\open\src\hotspot\share\interpreter\linkResolver.cpp, line 774]

ZGC Phase Switch (0 events):
No events

VM Operations (12 events):
Event: 0.246 Executing VM operation: HandshakeAllThreads (Deoptimize)
Event: 0.246 Executing VM operation: HandshakeAllThreads (Deoptimize) done
Event: 0.471 Executing VM operation: HandshakeAllThreads (Deoptimize)
Event: 0.471 Executing VM operation: HandshakeAllThreads (Deoptimize) done
Event: 0.827 Executing VM operation: G1CollectForAllocation (G1 Evacuation Pause)
Event: 0.833 Executing VM operation: G1CollectForAllocation (G1 Evacuation Pause) done
Event: 0.870 Executing VM operation: HandshakeAllThreads (Deoptimize)
Event: 0.870 Executing VM operation: HandshakeAllThreads (Deoptimize) done
Event: 0.870 Executing VM operation: HandshakeAllThreads (Deoptimize)
Event: 0.870 Executing VM operation: HandshakeAllThreads (Deoptimize) done
Event: 1.009 Executing VM operation: HandshakeAllThreads (Deoptimize)
Event: 1.009 Executing VM operation: HandshakeAllThreads (Deoptimize) done

Events (13 events):
Event: 0.033 Thread 0x00000169dd49f760 Thread added: 0x00000169dd49f760
Event: 0.057 Thread 0x00000169fb572eb0 Thread added: 0x00000169fb572eb0
Event: 0.057 Thread 0x00000169fb573dd0 Thread added: 0x00000169fb573dd0
Event: 0.057 Thread 0x00000169fb57c3e0 Thread added: 0x00000169fb57c3e0
Event: 0.058 Thread 0x00000169fb57ee50 Thread added: 0x00000169fb57ee50
Event: 0.058 Thread 0x00000169fb57fb30 Thread added: 0x00000169fb57fb30
Event: 0.058 Thread 0x00000169fb580590 Thread added: 0x00000169fb580590
Event: 0.058 Thread 0x00000169fb581320 Thread added: 0x00000169fb581320
Event: 0.058 Thread 0x00000169fb58f820 Thread added: 0x00000169fb58f820
Event: 0.164 Thread 0x00000169c5213cc0 Thread added: 0x00000169c5213cc0
Event: 0.168 Thread 0x00000169c51e7760 Thread added: 0x00000169c51e7760
Event: 0.231 Thread 0x00000169c534bb10 Thread added: 0x00000169c534bb10
Event: 0.834 Thread 0x00000169c534bb10 Thread exited: 0x00000169c534bb10


Dynamic libraries:
0x00007ff7cdf80000 - 0x00007ff7cdf90000 	C:\Program Files\Java\jdk-22\bin\java.exe
0x00007ffb69350000 - 0x00007ffb69548000 	C:\Windows\SYSTEM32\ntdll.dll
0x00007ffb68af0000 - 0x00007ffb68bad000 	C:\Windows\System32\KERNEL32.DLL
0x00007ffb66cc0000 - 0x00007ffb66fb6000 	C:\Windows\System32\KERNELBASE.dll
0x00007ffb66b50000 - 0x00007ffb66c50000 	C:\Windows\System32\ucrtbase.dll
0x00007ffb1b480000 - 0x00007ffb1b497000 	C:\Program Files\Java\jdk-22\bin\jli.dll
0x00007ffb5d140000 - 0x00007ffb5d15b000 	C:\Program Files\Java\jdk-22\bin\VCRUNTIME140.dll
0x00007ffb677b0000 - 0x00007ffb6785f000 	C:\Windows\System32\ADVAPI32.dll
0x00007ffb69270000 - 0x00007ffb6930e000 	C:\Windows\System32\msvcrt.dll
0x00007ffb67ef0000 - 0x00007ffb67f8c000 	C:\Windows\System32\sechost.dll
0x00007ffb68f20000 - 0x00007ffb69046000 	C:\Windows\System32\RPCRT4.dll
0x00007ffb68bb0000 - 0x00007ffb68d4e000 	C:\Windows\System32\USER32.dll
0x00007ffb672f0000 - 0x00007ffb67312000 	C:\Windows\System32\win32u.dll
0x00007ffb67860000 - 0x00007ffb6788c000 	C:\Windows\System32\GDI32.dll
0x00007ffb66a30000 - 0x00007ffb66b4a000 	C:\Windows\System32\gdi32full.dll
0x00007ffb67200000 - 0x00007ffb6729d000 	C:\Windows\System32\msvcp_win.dll
0x00007ffb4a700000 - 0x00007ffb4a99a000 	C:\Windows\WinSxS\amd64_microsoft.windows.common-controls_6595b64144ccf1df_6.0.19041.3636_none_60b6a03d71f818d5\COMCTL32.dll
0x00007ffb5a480000 - 0x00007ffb5a48a000 	C:\Windows\SYSTEM32\VERSION.dll
0x00007ffb67780000 - 0x00007ffb677b0000 	C:\Windows\System32\IMM32.DLL
0x00007ffb5ef10000 - 0x00007ffb5ef1c000 	C:\Program Files\Java\jdk-22\bin\vcruntime140_1.dll
0x00007ffb2f150000 - 0x00007ffb2f1de000 	C:\Program Files\Java\jdk-22\bin\msvcp140.dll
0x00007ffb108c0000 - 0x00007ffb11607000 	C:\Program Files\Java\jdk-22\bin\server\jvm.dll
0x00007ffb69130000 - 0x00007ffb6919b000 	C:\Windows\System32\WS2_32.dll
0x00007ffb65f90000 - 0x00007ffb65fdb000 	C:\Windows\SYSTEM32\POWRPROF.dll
0x00007ffb40b80000 - 0x00007ffb40ba7000 	C:\Windows\SYSTEM32\WINMM.dll
0x00007ffb65e50000 - 0x00007ffb65e62000 	C:\Windows\SYSTEM32\UMPDC.dll
0x00007ffb652b0000 - 0x00007ffb652c2000 	C:\Windows\SYSTEM32\kernel.appcore.dll
0x00007ffb5ec00000 - 0x00007ffb5ec0a000 	C:\Program Files\Java\jdk-22\bin\jimage.dll
0x00007ffb60b30000 - 0x00007ffb60d14000 	C:\Windows\SYSTEM32\DBGHELP.DLL
0x00007ffb44e50000 - 0x00007ffb44e84000 	C:\Windows\SYSTEM32\dbgcore.DLL
0x00007ffb67320000 - 0x00007ffb673a2000 	C:\Windows\System32\bcryptPrimitives.dll
0x00007ffb5cfb0000 - 0x00007ffb5cfce000 	C:\Program Files\Java\jdk-22\bin\java.dll
0x00007ffb67f90000 - 0x00007ffb686d5000 	C:\Windows\System32\SHELL32.dll
0x00007ffb67930000 - 0x00007ffb67a5b000 	C:\Windows\System32\ole32.dll
0x00007ffb68790000 - 0x00007ffb68ae4000 	C:\Windows\System32\combase.dll
0x00007ffb64540000 - 0x00007ffb64cdb000 	C:\Windows\SYSTEM32\windows.storage.dll
0x00007ffb66470000 - 0x00007ffb6649d000 	C:\Windows\SYSTEM32\Wldp.dll
0x00007ffb68d50000 - 0x00007ffb68dfd000 	C:\Windows\System32\SHCORE.dll
0x00007ffb675e0000 - 0x00007ffb67635000 	C:\Windows\System32\shlwapi.dll
0x00007ffb66960000 - 0x00007ffb66985000 	C:\Windows\SYSTEM32\profapi.dll
0x00007ffb2f1e0000 - 0x00007ffb2f2b7000 	C:\Program Files\Java\jdk-22\bin\jsvml.dll
0x00007ffb5ebc0000 - 0x00007ffb5ebd0000 	C:\Program Files\Java\jdk-22\bin\net.dll
0x00007ffb661d0000 - 0x00007ffb6623a000 	C:\Windows\system32\mswsock.dll
0x00007ffb5cf90000 - 0x00007ffb5cfa6000 	C:\Program Files\Java\jdk-22\bin\nio.dll
0x00007ffb5cf70000 - 0x00007ffb5cf87000 	C:\Program Files\Java\jdk-22\bin\zip.dll

dbghelp: loaded successfully - version: 4.0.5 - missing functions: none
symbol engine: initialized successfully - sym options: 0x614 - pdb path: .;C:\Program Files\Java\jdk-22\bin;C:\Windows\SYSTEM32;C:\Windows\WinSxS\amd64_microsoft.windows.common-controls_6595b64144ccf1df_6.0.19041.3636_none_60b6a03d71f818d5;C:\Program Files\Java\jdk-22\bin\server

VM Arguments:
java_command: com.example.finanalyzr.FinanalyzrApplication
java_class_path (initial): F:\NetBeans\Spring Boot\Financial Analytics Application\target\classes;C:\Users\Mohamed Diab\.m2\repository\org\springframework\boot\spring-boot-starter-data-jpa\3.3.1\spring-boot-starter-data-jpa-3.3.1.jar;C:\Users\Mohamed Diab\.m2\repository\org\springframework\boot\spring-boot-starter-aop\3.3.1\spring-boot-starter-aop-3.3.1.jar;C:\Users\Mohamed Diab\.m2\repository\org\springframework\spring-aop\6.1.10\spring-aop-6.1.10.jar;C:\Users\Mohamed Diab\.m2\repository\org\aspectj\aspectjweaver\1.9.22\aspectjweaver-1.9.22.jar;C:\Users\Mohamed Diab\.m2\repository\org\springframework\boot\spring-boot-starter-jdbc\3.3.1\spring-boot-starter-jdbc-3.3.1.jar;C:\Users\Mohamed Diab\.m2\repository\com\zaxxer\HikariCP\5.1.0\HikariCP-5.1.0.jar;C:\Users\Mohamed Diab\.m2\repository\org\springframework\spring-jdbc\6.1.10\spring-jdbc-6.1.10.jar;C:\Users\Mohamed Diab\.m2\repository\org\hibernate\orm\hibernate-core\6.5.2.Final\hibernate-core-6.5.2.Final.jar;C:\Users\Mohamed Diab\.m2\repository\jakarta\persistence\jakarta.persistence-api\3.1.0\jakarta.persistence-api-3.1.0.jar;C:\Users\Mohamed Diab\.m2\repository\jakarta\transaction\jakarta.transaction-api\2.0.1\jakarta.transaction-api-2.0.1.jar;C:\Users\Mohamed Diab\.m2\repository\org\jboss\logging\jboss-logging\3.5.3.Final\jboss-logging-3.5.3.Final.jar;C:\Users\Mohamed Diab\.m2\repository\org\hibernate\common\hibernate-commons-annotations\6.0.6.Final\hibernate-commons-annotations-6.0.6.Final.jar;C:\Users\Mohamed Diab\.m2\repository\io\smallrye\jandex\3.1.2\jandex-3.1.2.jar;C:\Users\Mohamed Diab\.m2\repository\com\fasterxml\classmate\1.7.0\classmate-1.7.0.jar;C:\Users\Mohamed Diab\.m2\repository\net\bytebuddy\byte-buddy\1.14.17\byte-buddy-1.14.17.jar;C:\Users\Mohamed Diab\.m2\repository\org\glassfish\jaxb\jaxb-runtime\4.0.5\jaxb-runtime-4.0.5.jar;C:\Users\Mohamed Diab\.m2\repository\org\glassfish\jaxb\jaxb-core\4.0.5\jaxb-core-4.0.5.jar;C:\Users\Mohamed Diab\.m2\repository\org\glassfish\jaxb\txw2\4.0.5\txw2-4.0.5.jar;C:\Users\Mohamed Diab\.m2\repository\com\sun\istack\istack-commons-runtime\4.1.2\istack-commons-runtime-4.1.2.jar;C:\Users\Mohamed Diab\.m2\repository\jakarta\inject\jakarta.inject-api\2.0.1\jakarta.inject-api-2.0.1.jar;C:\Users\Mohamed Diab\.m2\repository\org\antlr\antlr4-runtime\4.13.0\antlr4-runtime-4.13.0.jar;C:\Users\Mohamed Diab\.m2\repository\org\springframework\data\spring-data-jpa\3.3.1\spring-data-jpa-3.3.1.jar;C:\Users\Mohamed Diab\.m2\repository\org\springframework\data\spring-data-commons\3.3.1\spring-data-commons-3.3.1.jar;C:\Users\Mohamed Diab\.m2\repository\org\springframework\spring-orm\6.1.10\spring-orm-6.1.10.jar;C:\Users\Mohamed Diab\.m2\repository\org\springframework\spring-context\6.1.10\spring-context-6.1.10.jar;C:\Users\Mohamed Diab\.m2\repository\org\springframework\spring-tx\6.1.10\spring-tx-6.1.10.jar;C:\Users\Mohamed Diab\.m2\repository\org\springframework\spring-beans\6.1.10\spring-beans-6.1.10.jar;C:\Users\Mohamed Diab\.m2\repository\jakarta\annotation\jakarta.annotation-api\2.1.1\jakarta.annotation-api-2.1.1.jar;C:\Users\Mohamed Diab\.m2\repository\org\slf4j\slf4j-api\2.0.13\slf4j-api-2.0.13.jar;C:\Users\Mohamed Diab\.m2\repository\org\springframework\spring-aspects\6.1.10\spring-aspects-6.1.10.jar;C:\Users\Mohamed Diab\.m2\repository\org\springframework\boot\spring-boot-starter-web\3.3.1\spring-boot-starter-web-3.3.1.jar;C:\Users\Mohamed Diab\.m2\repository\org\springframework\boot\spring-boot-starter\3.3.1\spring-boot-starter-3.3.1.jar;C:\Users\Mohamed Diab\.m2\repository\org\springframework\boot\spring-boot\3.3.1\spring-boot-3.3.1.jar;C:\Users\Mohamed Diab\.m2\repository\org\springframework\boot\spring-boot-autoconfigure\3.3.1\spring-boot-autoconfigure-3.3.1.jar;C:\Users\Mohamed Diab\.m2\repository\org\yaml\snakeyaml\2.2\snakeyaml-2.2.jar;C:\Users\Mohamed Diab\.m2\repository\org\springframework\boot\spring-boot-starter-json\3.3.1\spring-boot-starter-json-3.3.1.jar;C:\Users\Mohamed Diab\.m2\repository\com\fasterxml\jackson\core\jackson-databind\2.17.1\jackson-databind-2.17.1.jar;C:\Users\Mohamed Diab\.m2\repository\com\fasterxml\jackson\core\jackson-annotations\2.17.1\jackson-annotations-2.17.1.jar;C:\Users\Mohamed Diab\.m2\repository\com\fasterxml\jackson\core\jackson-core\2.17.1\jackson-core-2.17.1.jar;C:\Users\Mohamed Diab\.m2\repository\com\fasterxml\jackson\datatype\jackson-datatype-jdk8\2.17.1\jackson-datatype-jdk8-2.17.1.jar;C:\Users\Mohamed Diab\.m2\repository\com\fasterxml\jackson\datatype\jackson-datatype-jsr310\2.17.1\jackson-datatype-jsr310-2.17.1.jar;C:\Users\Mohamed Diab\.m2\repository\com\fasterxml\jackson\module\jackson-module-parameter-names\2.17.1\jackson-module-parameter-names-2.17.1.jar;C:\Users\Mohamed Diab\.m2\repository\org\springframework\boot\spring-boot-starter-tomcat\3.3.1\spring-boot-starter-tomcat-3.3.1.jar;C:\Users\Mohamed Diab\.m2\repository\org\apache\tomcat\embed\tomcat-embed-core\10.1.25\tomcat-embed-core-10.1.25.jar;C:\Users\Mohamed Diab\.m2\repository\org\apache\tomcat\embed\tomcat-embed-el\10.1.25\tomcat-embed-el-10.1.25.jar;C:\Users\Mohamed Diab\.m2\repository\org\apache\tomcat\embed\tomcat-embed-websocket\10.1.25\tomcat-embed-websocket-10.1.25.jar;C:\Users\Mohamed Diab\.m2\repository\org\springframework\spring-web\6.1.10\spring-web-6.1.10.jar;C:\Users\Mohamed Diab\.m2\repository\io\micrometer\micrometer-observation\1.13.1\micrometer-observation-1.13.1.jar;C:\Users\Mohamed Diab\.m2\repository\io\micrometer\micrometer-commons\1.13.1\micrometer-commons-1.13.1.jar;C:\Users\Mohamed Diab\.m2\repository\org\springframework\spring-webmvc\6.1.10\spring-webmvc-6.1.10.jar;C:\Users\Mohamed Diab\.m2\repository\org\springframework\spring-expression\6.1.10\spring-expression-6.1.10.jar;C:\Users\Mohamed Diab\.m2\repository\org\springframework\boot\spring-boot-starter-web-services\3.3.1\spring-boot-starter-web-services-3.3.1.jar;C:\Users\Mohamed Diab\.m2\repository\com\sun\xml\messaging\saaj\saaj-impl\3.0.4\saaj-impl-3.0.4.jar;C:\Users\Mohamed Diab\.m2\repository\jakarta\xml\soap\jakarta.xml.soap-api\3.0.2\jakarta.xml.soap-api-3.0.2.jar;C:\Users\Mohamed Diab\.m2\repository\org\jvnet\staxex\stax-ex\2.1.0\stax-ex-2.1.0.jar;C:\Users\Mohamed Diab\.m2\repository\jakarta\activation\jakarta.activation-api\2.1.3\jakarta.activation-api-2.1.3.jar;C:\Users\Mohamed Diab\.m2\repository\org\eclipse\angus\angus-activation\2.0.2\angus-activation-2.0.2.jar;C:\Users\Mohamed Diab\.m2\repository\jakarta\xml\ws\jakarta.xml.ws-api\4.0.2\jakarta.xml.ws-api-4.0.2.jar;C:\Users\Mohamed Diab\.m2\repository\org\springframework\spring-oxm\6.1.10\spring-oxm-6.1.10.jar;C:\Users\Mohamed Diab\.m2\repository\org\springframework\ws\spring-ws-core\4.0.11\spring-ws-core-4.0.11.jar;C:\Users\Mohamed Diab\.m2\repository\org\springframework\ws\spring-xml\4.0.11\spring-xml-4.0.11.jar;C:\Users\Mohamed Diab\.m2\repository\org\postgresql\postgresql\42.7.3\postgresql-42.7.3.jar;C:\Users\Mohamed Diab\.m2\repository\org\checkerframework\checker-qual\3.42.0\checker-qual-3.42.0.jar;C:\Users\Mohamed Diab\.m2\repository\jakarta\xml\bind\jakarta.xml.bind-api\4.0.2\jakarta.xml.bind-api-4.0.2.jar;C:\Users\Mohamed Diab\.m2\repository\org\springframework\spring-core\6.1.10\spring-core-6.1.10.jar;C:\Users\Mohamed Diab\.m2\repository\org\springframework\spring-jcl\6.1.10\spring-jcl-6.1.10.jar;C:\Users\Mohamed Diab\.m2\repository\cn\wjee\boot\wjee-spring-boot-starter\2.7.18.1\wjee-spring-boot-starter-2.7.18.1.jar;C:\Users\Mohamed Diab\.m2\repository\cn\wjee\boot\wjee-commons\2.7.18.1\wjee-commons-2.7.18.1.jar;C:\Users\Mohamed Diab\.m2\repository\org\springframework\boot\spring-boot-starter-validation\3.3.1\spring-boot-starter-validation-3.3.1.jar;C:\Users\Mohamed Diab\.m2\repository\org\hibernate\validator\hibernate-validator\8.0.1.Final\hibernate-validator-8.0.1.Final.jar;C:\Users\Mohamed Diab\.m2\repository\jakarta\validation\jakarta.validation-api\3.0.2\jakarta.validation-api-3.0.2.jar;C:\Users\Mohamed Diab\.m2\repository\org\springframework\boot\spring-boot-starter-logging\3.3.1\spring-boot-starter-logging-3.3.1.jar;C:\Users\Mohamed Diab\.m2\repository\ch\qos\logback\logback-classic\1.5.6\logback-classic-1.5.6.jar;C:\Users\Mohamed Diab\.m2\repository\ch\qos\logback\logback-core\1.5.6\logback-core-1.5.6.jar;C:\Users\Mohamed Diab\.m2\repository\org\apache\logging\log4j\log4j-to-slf4j\2.23.1\log4j-to-slf4j-2.23.1.jar;C:\Users\Mohamed Diab\.m2\repository\org\apache\logging\log4j\log4j-api\2.23.1\log4j-api-2.23.1.jar;C:\Users\Mohamed Diab\.m2\repository\org\slf4j\jul-to-slf4j\2.0.13\jul-to-slf4j-2.0.13.jar;C:\Users\Mohamed Diab\.m2\repository\org\projectlombok\lombok\1.18.32\lombok-1.18.32.jar;C:\Users\Mohamed Diab\.m2\repository\org\apache\commons\commons-lang3\3.14.0\commons-lang3-3.14.0.jar;C:\Users\Mohamed Diab\.m2\repository\commons-beanutils\commons-beanutils\1.9.4\commons-beanutils-1.9.4.jar;C:\Users\Mohamed Diab\.m2\repository\commons-logging\commons-logging\1.2\commons-logging-1.2.jar;C:\Users\Mohamed Diab\.m2\repository\commons-collections\commons-collections\3.2.2\commons-collections-3.2.2.jar;C:\Users\Mohamed Diab\.m2\repository\com\google\guava\guava\33.0.0-jre\guava-33.0.0-jre.jar;C:\Users\Mohamed Diab\.m2\repository\com\google\guava\failureaccess\1.0.2\failureaccess-1.0.2.jar;C:\Users\Mohamed Diab\.m2\repository\com\google\guava\listenablefuture\9999.0-empty-to-avoid-conflict-with-guava\listenablefuture-9999.0-empty-to-avoid-conflict-with-guava.jar;C:\Users\Mohamed Diab\.m2\repository\com\google\code\findbugs\jsr305\3.0.2\jsr305-3.0.2.jar;C:\Users\Mohamed Diab\.m2\repository\com\google\errorprone\error_prone_annotations\2.23.0\error_prone_annotations-2.23.0.jar;C:\Users\Mohamed Diab\.m2\repository\com\google\j2objc\j2objc-annotations\2.8\j2objc-annotations-2.8.jar
Launcher Type: SUN_STANDARD

[Global flags]
     intx CICompilerCount                          = 3                                         {product} {ergonomic}
     uint ConcGCThreads                            = 1                                         {product} {ergonomic}
     uint G1ConcRefinementThreads                  = 4                                         {product} {ergonomic}
   size_t G1HeapRegionSize                         = 1048576                                   {product} {ergonomic}
   size_t InitialHeapSize                          = 134217728                                 {product} {ergonomic}
   size_t MarkStackSize                            = 4194304                                   {product} {ergonomic}
   size_t MaxHeapSize                              = 2122317824                                {product} {ergonomic}
   size_t MaxNewSize                               = 1272971264                                {product} {ergonomic}
   size_t MinHeapDeltaBytes                        = 1048576                                   {product} {ergonomic}
   size_t MinHeapSize                              = 8388608                                   {product} {ergonomic}
    uintx NonNMethodCodeHeapSize                   = 5832780                                {pd product} {ergonomic}
    uintx NonProfiledCodeHeapSize                  = 122912730                              {pd product} {ergonomic}
    uintx ProfiledCodeHeapSize                     = 122912730                              {pd product} {ergonomic}
    uintx ReservedCodeCacheSize                    = 251658240                              {pd product} {ergonomic}
     bool SegmentedCodeCache                       = true                                      {product} {ergonomic}
   size_t SoftMaxHeapSize                          = 2122317824                             {manageable} {ergonomic}
     bool UseCompressedOops                        = true                           {product lp64_product} {ergonomic}
     bool UseG1GC                                  = true                                      {product} {ergonomic}
     bool UseLargePagesIndividualAllocation        = false                                  {pd product} {ergonomic}

Logging:
Log output configuration:
 #0: stdout all=warning uptime,level,tags foldmultilines=false
 #1: stderr all=off uptime,level,tags foldmultilines=false

Environment Variables:
JAVA_HOME=C:\Program Files\Java\jdk-22
PATH=F:\NetBeans\jenkins\\bin;C:\Program Files\Common Files\Oracle\Java\javapath;C:\Windows\system32;C:\Windows;C:\Windows\System32\Wbem;C:\Windows\System32\WindowsPowerShell\v1.0\;C:\Windows\System32\OpenSSH\;C:\Program Files\Java\jdk-22\bin;C:\Program Files\Git\cmd;F:\NetBeans\PostgreSQL\bin;C:\Program Files\nodejs\;C:\Users\Mohamed Diab\AppData\Local\Microsoft\WindowsApps\python.exe;C:\Users\Mohamed Diab\venv\Scripts\python.exe;C:\Users\Mohamed Diab\AppData\Local\Programs\Python\Launcher\;C:\Users\Mohamed Diab\AppData\Local\Microsoft\WindowsApps;C:\Program Files\JetBrains\PyCharm Community Edition 2022.1.1\bin;;F:\NetBeans\Visual studio Code\Microsoft VS Code\bin;C:\Users\Mohamed Diab\AppData\Roaming\npm;C:\Users\Mohamed Diab\AppData\Roaming\npm\node_modules\@angular\cli\node_modules
USERNAME=Mohamed Diab
OS=Windows_NT
PROCESSOR_IDENTIFIER=Intel64 Family 6 Model 78 Stepping 3, GenuineIntel
TMP=C:\Users\MOHAME~1\AppData\Local\Temp
TEMP=C:\Users\MOHAME~1\AppData\Local\Temp




Periodic native trim disabled

---------------  S Y S T E M  ---------------

OS:
 Windows 10 , 64 bit Build 19041 (10.0.19041.3636)
OS uptime: 0 days 22:40 hours

CPU: total 4 (initial active 4) (2 cores per cpu, 2 threads per core) family 6 model 78 stepping 3 microcode 0xcc, cx8, cmov, fxsr, ht, mmx, 3dnowpref, sse, sse2, sse3, ssse3, sse4.1, sse4.2, popcnt, lzcnt, tsc, tscinvbit, avx, avx2, aes, erms, clmul, bmi1, bmi2, adx, fma, vzeroupper, clflush, clflushopt, rdtscp, f16c
Processor Information for all 4 processors :
  Max Mhz: 2592, Current Mhz: 2492, Mhz Limit: 2488

Memory: 4k page, system-wide physical 8088M (514M free)
TotalPageFile size 10136M (AvailPageFile size 4M)
current process WorkingSet (physical memory assigned to process): 76M, peak: 76M
current process commit charge ("private bytes"): 219M, peak: 219M

vm_info: Java HotSpot(TM) 64-Bit Server VM (22.0.1+8-16) for windows-amd64 JRE (22.0.1+8-16), built on 2024-03-12T10:33:16Z by "mach5one" with MS VC++ 17.6 (VS2022)

END.
